[OK] _optimize._minimize_bfgs loaded — SSBroyden / SSBFGS variants available
Loaded Re40.vtk  cells=8234
Model: width=128, depth=6, params=83586
Loss weights: adaptive during Adam, frozen during BFGS
Cylinder no-slip: enforced hard through stream-function lifting
CFD-aware PDE residual: n_cfd_pde=12000, lambda_pde_cfd=2.0
============================================================
Phase 1 — Adam (4000 epochs)
Goal: match CFD while improving PDE and enforcing wall no-slip exactly
============================================================
[Adam] ep=   20  total=3.851e+00  PDE=2.602e-01 [colloc=2.588e-01, cfd=6.833e-04] (w=2.231)  IN=7.272e-01 (w=1.360)  TB=8.229e-01 (w=1.402)  WALL=8.614e-15 (w=0.200)  OUT=1.062e-02 (w=0.235)  DATA=2.937e-01 (w=3.830)
[Adam] ep=   40  total=1.193e+00  PDE=1.519e-01 [colloc=1.429e-01, cfd=4.522e-03] (w=1.717)  IN=1.725e-01 (w=1.427)  TB=2.963e-01 (w=1.682)  WALL=1.859e-15 (w=0.200)  OUT=2.054e-02 (w=0.255)  DATA=5.239e-02 (w=3.484)
[Adam] ep=   60  total=5.775e-01  PDE=1.275e-01 [colloc=1.210e-01, cfd=3.259e-03] (w=2.346)  IN=6.973e-02 (w=1.320)  TB=4.974e-02 (w=1.415)  WALL=3.067e-15 (w=0.200)  OUT=7.323e-03 (w=0.291)  DATA=3.342e-02 (w=3.407)
[Adam] ep=   80  total=4.771e-01  PDE=1.029e-01 [colloc=9.829e-02, cfd=2.328e-03] (w=2.780)  IN=5.985e-02 (w=1.275)  TB=3.515e-02 (w=1.103)  WALL=1.333e-15 (w=0.200)  OUT=1.512e-03 (w=0.243)  DATA=2.315e-02 (w=3.263)
[Adam] ep=  100  total=3.671e-01  PDE=6.243e-02 [colloc=5.901e-02, cfd=1.707e-03] (w=2.675)  IN=6.172e-02 (w=1.371)  TB=3.948e-02 (w=1.084)  WALL=7.809e-16 (w=0.200)  OUT=1.533e-03 (w=0.233)  DATA=2.144e-02 (w=3.375)
[Adam] ep=  120  total=2.894e-01  PDE=3.927e-02 [colloc=3.637e-02, cfd=1.453e-03] (w=2.606)  IN=5.677e-02 (w=1.398)  TB=3.588e-02 (w=1.127)  WALL=5.100e-16 (w=0.200)  OUT=1.353e-03 (w=0.219)  DATA=1.989e-02 (w=3.364)
[Adam] ep=  140  total=3.630e-01  PDE=6.960e-02 [colloc=6.640e-02, cfd=1.600e-03] (w=2.685)  IN=5.466e-02 (w=1.391)  TB=2.590e-02 (w=1.041)  WALL=9.855e-16 (w=0.200)  OUT=1.016e-03 (w=0.207)  DATA=2.130e-02 (w=3.421)
[Adam] ep=  160  total=2.797e-01  PDE=4.506e-02 [colloc=4.073e-02, cfd=2.163e-03] (w=2.629)  IN=4.941e-02 (w=1.421)  TB=2.632e-02 (w=1.028)  WALL=6.127e-16 (w=0.200)  OUT=1.417e-03 (w=0.218)  DATA=1.775e-02 (w=3.584)
[Adam] ep=  180  total=3.705e-01  PDE=8.549e-02 [colloc=8.048e-02, cfd=2.503e-03] (w=2.680)  IN=4.059e-02 (w=1.389)  TB=2.458e-02 (w=1.019)  WALL=1.519e-15 (w=0.200)  OUT=9.025e-04 (w=0.213)  DATA=1.678e-02 (w=3.565)
[Adam] ep=  200  total=5.885e-01  PDE=1.559e-01 [colloc=1.239e-01, cfd=1.603e-02] (w=2.750)  IN=3.266e-02 (w=1.327)  TB=2.413e-02 (w=0.961)  WALL=3.836e-15 (w=0.200)  OUT=1.579e-03 (w=0.208)  DATA=2.433e-02 (w=3.814)
[Adam] ep=  220  total=2.340e-01  PDE=3.594e-02 [colloc=2.807e-02, cfd=3.937e-03] (w=2.690)  IN=3.832e-02 (w=1.346)  TB=2.069e-02 (w=0.956)  WALL=4.960e-16 (w=0.200)  OUT=8.058e-04 (w=0.230)  DATA=1.641e-02 (w=4.006)
[Adam] ep=  240  total=2.861e-01  PDE=6.154e-02 [colloc=5.597e-02, cfd=2.784e-03] (w=2.635)  IN=3.232e-02 (w=1.390)  TB=2.142e-02 (w=1.001)  WALL=1.447e-15 (w=0.200)  OUT=7.191e-04 (w=0.225)  DATA=1.488e-02 (w=3.854)
[Adam] ep=  260  total=6.247e-01  PDE=1.662e-01 [colloc=1.603e-01, cfd=2.948e-03] (w=2.833)  IN=2.362e-02 (w=1.281)  TB=1.894e-02 (w=0.844)  WALL=4.671e-15 (w=0.200)  OUT=1.555e-03 (w=0.214)  DATA=2.638e-02 (w=4.072)
[Adam] ep=  280  total=3.410e-01  PDE=6.401e-02 [colloc=5.595e-02, cfd=4.028e-03] (w=2.562)  IN=3.774e-02 (w=1.345)  TB=2.679e-02 (w=1.044)  WALL=1.443e-15 (w=0.200)  OUT=7.900e-04 (w=0.277)  DATA=2.329e-02 (w=4.209)
[Adam] ep=  300  total=3.158e-01  PDE=6.703e-02 [colloc=4.119e-02, cfd=1.292e-02] (w=2.711)  IN=3.414e-02 (w=1.300)  TB=1.373e-02 (w=0.933)  WALL=1.705e-16 (w=0.200)  OUT=2.021e-03 (w=0.476)  DATA=1.952e-02 (w=3.893)
[Adam] ep=  320  total=2.446e-01  PDE=3.060e-02 [colloc=2.570e-02, cfd=2.447e-03] (w=2.807)  IN=4.152e-02 (w=1.272)  TB=9.126e-03 (w=0.735)  WALL=3.058e-16 (w=0.200)  OUT=2.146e-03 (w=0.602)  DATA=2.474e-02 (w=3.957)
[Adam] ep=  340  total=2.622e-01  PDE=3.528e-02 [colloc=3.141e-02, cfd=1.937e-03] (w=2.706)  IN=3.621e-02 (w=1.364)  TB=7.404e-03 (w=0.761)  WALL=1.924e-16 (w=0.200)  OUT=1.577e-03 (w=0.478)  DATA=2.672e-02 (w=4.152)
[Adam] ep=  360  total=2.967e-01  PDE=5.685e-02 [colloc=3.921e-02, cfd=8.822e-03] (w=2.907)  IN=3.267e-02 (w=1.254)  TB=9.703e-03 (w=0.733)  WALL=2.222e-16 (w=0.200)  OUT=8.623e-04 (w=0.314)  DATA=2.042e-02 (w=4.070)
[Adam] ep=  380  total=1.988e-01  PDE=3.258e-02 [colloc=3.027e-02, cfd=1.152e-03] (w=2.708)  IN=2.367e-02 (w=1.346)  TB=1.003e-02 (w=0.817)  WALL=6.026e-16 (w=0.200)  OUT=6.482e-04 (w=0.244)  DATA=1.606e-02 (w=4.384)
[Adam] ep=  400  total=2.369e-01  PDE=4.086e-02 [colloc=3.382e-02, cfd=3.518e-03] (w=2.739)  IN=2.933e-02 (w=1.341)  TB=7.400e-03 (w=0.798)  WALL=3.306e-16 (w=0.200)  OUT=6.441e-04 (w=0.243)  DATA=1.838e-02 (w=4.331)
[Adam] ep=  420  total=2.031e-01  PDE=4.545e-02 [colloc=3.355e-02, cfd=5.949e-03] (w=2.764)  IN=1.727e-02 (w=1.334)  TB=5.957e-03 (w=0.775)  WALL=7.140e-16 (w=0.200)  OUT=7.849e-04 (w=0.251)  DATA=1.151e-02 (w=4.312)
[Adam] ep=  440  total=3.275e-01  PDE=6.367e-02 [colloc=5.250e-02, cfd=5.584e-03] (w=2.886)  IN=2.934e-02 (w=1.289)  TB=4.116e-03 (w=0.636)  WALL=1.157e-15 (w=0.200)  OUT=7.826e-04 (w=0.249)  DATA=2.383e-02 (w=4.325)
[Adam] ep=  460  total=3.104e-01  PDE=6.744e-02 [colloc=6.044e-02, cfd=3.499e-03] (w=3.072)  IN=1.743e-02 (w=1.150)  TB=1.058e-02 (w=0.634)  WALL=2.124e-15 (w=0.200)  OUT=1.143e-03 (w=0.239)  DATA=1.883e-02 (w=4.050)
[Adam] ep=  480  total=2.935e-01  PDE=5.533e-02 [colloc=5.227e-02, cfd=1.530e-03] (w=2.897)  IN=2.603e-02 (w=1.218)  TB=7.379e-03 (w=0.683)  WALL=1.090e-15 (w=0.200)  OUT=8.203e-04 (w=0.251)  DATA=2.147e-02 (w=4.484)
[Adam] ep=  500  total=1.987e-01  PDE=3.192e-02 [colloc=2.833e-02, cfd=1.796e-03] (w=2.746)  IN=2.300e-02 (w=1.302)  TB=5.094e-03 (w=0.792)  WALL=1.505e-16 (w=0.200)  OUT=6.393e-04 (w=0.278)  DATA=1.720e-02 (w=4.470)
[Adam] ep=  520  total=1.607e-01  PDE=2.795e-02 [colloc=2.451e-02, cfd=1.718e-03] (w=2.887)  IN=1.587e-02 (w=1.228)  TB=4.202e-03 (w=0.665)  WALL=4.560e-16 (w=0.200)  OUT=6.770e-04 (w=0.278)  DATA=1.277e-02 (w=4.504)
[Adam] ep=  540  total=1.369e-01  PDE=2.296e-02 [colloc=1.844e-02, cfd=2.260e-03] (w=2.852)  IN=1.473e-02 (w=1.250)  TB=3.851e-03 (w=0.676)  WALL=2.180e-16 (w=0.200)  OUT=6.969e-04 (w=0.297)  DATA=1.109e-02 (w=4.523)
[Adam] ep=  560  total=1.428e-01  PDE=2.352e-02 [colloc=2.183e-02, cfd=8.409e-04] (w=2.828)  IN=1.331e-02 (w=1.236)  TB=3.088e-03 (w=0.603)  WALL=3.298e-16 (w=0.200)  OUT=7.753e-04 (w=0.321)  DATA=1.198e-02 (w=4.817)
[Adam] ep=  580  total=1.961e-01  PDE=4.095e-02 [colloc=3.457e-02, cfd=3.190e-03] (w=2.886)  IN=1.214e-02 (w=1.165)  TB=4.648e-03 (w=0.643)  WALL=7.385e-16 (w=0.200)  OUT=1.909e-03 (w=0.373)  DATA=1.275e-02 (w=4.713)
[Adam] ep=  600  total=1.744e-01  PDE=3.176e-02 [colloc=2.644e-02, cfd=2.660e-03] (w=2.774)  IN=1.440e-02 (w=1.165)  TB=2.984e-03 (w=0.635)  WALL=3.403e-16 (w=0.200)  OUT=1.584e-03 (w=0.706)  DATA=1.446e-02 (w=4.596)
[Adam] ep=  620  total=1.497e-01  PDE=2.336e-02 [colloc=2.168e-02, cfd=8.419e-04] (w=2.787)  IN=1.387e-02 (w=1.207)  TB=2.790e-03 (w=0.644)  WALL=3.748e-16 (w=0.200)  OUT=5.869e-04 (w=0.426)  DATA=1.346e-02 (w=4.890)
[Adam] ep=  640  total=1.657e-01  PDE=2.262e-02 [colloc=2.072e-02, cfd=9.459e-04] (w=2.727)  IN=1.583e-02 (w=1.253)  TB=2.300e-03 (w=0.616)  WALL=9.339e-17 (w=0.200)  OUT=9.601e-04 (w=0.331)  DATA=1.611e-02 (w=5.117)
[Adam] ep=  660  total=1.579e-01  PDE=3.392e-02 [colloc=2.578e-02, cfd=4.072e-03] (w=2.910)  IN=6.749e-03 (w=1.102)  TB=3.432e-03 (w=0.642)  WALL=8.353e-16 (w=0.200)  OUT=7.985e-04 (w=0.298)  DATA=9.999e-03 (w=4.933)
[Adam] ep=  680  total=4.533e-01  PDE=8.387e-02 [colloc=5.763e-02, cfd=1.312e-02] (w=3.162)  IN=2.872e-02 (w=0.981)  TB=1.834e-03 (w=0.465)  WALL=4.865e-16 (w=0.200)  OUT=1.970e-03 (w=0.264)  DATA=3.466e-02 (w=4.574)
[Adam] ep=  700  total=1.410e-01  PDE=3.058e-02 [colloc=2.866e-02, cfd=9.607e-04] (w=2.820)  IN=6.449e-03 (w=1.043)  TB=5.763e-03 (w=0.664)  WALL=1.051e-15 (w=0.200)  OUT=1.235e-03 (w=0.682)  DATA=8.931e-03 (w=4.853)
[Adam] ep=  720  total=1.782e-01  PDE=2.002e-02 [colloc=1.393e-02, cfd=3.044e-03] (w=2.711)  IN=1.103e-02 (w=1.048)  TB=4.235e-03 (w=0.727)  WALL=2.338e-16 (w=0.200)  OUT=3.538e-03 (w=0.564)  DATA=2.006e-02 (w=5.352)
[Adam] ep=  740  total=1.277e-01  PDE=1.770e-02 [colloc=1.635e-02, cfd=6.758e-04] (w=2.852)  IN=8.607e-03 (w=1.038)  TB=1.971e-03 (w=0.631)  WALL=2.392e-16 (w=0.200)  OUT=5.147e-04 (w=0.356)  DATA=1.252e-02 (w=5.341)
[Adam] ep=  760  total=1.235e-01  PDE=2.291e-02 [colloc=1.638e-02, cfd=3.264e-03] (w=2.929)  IN=8.196e-03 (w=1.104)  TB=1.854e-03 (w=0.586)  WALL=1.871e-16 (w=0.200)  OUT=6.226e-04 (w=0.300)  DATA=9.299e-03 (w=4.956)
[Adam] ep=  780  total=1.111e-01  PDE=2.349e-02 [colloc=1.637e-02, cfd=3.560e-03] (w=2.931)  IN=4.168e-03 (w=1.038)  TB=2.504e-03 (w=0.651)  WALL=4.557e-16 (w=0.200)  OUT=3.946e-04 (w=0.272)  DATA=7.130e-03 (w=5.069)
[Adam] ep=  800  total=8.041e-02  PDE=1.183e-02 [colloc=1.000e-02, cfd=9.141e-04] (w=2.901)  IN=5.067e-03 (w=1.033)  TB=1.867e-03 (w=0.644)  WALL=3.097e-16 (w=0.200)  OUT=3.208e-04 (w=0.269)  DATA=7.577e-03 (w=5.223)
[Adam] ep=  820  total=1.946e-01  PDE=3.743e-02 [colloc=3.189e-02, cfd=2.769e-03] (w=3.076)  IN=1.274e-02 (w=1.021)  TB=4.840e-03 (w=0.540)  WALL=8.569e-16 (w=0.200)  OUT=3.556e-03 (w=0.420)  DATA=1.375e-02 (w=4.535)
[Adam] ep=  840  total=9.882e-02  PDE=1.504e-02 [colloc=1.002e-02, cfd=2.513e-03] (w=2.705)  IN=8.428e-03 (w=1.131)  TB=2.375e-03 (w=0.611)  WALL=1.945e-16 (w=0.200)  OUT=3.951e-03 (w=0.901)  DATA=9.616e-03 (w=4.532)
[Adam] ep=  860  total=9.433e-02  PDE=1.556e-02 [colloc=1.192e-02, cfd=1.817e-03] (w=2.732)  IN=5.628e-03 (w=1.026)  TB=2.378e-03 (w=0.643)  WALL=4.858e-16 (w=0.200)  OUT=6.607e-03 (w=0.866)  DATA=8.011e-03 (w=4.843)
[Adam] ep=  880  total=8.112e-02  PDE=1.011e-02 [colloc=7.682e-03, cfd=1.213e-03] (w=2.745)  IN=7.386e-03 (w=1.105)  TB=1.397e-03 (w=0.614)  WALL=6.637e-17 (w=0.200)  OUT=1.134e-03 (w=0.626)  DATA=8.468e-03 (w=5.154)
[Adam] ep=  900  total=8.648e-02  PDE=8.804e-03 [colloc=6.193e-03, cfd=1.305e-03] (w=2.755)  IN=6.914e-03 (w=1.004)  TB=1.766e-03 (w=0.676)  WALL=1.464e-16 (w=0.200)  OUT=2.518e-03 (w=0.664)  DATA=9.994e-03 (w=5.244)
[Adam] ep=  920  total=1.040e-01  PDE=1.456e-02 [colloc=1.067e-02, cfd=1.945e-03] (w=2.957)  IN=6.518e-03 (w=0.907)  TB=1.857e-03 (w=0.625)  WALL=1.987e-16 (w=0.200)  OUT=1.220e-03 (w=0.487)  DATA=1.032e-02 (w=5.162)
[Adam] ep=  940  total=7.153e-02  PDE=1.179e-02 [colloc=1.040e-02, cfd=6.929e-04] (w=2.999)  IN=2.535e-03 (w=0.943)  TB=1.721e-03 (w=0.617)  WALL=4.786e-16 (w=0.200)  OUT=2.175e-04 (w=0.407)  DATA=6.515e-03 (w=5.010)
[Adam] ep=  960  total=6.586e-02  PDE=9.512e-03 [colloc=8.151e-03, cfd=6.802e-04] (w=2.780)  IN=2.478e-03 (w=0.984)  TB=1.829e-03 (w=0.714)  WALL=3.126e-16 (w=0.200)  OUT=3.912e-04 (w=0.334)  DATA=6.323e-03 (w=5.621)
[Adam] ep=  980  total=1.057e-01  PDE=1.176e-02 [colloc=8.655e-03, cfd=1.554e-03] (w=2.617)  IN=6.131e-03 (w=1.072)  TB=2.578e-03 (w=0.662)  WALL=3.024e-16 (w=0.200)  OUT=1.770e-03 (w=0.384)  DATA=1.107e-02 (w=5.961)
[Adam] ep= 1000  total=1.229e-01  PDE=2.567e-02 [colloc=2.324e-02, cfd=1.211e-03] (w=2.826)  IN=5.882e-03 (w=0.933)  TB=2.775e-03 (w=0.708)  WALL=1.186e-15 (w=0.200)  OUT=1.832e-03 (w=0.501)  DATA=7.770e-03 (w=5.407)
[Adam] ep= 1020  total=1.128e-01  PDE=2.334e-02 [colloc=2.078e-02, cfd=1.280e-03] (w=2.919)  IN=2.083e-03 (w=0.930)  TB=2.123e-03 (w=0.665)  WALL=7.056e-16 (w=0.200)  OUT=1.198e-03 (w=0.394)  DATA=7.710e-03 (w=5.290)
[Adam] ep= 1040  total=7.489e-02  PDE=1.397e-02 [colloc=1.233e-02, cfd=8.217e-04] (w=2.954)  IN=1.783e-03 (w=0.945)  TB=1.819e-03 (w=0.636)  WALL=6.516e-16 (w=0.200)  OUT=3.437e-04 (w=0.364)  DATA=5.891e-03 (w=5.201)
[Adam] ep= 1060  total=1.036e-01  PDE=2.245e-02 [colloc=1.934e-02, cfd=1.552e-03] (w=2.812)  IN=1.366e-03 (w=1.023)  TB=1.805e-03 (w=0.651)  WALL=8.427e-16 (w=0.200)  OUT=3.564e-04 (w=0.314)  DATA=6.821e-03 (w=5.538)
[Adam] ep= 1080  total=6.937e-02  PDE=1.111e-02 [colloc=9.176e-03, cfd=9.650e-04] (w=2.922)  IN=2.547e-03 (w=0.910)  TB=1.809e-03 (w=0.703)  WALL=2.829e-16 (w=0.200)  OUT=2.976e-04 (w=0.303)  DATA=6.212e-03 (w=5.350)
[Adam] ep= 1100  total=7.279e-02  PDE=1.248e-02 [colloc=9.389e-03, cfd=1.545e-03] (w=2.969)  IN=3.679e-03 (w=0.927)  TB=1.591e-03 (w=0.674)  WALL=3.212e-16 (w=0.200)  OUT=2.634e-04 (w=0.296)  DATA=6.011e-03 (w=5.187)
[Adam] ep= 1120  total=7.407e-02  PDE=1.244e-02 [colloc=9.980e-03, cfd=1.231e-03] (w=2.915)  IN=3.184e-03 (w=0.943)  TB=1.624e-03 (w=0.697)  WALL=2.812e-16 (w=0.200)  OUT=3.339e-04 (w=0.296)  DATA=6.327e-03 (w=5.306)
[Adam] ep= 1140  total=7.204e-02  PDE=1.268e-02 [colloc=9.229e-03, cfd=1.724e-03] (w=2.924)  IN=3.012e-03 (w=0.942)  TB=1.610e-03 (w=0.694)  WALL=3.108e-16 (w=0.200)  OUT=3.009e-04 (w=0.299)  DATA=5.858e-03 (w=5.280)
[Adam] ep= 1160  total=6.807e-02  PDE=1.083e-02 [colloc=8.450e-03, cfd=1.190e-03] (w=2.904)  IN=3.144e-03 (w=0.927)  TB=1.500e-03 (w=0.712)  WALL=2.508e-16 (w=0.200)  OUT=2.926e-04 (w=0.298)  DATA=6.069e-03 (w=5.364)
[Adam] ep= 1180  total=6.556e-02  PDE=9.837e-03 [colloc=7.663e-03, cfd=1.087e-03] (w=2.907)  IN=2.762e-03 (w=0.918)  TB=1.511e-03 (w=0.713)  WALL=2.632e-16 (w=0.200)  OUT=2.781e-04 (w=0.293)  DATA=6.188e-03 (w=5.378)
[Adam] ep= 1200  total=6.766e-02  PDE=1.055e-02 [colloc=8.673e-03, cfd=9.390e-04] (w=2.896)  IN=2.898e-03 (w=0.905)  TB=1.562e-03 (w=0.723)  WALL=3.054e-16 (w=0.200)  OUT=2.819e-04 (w=0.295)  DATA=6.127e-03 (w=5.431)
[Adam] ep= 1220  total=6.219e-02  PDE=8.885e-03 [colloc=6.857e-03, cfd=1.014e-03] (w=2.869)  IN=2.939e-03 (w=0.909)  TB=1.539e-03 (w=0.729)  WALL=2.090e-16 (w=0.200)  OUT=2.593e-04 (w=0.299)  DATA=5.961e-03 (w=5.508)
[Adam] ep= 1240  total=6.713e-02  PDE=1.022e-02 [colloc=7.629e-03, cfd=1.295e-03] (w=2.871)  IN=3.078e-03 (w=0.891)  TB=1.576e-03 (w=0.736)  WALL=1.603e-16 (w=0.200)  OUT=2.569e-04 (w=0.301)  DATA=6.116e-03 (w=5.528)
[Adam] ep= 1260  total=6.537e-02  PDE=8.991e-03 [colloc=6.999e-03, cfd=9.958e-04] (w=2.852)  IN=2.595e-03 (w=0.869)  TB=1.600e-03 (w=0.754)  WALL=1.427e-16 (w=0.200)  OUT=3.133e-04 (w=0.304)  DATA=6.446e-03 (w=5.613)
[Adam] ep= 1280  total=6.747e-02  PDE=6.887e-03 [colloc=5.457e-03, cfd=7.149e-04] (w=2.787)  IN=4.085e-03 (w=0.880)  TB=1.619e-03 (w=0.756)  WALL=2.035e-16 (w=0.200)  OUT=2.594e-04 (w=0.308)  DATA=7.473e-03 (w=5.805)
[Adam] ep= 1300  total=7.395e-02  PDE=5.570e-03 [colloc=4.845e-03, cfd=3.625e-04] (w=2.672)  IN=4.953e-03 (w=0.943)  TB=1.635e-03 (w=0.751)  WALL=2.038e-16 (w=0.200)  OUT=2.466e-04 (w=0.295)  DATA=8.779e-03 (w=6.049)
[Adam] ep= 1320  total=5.981e-02  PDE=9.407e-03 [colloc=7.996e-03, cfd=7.059e-04] (w=2.897)  IN=1.250e-03 (w=0.813)  TB=1.768e-03 (w=0.739)  WALL=2.310e-16 (w=0.200)  OUT=2.860e-04 (w=0.314)  DATA=5.377e-03 (w=5.607)
[Adam] ep= 1340  total=6.896e-02  PDE=8.605e-03 [colloc=5.583e-03, cfd=1.511e-03] (w=2.909)  IN=4.643e-03 (w=0.835)  TB=1.450e-03 (w=0.714)  WALL=1.788e-16 (w=0.200)  OUT=3.521e-04 (w=0.401)  DATA=7.105e-03 (w=5.472)
[Adam] ep= 1360  total=8.769e-02  PDE=1.832e-02 [colloc=1.307e-02, cfd=2.627e-03] (w=3.010)  IN=1.774e-03 (w=0.771)  TB=1.655e-03 (w=0.589)  WALL=2.058e-16 (w=0.200)  OUT=2.864e-03 (w=0.819)  DATA=5.964e-03 (w=4.669)
[Adam] ep= 1380  total=6.314e-02  PDE=1.120e-02 [colloc=9.721e-03, cfd=7.420e-04] (w=2.901)  IN=9.948e-04 (w=0.820)  TB=1.622e-03 (w=0.698)  WALL=5.091e-16 (w=0.200)  OUT=4.841e-04 (w=0.545)  DATA=5.291e-03 (w=5.372)
[Adam] ep= 1400  total=6.698e-02  PDE=1.370e-02 [colloc=9.871e-03, cfd=1.916e-03] (w=2.845)  IN=1.629e-03 (w=0.868)  TB=1.828e-03 (w=0.742)  WALL=4.923e-16 (w=0.200)  OUT=6.329e-04 (w=0.521)  DATA=4.602e-03 (w=5.408)
[Adam] ep= 1420  total=6.869e-02  PDE=7.138e-03 [colloc=4.628e-03, cfd=1.255e-03] (w=2.759)  IN=3.295e-03 (w=0.800)  TB=1.908e-03 (w=0.787)  WALL=1.882e-16 (w=0.200)  OUT=1.400e-03 (w=0.564)  DATA=7.717e-03 (w=5.710)
[Adam] ep= 1440  total=5.735e-02  PDE=4.893e-03 [colloc=4.102e-03, cfd=3.956e-04] (w=2.707)  IN=2.656e-03 (w=0.843)  TB=1.601e-03 (w=0.737)  WALL=1.402e-16 (w=0.200)  OUT=1.860e-04 (w=0.588)  DATA=6.926e-03 (w=5.858)
[Adam] ep= 1460  total=5.909e-02  PDE=1.108e-02 [colloc=9.879e-03, cfd=5.995e-04] (w=2.921)  IN=1.323e-03 (w=0.761)  TB=1.355e-03 (w=0.713)  WALL=4.250e-16 (w=0.200)  OUT=5.440e-04 (w=0.550)  DATA=4.536e-03 (w=5.394)
[Adam] ep= 1480  total=5.448e-02  PDE=8.485e-03 [colloc=6.998e-03, cfd=7.436e-04] (w=2.911)  IN=1.901e-03 (w=0.855)  TB=1.353e-03 (w=0.716)  WALL=2.777e-16 (w=0.200)  OUT=2.584e-04 (w=0.371)  DATA=4.976e-03 (w=5.445)
[Adam] ep= 1500  total=5.749e-02  PDE=1.030e-02 [colloc=8.336e-03, cfd=9.798e-04] (w=2.947)  IN=1.230e-03 (w=0.819)  TB=1.290e-03 (w=0.719)  WALL=4.284e-16 (w=0.200)  OUT=1.788e-04 (w=0.279)  DATA=4.596e-03 (w=5.475)
[Adam] ep= 1520  total=5.364e-02  PDE=9.357e-03 [colloc=7.885e-03, cfd=7.364e-04] (w=2.927)  IN=1.496e-03 (w=0.834)  TB=1.286e-03 (w=0.729)  WALL=4.494e-16 (w=0.200)  OUT=1.485e-04 (w=0.247)  DATA=4.353e-03 (w=5.519)
[Adam] ep= 1540  total=5.398e-02  PDE=9.795e-03 [colloc=8.575e-03, cfd=6.096e-04] (w=2.927)  IN=1.060e-03 (w=0.815)  TB=1.269e-03 (w=0.733)  WALL=5.055e-16 (w=0.200)  OUT=1.579e-04 (w=0.242)  DATA=4.222e-03 (w=5.560)
[Adam] ep= 1560  total=5.081e-02  PDE=8.789e-03 [colloc=8.073e-03, cfd=3.581e-04] (w=2.931)  IN=1.386e-03 (w=0.796)  TB=1.315e-03 (w=0.738)  WALL=5.475e-16 (w=0.200)  OUT=1.193e-04 (w=0.240)  DATA=4.111e-03 (w=5.581)
[Adam] ep= 1580  total=5.471e-02  PDE=8.636e-03 [colloc=6.649e-03, cfd=9.934e-04] (w=3.150)  IN=1.446e-03 (w=0.695)  TB=1.660e-03 (w=0.687)  WALL=1.715e-16 (w=0.200)  OUT=3.192e-04 (w=0.376)  DATA=5.162e-03 (w=4.890)
[Adam] ep= 1600  total=1.038e-01  PDE=2.121e-02 [colloc=1.930e-02, cfd=9.522e-04] (w=2.936)  IN=7.170e-04 (w=0.787)  TB=1.560e-03 (w=0.726)  WALL=1.615e-16 (w=0.200)  OUT=8.527e-04 (w=0.462)  DATA=7.327e-03 (w=5.379)
[Adam] ep= 1620  total=8.461e-02  PDE=1.485e-02 [colloc=1.343e-02, cfd=7.112e-04] (w=2.800)  IN=1.213e-03 (w=0.972)  TB=1.839e-03 (w=0.703)  WALL=6.093e-16 (w=0.200)  OUT=2.375e-04 (w=0.508)  DATA=7.500e-03 (w=5.390)
[Adam] ep= 1640  total=5.847e-02  PDE=5.440e-03 [colloc=4.748e-03, cfd=3.459e-04] (w=2.709)  IN=2.936e-03 (w=0.934)  TB=1.541e-03 (w=0.738)  WALL=1.805e-16 (w=0.200)  OUT=1.564e-04 (w=0.392)  DATA=6.755e-03 (w=5.890)
[Adam] ep= 1660  total=5.425e-02  PDE=6.452e-03 [colloc=5.397e-03, cfd=5.276e-04] (w=2.851)  IN=2.147e-03 (w=0.851)  TB=1.532e-03 (w=0.691)  WALL=3.072e-16 (w=0.200)  OUT=4.820e-04 (w=0.317)  DATA=5.681e-03 (w=5.776)
[Adam] ep= 1680  total=5.983e-02  PDE=9.905e-03 [colloc=8.315e-03, cfd=7.947e-04] (w=3.123)  IN=1.155e-03 (w=0.719)  TB=1.755e-03 (w=0.669)  WALL=2.471e-16 (w=0.200)  OUT=2.181e-04 (w=0.348)  DATA=5.334e-03 (w=5.026)
[Adam] ep= 1700  total=6.026e-02  PDE=1.231e-02 [colloc=1.141e-02, cfd=4.454e-04] (w=2.934)  IN=6.135e-04 (w=0.808)  TB=1.491e-03 (w=0.728)  WALL=7.608e-16 (w=0.200)  OUT=2.250e-04 (w=0.389)  DATA=4.144e-03 (w=5.425)
[Adam] ep= 1720  total=4.243e-02  PDE=6.393e-03 [colloc=5.692e-03, cfd=3.505e-04] (w=2.877)  IN=1.294e-03 (w=0.835)  TB=1.520e-03 (w=0.757)  WALL=4.303e-16 (w=0.200)  OUT=1.297e-04 (w=0.425)  DATA=3.975e-03 (w=5.472)
[Adam] ep= 1740  total=5.722e-02  PDE=9.051e-03 [colloc=7.257e-03, cfd=8.966e-04] (w=2.907)  IN=1.795e-03 (w=0.727)  TB=1.372e-03 (w=0.662)  WALL=3.981e-16 (w=0.200)  OUT=1.484e-03 (w=0.789)  DATA=5.351e-03 (w=5.144)
[Adam] ep= 1760  total=4.696e-02  PDE=5.840e-03 [colloc=5.332e-03, cfd=2.539e-04] (w=2.889)  IN=2.395e-03 (w=0.835)  TB=1.163e-03 (w=0.697)  WALL=3.209e-16 (w=0.200)  OUT=1.888e-04 (w=0.460)  DATA=4.938e-03 (w=5.506)
[Adam] ep= 1780  total=5.048e-02  PDE=7.987e-03 [colloc=7.205e-03, cfd=3.911e-04] (w=2.911)  IN=1.567e-03 (w=0.835)  TB=1.170e-03 (w=0.712)  WALL=4.053e-16 (w=0.200)  OUT=9.277e-05 (w=0.299)  DATA=4.498e-03 (w=5.571)
[Adam] ep= 1800  total=4.344e-02  PDE=5.728e-03 [colloc=4.974e-03, cfd=3.768e-04] (w=2.906)  IN=1.463e-03 (w=0.818)  TB=1.221e-03 (w=0.735)  WALL=3.157e-16 (w=0.200)  OUT=9.252e-05 (w=0.238)  DATA=4.384e-03 (w=5.628)
[Adam] ep= 1820  total=4.648e-02  PDE=6.427e-03 [colloc=5.609e-03, cfd=4.088e-04] (w=2.902)  IN=1.888e-03 (w=0.813)  TB=1.197e-03 (w=0.746)  WALL=3.689e-16 (w=0.200)  OUT=9.919e-05 (w=0.222)  DATA=4.496e-03 (w=5.645)
[Adam] ep= 1840  total=4.859e-02  PDE=6.806e-03 [colloc=6.015e-03, cfd=3.957e-04] (w=2.881)  IN=2.067e-03 (w=0.830)  TB=1.142e-03 (w=0.740)  WALL=4.113e-16 (w=0.200)  OUT=1.002e-04 (w=0.222)  DATA=4.637e-03 (w=5.692)
[Adam] ep= 1860  total=4.558e-02  PDE=6.310e-03 [colloc=5.505e-03, cfd=4.025e-04] (w=2.890)  IN=2.130e-03 (w=0.825)  TB=1.115e-03 (w=0.747)  WALL=4.361e-16 (w=0.200)  OUT=9.296e-05 (w=0.218)  DATA=4.370e-03 (w=5.661)
[Adam] ep= 1880  total=4.563e-02  PDE=6.252e-03 [colloc=5.549e-03, cfd=3.517e-04] (w=2.871)  IN=2.225e-03 (w=0.832)  TB=1.111e-03 (w=0.750)  WALL=4.511e-16 (w=0.200)  OUT=1.009e-04 (w=0.223)  DATA=4.379e-03 (w=5.702)
[Adam] ep= 1900  total=4.498e-02  PDE=6.268e-03 [colloc=5.540e-03, cfd=3.640e-04] (w=2.866)  IN=2.073e-03 (w=0.834)  TB=1.118e-03 (w=0.749)  WALL=4.615e-16 (w=0.200)  OUT=9.602e-05 (w=0.221)  DATA=4.271e-03 (w=5.720)
[Adam] ep= 1920  total=4.345e-02  PDE=5.752e-03 [colloc=5.240e-03, cfd=2.561e-04] (w=2.855)  IN=2.058e-03 (w=0.845)  TB=1.108e-03 (w=0.754)  WALL=4.871e-16 (w=0.200)  OUT=9.227e-05 (w=0.222)  DATA=4.269e-03 (w=5.723)
[Adam] ep= 1940  total=4.318e-02  PDE=6.276e-03 [colloc=5.344e-03, cfd=4.660e-04] (w=2.881)  IN=2.139e-03 (w=0.841)  TB=1.136e-03 (w=0.752)  WALL=5.110e-16 (w=0.200)  OUT=1.098e-04 (w=0.229)  DATA=3.977e-03 (w=5.638)
[Adam] ep= 1960  total=4.098e-02  PDE=5.483e-03 [colloc=5.020e-03, cfd=2.317e-04] (w=2.847)  IN=1.903e-03 (w=0.850)  TB=1.096e-03 (w=0.752)  WALL=5.309e-16 (w=0.200)  OUT=9.767e-05 (w=0.230)  DATA=3.993e-03 (w=5.735)
[Adam] ep= 1980  total=3.714e-02  PDE=5.147e-03 [colloc=4.707e-03, cfd=2.202e-04] (w=2.868)  IN=1.653e-03 (w=0.843)  TB=1.074e-03 (w=0.764)  WALL=5.053e-16 (w=0.200)  OUT=1.382e-04 (w=0.270)  DATA=3.578e-03 (w=5.624)
[Adam] ep= 2000  total=6.008e-02  PDE=1.237e-02 [colloc=8.447e-03, cfd=1.961e-03] (w=2.946)  IN=1.340e-03 (w=0.732)  TB=1.263e-03 (w=0.731)  WALL=8.303e-16 (w=0.200)  OUT=3.538e-03 (w=0.722)  DATA=3.848e-03 (w=4.984)
[Adam] ep= 2020  total=5.781e-02  PDE=1.240e-02 [colloc=8.297e-03, cfd=2.050e-03] (w=2.923)  IN=2.768e-03 (w=0.684)  TB=1.257e-03 (w=0.534)  WALL=6.948e-16 (w=0.200)  OUT=2.978e-03 (w=1.184)  DATA=3.780e-03 (w=4.097)
[Adam] ep= 2040  total=6.810e-02  PDE=1.385e-02 [colloc=1.002e-02, cfd=1.913e-03] (w=2.846)  IN=1.585e-03 (w=0.818)  TB=1.463e-03 (w=0.661)  WALL=6.012e-16 (w=0.200)  OUT=3.858e-04 (w=0.837)  DATA=5.171e-03 (w=5.050)
[Adam] ep= 2060  total=4.458e-02  PDE=8.051e-03 [colloc=6.848e-03, cfd=6.013e-04] (w=2.777)  IN=3.538e-04 (w=0.903)  TB=1.309e-03 (w=0.739)  WALL=6.772e-16 (w=0.200)  OUT=3.655e-04 (w=0.446)  DATA=3.661e-03 (w=5.675)
[Adam] ep= 2080  total=4.821e-02  PDE=9.263e-03 [colloc=8.546e-03, cfd=3.588e-04] (w=2.694)  IN=2.460e-04 (w=0.939)  TB=1.369e-03 (w=0.755)  WALL=8.645e-16 (w=0.200)  OUT=1.514e-04 (w=0.299)  DATA=3.672e-03 (w=5.978)
[Adam] ep= 2100  total=4.252e-02  PDE=8.570e-03 [colloc=8.060e-03, cfd=2.548e-04] (w=2.821)  IN=6.361e-04 (w=0.843)  TB=1.240e-03 (w=0.800)  WALL=9.698e-16 (w=0.200)  OUT=1.127e-04 (w=0.271)  DATA=2.939e-03 (w=5.710)
[Adam] ep= 2120  total=3.474e-02  PDE=4.403e-03 [colloc=4.030e-03, cfd=1.867e-04] (w=3.047)  IN=2.077e-03 (w=0.765)  TB=1.029e-03 (w=0.739)  WALL=3.993e-16 (w=0.200)  OUT=8.633e-05 (w=0.248)  DATA=3.654e-03 (w=5.187)
[Adam] ep= 2140  total=3.959e-02  PDE=7.129e-03 [colloc=6.445e-03, cfd=3.419e-04] (w=3.032)  IN=1.100e-03 (w=0.827)  TB=1.030e-03 (w=0.713)  WALL=7.161e-16 (w=0.200)  OUT=1.288e-04 (w=0.239)  DATA=3.158e-03 (w=5.162)
[Adam] ep= 2160  total=4.194e-02  PDE=8.130e-03 [colloc=7.279e-03, cfd=4.258e-04] (w=3.015)  IN=1.163e-03 (w=0.813)  TB=1.069e-03 (w=0.746)  WALL=7.522e-16 (w=0.200)  OUT=9.076e-05 (w=0.230)  DATA=3.013e-03 (w=5.200)
[Adam] ep= 2180  total=3.884e-02  PDE=7.002e-03 [colloc=6.181e-03, cfd=4.104e-04] (w=3.001)  IN=1.282e-03 (w=0.802)  TB=1.087e-03 (w=0.770)  WALL=6.996e-16 (w=0.200)  OUT=9.364e-05 (w=0.229)  DATA=3.047e-03 (w=5.230)
[Adam] ep= 2200  total=3.776e-02  PDE=6.962e-03 [colloc=6.236e-03, cfd=3.628e-04] (w=2.982)  IN=1.478e-03 (w=0.802)  TB=1.061e-03 (w=0.785)  WALL=8.074e-16 (w=0.200)  OUT=8.867e-05 (w=0.229)  DATA=2.838e-03 (w=5.272)
[Adam] ep= 2220  total=3.850e-02  PDE=7.143e-03 [colloc=6.223e-03, cfd=4.603e-04] (w=3.004)  IN=1.354e-03 (w=0.799)  TB=1.060e-03 (w=0.780)  WALL=7.978e-16 (w=0.200)  OUT=9.228e-05 (w=0.226)  DATA=2.906e-03 (w=5.201)
[Adam] ep= 2240  total=4.111e-02  PDE=7.890e-03 [colloc=6.897e-03, cfd=4.962e-04] (w=2.994)  IN=2.179e-03 (w=0.827)  TB=1.014e-03 (w=0.778)  WALL=9.799e-16 (w=0.200)  OUT=8.401e-05 (w=0.232)  DATA=2.876e-03 (w=5.174)
[Adam] ep= 2260  total=1.616e-01  PDE=3.965e-02 [colloc=3.662e-02, cfd=1.514e-03] (w=3.323)  IN=1.731e-03 (w=0.715)  TB=1.647e-03 (w=0.609)  WALL=4.430e-16 (w=0.200)  OUT=1.095e-03 (w=0.297)  DATA=6.445e-03 (w=4.234)
[Adam] ep= 2280  total=1.435e-01  PDE=2.290e-02 [colloc=1.878e-02, cfd=2.065e-03] (w=3.012)  IN=9.093e-03 (w=0.922)  TB=1.526e-03 (w=0.613)  WALL=2.138e-16 (w=0.200)  OUT=2.141e-03 (w=0.419)  DATA=1.283e-02 (w=5.007)
[Adam] ep= 2300  total=4.721e-02  PDE=7.818e-03 [colloc=7.079e-03, cfd=3.694e-04] (w=2.885)  IN=3.269e-03 (w=0.948)  TB=1.442e-03 (w=0.751)  WALL=7.707e-16 (w=0.200)  OUT=1.508e-04 (w=0.479)  DATA=4.022e-03 (w=5.073)
[Adam] ep= 2320  total=6.748e-02  PDE=1.493e-02 [colloc=1.272e-02, cfd=1.102e-03] (w=2.957)  IN=4.911e-04 (w=0.835)  TB=1.354e-03 (w=0.798)  WALL=3.865e-16 (w=0.200)  OUT=4.249e-04 (w=0.433)  DATA=4.291e-03 (w=5.048)
[Adam] ep= 2340  total=4.775e-02  PDE=9.090e-03 [colloc=6.990e-03, cfd=1.050e-03] (w=2.985)  IN=1.300e-03 (w=0.843)  TB=1.411e-03 (w=0.733)  WALL=8.359e-16 (w=0.200)  OUT=4.315e-04 (w=0.383)  DATA=3.569e-03 (w=5.131)
[Adam] ep= 2360  total=3.820e-02  PDE=7.385e-03 [colloc=6.051e-03, cfd=6.671e-04] (w=2.976)  IN=1.062e-03 (w=0.825)  TB=1.007e-03 (w=0.777)  WALL=7.363e-16 (w=0.200)  OUT=9.046e-05 (w=0.378)  DATA=2.839e-03 (w=5.116)
[Adam] ep= 2380  total=3.325e-02  PDE=6.071e-03 [colloc=5.454e-03, cfd=3.084e-04] (w=2.962)  IN=9.926e-04 (w=0.816)  TB=9.929e-04 (w=0.801)  WALL=7.977e-16 (w=0.200)  OUT=9.238e-05 (w=0.301)  DATA=2.612e-03 (w=5.222)
[Adam] ep= 2400  total=3.314e-02  PDE=5.961e-03 [colloc=5.478e-03, cfd=2.414e-04] (w=2.960)  IN=8.254e-04 (w=0.805)  TB=1.007e-03 (w=0.819)  WALL=8.175e-16 (w=0.200)  OUT=7.609e-05 (w=0.248)  DATA=2.662e-03 (w=5.256)
[Adam] ep= 2420  total=3.435e-02  PDE=6.464e-03 [colloc=5.798e-03, cfd=3.332e-04] (w=2.972)  IN=8.782e-04 (w=0.804)  TB=1.019e-03 (w=0.824)  WALL=8.453e-16 (w=0.200)  OUT=7.702e-05 (w=0.233)  DATA=2.608e-03 (w=5.205)
[Adam] ep= 2440  total=3.000e-02  PDE=5.054e-03 [colloc=4.466e-03, cfd=2.942e-04] (w=2.979)  IN=1.245e-03 (w=0.803)  TB=9.932e-04 (w=0.825)  WALL=8.592e-16 (w=0.200)  OUT=7.950e-05 (w=0.233)  DATA=2.531e-03 (w=5.177)
[Adam] ep= 2460  total=3.298e-02  PDE=6.163e-03 [colloc=5.513e-03, cfd=3.248e-04] (w=2.965)  IN=1.337e-03 (w=0.824)  TB=9.886e-04 (w=0.833)  WALL=9.683e-16 (w=0.200)  OUT=7.931e-05 (w=0.236)  DATA=2.474e-03 (w=5.160)
[Adam] ep= 2480  total=3.298e-02  PDE=5.634e-03 [colloc=5.067e-03, cfd=2.833e-04] (w=2.999)  IN=1.689e-03 (w=0.799)  TB=1.000e-03 (w=0.836)  WALL=9.505e-16 (w=0.200)  OUT=8.727e-05 (w=0.238)  DATA=2.737e-03 (w=5.071)
[Adam] ep= 2500  total=3.102e-02  PDE=5.079e-03 [colloc=4.602e-03, cfd=2.381e-04] (w=2.958)  IN=1.397e-03 (w=0.822)  TB=1.058e-03 (w=0.846)  WALL=8.735e-16 (w=0.200)  OUT=8.596e-05 (w=0.245)  DATA=2.704e-03 (w=5.153)
[Adam] ep= 2520  total=3.036e-02  PDE=5.122e-03 [colloc=4.541e-03, cfd=2.902e-04] (w=2.965)  IN=9.694e-04 (w=0.804)  TB=1.044e-03 (w=0.859)  WALL=6.690e-16 (w=0.200)  OUT=1.095e-04 (w=0.260)  DATA=2.628e-03 (w=5.124)
[Adam] ep= 2540  total=2.975e-02  PDE=4.595e-03 [colloc=4.155e-03, cfd=2.199e-04] (w=2.953)  IN=1.124e-03 (w=0.815)  TB=1.159e-03 (w=0.866)  WALL=6.169e-16 (w=0.200)  OUT=8.930e-05 (w=0.287)  DATA=2.788e-03 (w=5.106)
[Adam] ep= 2560  total=2.841e-02  PDE=4.723e-03 [colloc=3.871e-03, cfd=4.261e-04] (w=2.950)  IN=2.410e-03 (w=0.949)  TB=1.021e-03 (w=0.811)  WALL=1.142e-15 (w=0.200)  OUT=1.117e-04 (w=0.276)  DATA=2.316e-03 (w=4.895)
[Adam] ep= 2580  total=3.521e-02  PDE=6.992e-03 [colloc=5.773e-03, cfd=6.096e-04] (w=3.075)  IN=1.929e-03 (w=0.852)  TB=1.164e-03 (w=0.736)  WALL=1.028e-15 (w=0.200)  OUT=8.411e-04 (w=0.420)  DATA=2.333e-03 (w=4.655)
[Adam] ep= 2600  total=3.199e-02  PDE=6.331e-03 [colloc=4.946e-03, cfd=6.924e-04] (w=2.984)  IN=2.227e-03 (w=0.867)  TB=1.180e-03 (w=0.801)  WALL=1.164e-15 (w=0.200)  OUT=5.145e-04 (w=0.581)  DATA=2.165e-03 (w=4.583)
[Adam] ep= 2620  total=4.972e-02  PDE=8.818e-03 [colloc=7.882e-03, cfd=4.679e-04] (w=2.948)  IN=3.027e-03 (w=0.788)  TB=1.249e-03 (w=0.786)  WALL=8.832e-16 (w=0.200)  OUT=3.298e-04 (w=0.755)  DATA=4.360e-03 (w=4.612)
[Adam] ep= 2640  total=3.202e-02  PDE=6.079e-03 [colloc=5.636e-03, cfd=2.217e-04] (w=2.939)  IN=1.483e-03 (w=0.824)  TB=9.678e-04 (w=0.795)  WALL=8.752e-16 (w=0.200)  OUT=2.411e-04 (w=0.648)  DATA=2.510e-03 (w=4.784)
[Adam] ep= 2660  total=2.728e-02  PDE=4.450e-03 [colloc=4.190e-03, cfd=1.298e-04] (w=2.930)  IN=1.344e-03 (w=0.841)  TB=1.067e-03 (w=0.854)  WALL=9.121e-16 (w=0.200)  OUT=8.645e-05 (w=0.403)  DATA=2.415e-03 (w=5.035)
[Adam] ep= 2680  total=2.640e-02  PDE=4.837e-03 [colloc=4.439e-03, cfd=1.991e-04] (w=2.936)  IN=8.663e-04 (w=0.826)  TB=1.057e-03 (w=0.883)  WALL=9.599e-16 (w=0.200)  OUT=8.553e-05 (w=0.286)  DATA=2.063e-03 (w=5.099)
[Adam] ep= 2700  total=3.134e-02  PDE=6.563e-03 [colloc=6.018e-03, cfd=2.727e-04] (w=2.993)  IN=1.956e-04 (w=0.798)  TB=1.032e-03 (w=0.863)  WALL=1.110e-15 (w=0.200)  OUT=7.772e-05 (w=0.253)  DATA=2.119e-03 (w=5.018)
[Adam] ep= 2720  total=2.604e-02  PDE=5.179e-03 [colloc=4.840e-03, cfd=1.694e-04] (w=2.950)  IN=2.406e-04 (w=0.827)  TB=9.683e-04 (w=0.875)  WALL=1.046e-15 (w=0.200)  OUT=8.624e-05 (w=0.255)  DATA=1.906e-03 (w=5.087)
[Adam] ep= 2740  total=2.721e-02  PDE=5.845e-03 [colloc=5.179e-03, cfd=3.330e-04] (w=2.961)  IN=3.466e-04 (w=0.807)  TB=9.982e-04 (w=0.899)  WALL=1.049e-15 (w=0.200)  OUT=8.602e-05 (w=0.262)  DATA=1.734e-03 (w=5.021)
[Adam] ep= 2760  total=2.468e-02  PDE=5.172e-03 [colloc=4.663e-03, cfd=2.543e-04] (w=2.993)  IN=2.665e-04 (w=0.805)  TB=9.847e-04 (w=0.896)  WALL=1.165e-15 (w=0.200)  OUT=8.339e-05 (w=0.264)  DATA=1.650e-03 (w=4.899)
[Adam] ep= 2780  total=2.609e-02  PDE=5.541e-03 [colloc=5.051e-03, cfd=2.452e-04] (w=3.018)  IN=2.293e-04 (w=0.812)  TB=9.464e-04 (w=0.881)  WALL=1.154e-15 (w=0.200)  OUT=8.325e-05 (w=0.270)  DATA=1.733e-03 (w=4.804)
[Adam] ep= 2800  total=3.075e-02  PDE=7.255e-03 [colloc=5.437e-03, cfd=9.091e-04] (w=3.130)  IN=4.770e-04 (w=0.761)  TB=1.033e-03 (w=0.887)  WALL=1.143e-15 (w=0.200)  OUT=9.734e-05 (w=0.269)  DATA=1.532e-03 (w=4.397)
[Adam] ep= 2820  total=5.616e-02  PDE=1.253e-02 [colloc=9.222e-03, cfd=1.652e-03] (w=3.135)  IN=1.027e-03 (w=0.791)  TB=1.262e-03 (w=0.785)  WALL=9.212e-16 (w=0.200)  OUT=4.841e-04 (w=0.336)  DATA=3.301e-03 (w=4.519)
[Adam] ep= 2840  total=2.270e-02  PDE=3.996e-03 [colloc=3.524e-03, cfd=2.361e-04] (w=3.044)  IN=1.547e-03 (w=0.905)  TB=9.183e-04 (w=0.753)  WALL=1.056e-15 (w=0.200)  OUT=9.218e-05 (w=0.328)  DATA=1.785e-03 (w=4.715)
[Adam] ep= 2860  total=3.248e-02  PDE=7.757e-03 [colloc=7.260e-03, cfd=2.490e-04] (w=3.019)  IN=8.947e-04 (w=0.827)  TB=1.035e-03 (w=0.839)  WALL=1.789e-15 (w=0.200)  OUT=4.107e-04 (w=0.413)  DATA=1.543e-03 (w=4.716)
[Adam] ep= 2880  total=2.557e-02  PDE=5.312e-03 [colloc=4.525e-03, cfd=3.936e-04] (w=2.969)  IN=1.567e-03 (w=0.875)  TB=1.073e-03 (w=0.856)  WALL=1.393e-15 (w=0.200)  OUT=1.604e-04 (w=0.338)  DATA=1.537e-03 (w=4.849)
[Adam] ep= 2900  total=2.579e-02  PDE=5.406e-03 [colloc=5.116e-03, cfd=1.448e-04] (w=2.963)  IN=3.447e-04 (w=0.837)  TB=9.887e-04 (w=0.898)  WALL=1.167e-15 (w=0.200)  OUT=1.381e-04 (w=0.315)  DATA=1.751e-03 (w=4.885)
[Adam] ep= 2920  total=2.680e-02  PDE=5.851e-03 [colloc=5.512e-03, cfd=1.692e-04] (w=2.952)  IN=2.674e-04 (w=0.844)  TB=9.522e-04 (w=0.892)  WALL=1.394e-15 (w=0.200)  OUT=7.482e-05 (w=0.277)  DATA=1.696e-03 (w=4.968)
[Adam] ep= 2940  total=2.263e-02  PDE=4.878e-03 [colloc=4.491e-03, cfd=1.935e-04] (w=2.947)  IN=4.131e-04 (w=0.821)  TB=9.133e-04 (w=0.934)  WALL=1.340e-15 (w=0.200)  OUT=7.842e-05 (w=0.275)  DATA=1.429e-03 (w=4.930)
[Adam] ep= 2960  total=2.421e-02  PDE=5.331e-03 [colloc=4.937e-03, cfd=1.971e-04] (w=2.989)  IN=3.463e-04 (w=0.804)  TB=9.358e-04 (w=0.926)  WALL=1.335e-15 (w=0.200)  OUT=8.241e-05 (w=0.291)  DATA=1.480e-03 (w=4.802)
[Adam] ep= 2980  total=2.401e-02  PDE=5.631e-03 [colloc=4.958e-03, cfd=3.363e-04] (w=3.019)  IN=7.552e-04 (w=0.815)  TB=8.671e-04 (w=0.920)  WALL=1.711e-15 (w=0.200)  OUT=1.960e-04 (w=0.328)  DATA=1.200e-03 (w=4.612)
[Adam] ep= 3000  total=2.588e-02  PDE=4.602e-03 [colloc=3.314e-03, cfd=6.437e-04] (w=2.998)  IN=1.090e-03 (w=0.866)  TB=1.037e-03 (w=0.858)  WALL=1.350e-15 (w=0.200)  OUT=2.334e-04 (w=0.409)  DATA=2.184e-03 (w=4.649)
[Adam] ep= 3020  total=3.753e-02  PDE=8.508e-03 [colloc=5.761e-03, cfd=1.373e-03] (w=3.093)  IN=6.258e-04 (w=0.821)  TB=1.572e-03 (w=0.789)  WALL=7.802e-16 (w=0.200)  OUT=1.877e-03 (w=0.615)  DATA=2.005e-03 (w=4.143)
[Adam] ep= 3040  total=4.124e-02  PDE=9.524e-03 [colloc=7.874e-03, cfd=8.254e-04] (w=2.976)  IN=2.606e-03 (w=0.878)  TB=1.042e-03 (w=0.796)  WALL=7.467e-16 (w=0.200)  OUT=9.348e-04 (w=0.717)  DATA=2.127e-03 (w=4.285)
[Adam] ep= 3060  total=2.158e-02  PDE=4.077e-03 [colloc=2.922e-03, cfd=5.774e-04] (w=2.903)  IN=7.546e-04 (w=0.806)  TB=1.279e-03 (w=0.867)  WALL=9.985e-16 (w=0.200)  OUT=1.286e-03 (w=0.814)  DATA=1.601e-03 (w=4.363)
[Adam] ep= 3080  total=5.608e-02  PDE=1.348e-02 [colloc=1.124e-02, cfd=1.124e-03] (w=2.879)  IN=5.191e-04 (w=0.769)  TB=1.153e-03 (w=0.680)  WALL=1.242e-15 (w=0.200)  OUT=1.934e-03 (w=1.032)  DATA=3.217e-03 (w=4.379)
[Adam] ep= 3100  total=1.947e-02  PDE=3.218e-03 [colloc=2.949e-03, cfd=1.347e-04] (w=2.901)  IN=1.404e-03 (w=0.811)  TB=9.913e-04 (w=0.902)  WALL=1.198e-15 (w=0.200)  OUT=1.307e-04 (w=0.674)  DATA=1.734e-03 (w=4.619)
[Adam] ep= 3120  total=1.904e-02  PDE=3.488e-03 [colloc=3.080e-03, cfd=2.038e-04] (w=2.924)  IN=1.061e-03 (w=0.855)  TB=9.247e-04 (w=0.916)  WALL=1.479e-15 (w=0.200)  OUT=7.451e-05 (w=0.366)  DATA=1.444e-03 (w=4.890)
[Adam] ep= 3140  total=1.865e-02  PDE=3.288e-03 [colloc=3.109e-03, cfd=8.951e-05] (w=2.920)  IN=8.490e-04 (w=0.858)  TB=9.277e-04 (w=0.939)  WALL=1.368e-15 (w=0.200)  OUT=7.467e-05 (w=0.294)  DATA=1.513e-03 (w=4.910)
[Adam] ep= 3160  total=2.026e-02  PDE=3.669e-03 [colloc=3.418e-03, cfd=1.256e-04] (w=2.942)  IN=1.401e-03 (w=0.879)  TB=9.117e-04 (w=0.937)  WALL=1.594e-15 (w=0.200)  OUT=7.844e-05 (w=0.275)  DATA=1.540e-03 (w=4.777)
[Adam] ep= 3180  total=1.827e-02  PDE=3.332e-03 [colloc=3.162e-03, cfd=8.494e-05] (w=2.944)  IN=1.127e-03 (w=0.855)  TB=8.751e-04 (w=0.951)  WALL=1.659e-15 (w=0.200)  OUT=7.659e-05 (w=0.279)  DATA=1.387e-03 (w=4.789)
[Adam] ep= 3200  total=1.630e-02  PDE=3.180e-03 [colloc=2.932e-03, cfd=1.241e-04] (w=2.927)  IN=9.423e-04 (w=0.884)  TB=8.331e-04 (w=0.959)  WALL=1.795e-15 (w=0.200)  OUT=8.846e-05 (w=0.287)  DATA=1.123e-03 (w=4.748)
[Adam] ep= 3220  total=1.966e-02  PDE=4.184e-03 [colloc=3.644e-03, cfd=2.702e-04] (w=2.995)  IN=1.361e-03 (w=0.867)  TB=8.999e-04 (w=0.953)  WALL=1.922e-15 (w=0.200)  OUT=1.062e-04 (w=0.311)  DATA=1.128e-03 (w=4.485)
[Adam] ep= 3240  total=1.614e-02  PDE=3.118e-03 [colloc=2.892e-03, cfd=1.132e-04] (w=3.011)  IN=1.432e-03 (w=0.861)  TB=8.159e-04 (w=0.949)  WALL=1.874e-15 (w=0.200)  OUT=1.423e-04 (w=0.348)  DATA=1.068e-03 (w=4.398)
[Adam] ep= 3260  total=3.992e-02  PDE=8.441e-03 [colloc=6.151e-03, cfd=1.145e-03] (w=3.083)  IN=2.277e-03 (w=0.826)  TB=1.140e-03 (w=0.818)  WALL=1.489e-15 (w=0.200)  OUT=3.154e-04 (w=0.512)  DATA=2.532e-03 (w=4.312)
[Adam] ep= 3280  total=3.883e-02  PDE=8.613e-03 [colloc=5.723e-03, cfd=1.445e-03] (w=3.223)  IN=1.428e-03 (w=0.740)  TB=1.395e-03 (w=0.739)  WALL=1.508e-15 (w=0.200)  OUT=3.766e-03 (w=0.727)  DATA=1.789e-03 (w=3.485)
[Adam] ep= 3300  total=4.248e-02  PDE=7.885e-03 [colloc=7.146e-03, cfd=3.694e-04] (w=3.048)  IN=1.957e-03 (w=0.836)  TB=1.093e-03 (w=0.796)  WALL=6.361e-16 (w=0.200)  OUT=3.476e-04 (w=0.545)  DATA=3.533e-03 (w=4.460)
[Adam] ep= 3320  total=2.611e-02  PDE=3.929e-03 [colloc=3.364e-03, cfd=2.823e-04] (w=2.671)  IN=1.123e-03 (w=1.049)  TB=2.014e-03 (w=0.908)  WALL=1.590e-15 (w=0.200)  OUT=1.534e-04 (w=0.577)  DATA=2.496e-03 (w=5.018)
[Adam] ep= 3340  total=2.376e-02  PDE=4.415e-03 [colloc=4.019e-03, cfd=1.977e-04] (w=2.883)  IN=1.002e-03 (w=0.924)  TB=1.283e-03 (w=0.970)  WALL=1.299e-15 (w=0.200)  OUT=1.216e-04 (w=0.408)  DATA=1.899e-03 (w=4.639)
[Adam] ep= 3360  total=3.764e-02  PDE=8.193e-03 [colloc=6.876e-03, cfd=6.587e-04] (w=2.897)  IN=1.179e-03 (w=0.959)  TB=1.337e-03 (w=0.818)  WALL=1.425e-15 (w=0.200)  OUT=2.972e-04 (w=0.411)  DATA=2.349e-03 (w=4.918)
[Adam] ep= 3380  total=5.112e-02  PDE=9.755e-03 [colloc=8.998e-03, cfd=3.789e-04] (w=2.805)  IN=6.293e-04 (w=0.951)  TB=1.094e-03 (w=0.775)  WALL=1.539e-15 (w=0.200)  OUT=9.203e-05 (w=0.290)  DATA=4.025e-03 (w=5.535)
[Adam] ep= 3400  total=1.969e-02  PDE=3.477e-03 [colloc=3.167e-03, cfd=1.549e-04] (w=2.775)  IN=1.760e-04 (w=0.949)  TB=9.145e-04 (w=0.834)  WALL=1.341e-15 (w=0.200)  OUT=1.108e-04 (w=0.291)  DATA=1.648e-03 (w=5.512)
[Adam] ep= 3420  total=3.135e-02  PDE=6.308e-03 [colloc=5.618e-03, cfd=3.449e-04] (w=2.817)  IN=2.309e-04 (w=0.926)  TB=9.907e-04 (w=0.846)  WALL=1.354e-15 (w=0.200)  OUT=1.826e-04 (w=0.291)  DATA=2.315e-03 (w=5.390)
[Adam] ep= 3440  total=3.065e-02  PDE=7.432e-03 [colloc=7.042e-03, cfd=1.952e-04] (w=3.070)  IN=6.489e-04 (w=0.779)  TB=1.042e-03 (w=0.915)  WALL=9.622e-16 (w=0.200)  OUT=1.857e-04 (w=0.294)  DATA=1.395e-03 (w=4.526)
[Adam] ep= 3460  total=2.279e-02  PDE=4.746e-03 [colloc=3.993e-03, cfd=3.767e-04] (w=2.984)  IN=2.588e-03 (w=1.055)  TB=1.156e-03 (w=0.854)  WALL=1.598e-15 (w=0.200)  OUT=1.249e-04 (w=0.335)  DATA=1.168e-03 (w=4.169)
[Adam] ep= 3480  total=1.480e-02  PDE=2.594e-03 [colloc=2.071e-03, cfd=2.613e-04] (w=2.873)  IN=2.210e-04 (w=0.945)  TB=9.611e-04 (w=0.949)  WALL=1.305e-15 (w=0.200)  OUT=1.346e-04 (w=0.627)  DATA=1.434e-03 (w=4.280)
[Adam] ep= 3500  total=2.706e-02  PDE=5.829e-03 [colloc=5.237e-03, cfd=2.961e-04] (w=2.993)  IN=1.119e-03 (w=0.850)  TB=1.068e-03 (w=0.918)  WALL=1.500e-15 (w=0.200)  OUT=2.154e-04 (w=0.437)  DATA=1.688e-03 (w=4.490)
[Adam] ep= 3520  total=4.649e-02  PDE=1.035e-02 [colloc=9.610e-03, cfd=3.703e-04] (w=3.126)  IN=3.755e-04 (w=0.858)  TB=1.152e-03 (w=0.761)  WALL=1.874e-15 (w=0.200)  OUT=3.900e-04 (w=0.447)  DATA=2.989e-03 (w=4.270)
[Adam] ep= 3540  total=2.855e-02  PDE=4.621e-03 [colloc=4.007e-03, cfd=3.069e-04] (w=2.951)  IN=1.986e-03 (w=0.940)  TB=9.694e-04 (w=0.865)  WALL=1.365e-15 (w=0.200)  OUT=7.672e-05 (w=0.318)  DATA=2.577e-03 (w=4.729)
[Adam] ep= 3560  total=1.444e-02  PDE=2.327e-03 [colloc=1.996e-03, cfd=1.654e-04] (w=2.994)  IN=2.170e-04 (w=0.872)  TB=9.399e-04 (w=0.865)  WALL=1.645e-15 (w=0.200)  OUT=1.231e-04 (w=0.318)  DATA=1.355e-03 (w=4.742)
[Adam] ep= 3580  total=2.178e-02  PDE=4.919e-03 [colloc=3.294e-03, cfd=8.124e-04] (w=3.036)  IN=8.730e-04 (w=0.848)  TB=1.067e-03 (w=0.891)  WALL=1.346e-15 (w=0.200)  OUT=7.037e-04 (w=0.562)  DATA=1.148e-03 (w=4.146)
[Adam] ep= 3600  total=2.113e-02  PDE=4.435e-03 [colloc=3.485e-03, cfd=4.753e-04] (w=3.029)  IN=5.546e-04 (w=0.857)  TB=8.963e-04 (w=0.757)  WALL=1.652e-15 (w=0.200)  OUT=4.455e-04 (w=0.817)  DATA=1.585e-03 (w=3.894)
[Adam] ep= 3620  total=2.207e-02  PDE=4.775e-03 [colloc=4.318e-03, cfd=2.285e-04] (w=2.981)  IN=1.288e-03 (w=0.820)  TB=8.516e-04 (w=0.872)  WALL=1.582e-15 (w=0.200)  OUT=2.100e-04 (w=0.835)  DATA=1.526e-03 (w=3.837)
[Adam] ep= 3640  total=1.737e-02  PDE=3.440e-03 [colloc=3.073e-03, cfd=1.833e-04] (w=2.986)  IN=9.811e-04 (w=0.829)  TB=9.495e-04 (w=0.942)  WALL=1.659e-15 (w=0.200)  OUT=8.912e-05 (w=0.505)  DATA=1.217e-03 (w=4.395)
[Adam] ep= 3660  total=1.728e-02  PDE=3.372e-03 [colloc=3.162e-03, cfd=1.054e-04] (w=2.968)  IN=1.090e-03 (w=0.850)  TB=8.652e-04 (w=0.979)  WALL=1.604e-15 (w=0.200)  OUT=6.987e-05 (w=0.325)  DATA=1.201e-03 (w=4.556)
[Adam] ep= 3680  total=1.634e-02  PDE=3.029e-03 [colloc=2.835e-03, cfd=9.664e-05] (w=2.969)  IN=9.985e-04 (w=0.859)  TB=8.417e-04 (w=0.982)  WALL=1.544e-15 (w=0.200)  OUT=6.041e-05 (w=0.275)  DATA=1.235e-03 (w=4.570)
[Adam] ep= 3700  total=1.531e-02  PDE=3.313e-03 [colloc=3.065e-03, cfd=1.239e-04] (w=2.981)  IN=5.591e-04 (w=0.849)  TB=8.283e-04 (w=1.009)  WALL=1.683e-15 (w=0.200)  OUT=6.034e-05 (w=0.275)  DATA=9.238e-04 (w=4.448)
[Adam] ep= 3720  total=1.637e-02  PDE=3.693e-03 [colloc=3.491e-03, cfd=1.008e-04] (w=2.995)  IN=3.811e-04 (w=0.840)  TB=7.777e-04 (w=0.997)  WALL=1.816e-15 (w=0.200)  OUT=5.869e-05 (w=0.273)  DATA=9.435e-04 (w=4.451)
[Adam] ep= 3740  total=1.371e-02  PDE=2.975e-03 [colloc=2.759e-03, cfd=1.082e-04] (w=2.973)  IN=4.578e-04 (w=0.855)  TB=7.629e-04 (w=1.019)  WALL=1.829e-15 (w=0.200)  OUT=5.661e-05 (w=0.281)  DATA=8.316e-04 (w=4.425)
[Adam] ep= 3760  total=1.508e-02  PDE=3.387e-03 [colloc=3.115e-03, cfd=1.364e-04] (w=2.983)  IN=3.626e-04 (w=0.850)  TB=7.588e-04 (w=1.012)  WALL=1.784e-15 (w=0.200)  OUT=6.048e-05 (w=0.283)  DATA=8.796e-04 (w=4.416)
[Adam] ep= 3780  total=1.522e-02  PDE=3.443e-03 [colloc=3.198e-03, cfd=1.225e-04] (w=2.995)  IN=5.825e-04 (w=0.855)  TB=7.534e-04 (w=1.013)  WALL=1.932e-15 (w=0.200)  OUT=6.112e-05 (w=0.286)  DATA=8.363e-04 (w=4.336)
[Adam] ep= 3800  total=1.942e-02  PDE=4.843e-03 [colloc=4.655e-03, cfd=9.400e-05] (w=3.057)  IN=8.924e-04 (w=0.851)  TB=7.728e-04 (w=0.985)  WALL=2.400e-15 (w=0.200)  OUT=1.079e-04 (w=0.307)  DATA=7.443e-04 (w=4.115)
[Adam] ep= 3820  total=1.371e-02  PDE=2.362e-03 [colloc=2.016e-03, cfd=1.732e-04] (w=2.926)  IN=1.356e-03 (w=0.923)  TB=8.119e-04 (w=0.999)  WALL=1.823e-15 (w=0.200)  OUT=2.974e-04 (w=0.484)  DATA=1.088e-03 (w=4.217)
[Adam] ep= 3840  total=2.476e-02  PDE=5.328e-03 [colloc=4.869e-03, cfd=2.298e-04] (w=3.070)  IN=1.276e-04 (w=0.803)  TB=8.480e-04 (w=0.869)  WALL=2.177e-15 (w=0.200)  OUT=1.399e-04 (w=0.473)  DATA=1.721e-03 (w=4.358)
[Adam] ep= 3860  total=3.096e-02  PDE=6.559e-03 [colloc=6.248e-03, cfd=1.559e-04] (w=2.994)  IN=5.774e-04 (w=0.880)  TB=8.196e-04 (w=0.821)  WALL=1.896e-15 (w=0.200)  OUT=6.014e-05 (w=0.306)  DATA=2.083e-03 (w=4.855)
[Adam] ep= 3880  total=2.574e-02  PDE=5.309e-03 [colloc=5.070e-03, cfd=1.196e-04] (w=2.911)  IN=3.017e-04 (w=0.884)  TB=9.427e-04 (w=0.872)  WALL=1.823e-15 (w=0.200)  OUT=6.423e-05 (w=0.253)  DATA=1.799e-03 (w=5.103)
[Adam] ep= 3900  total=1.756e-02  PDE=3.697e-03 [colloc=3.348e-03, cfd=1.741e-04] (w=2.911)  IN=1.853e-04 (w=0.868)  TB=8.155e-04 (w=0.921)  WALL=1.781e-15 (w=0.200)  OUT=5.896e-05 (w=0.253)  DATA=1.173e-03 (w=5.008)
[Adam] ep= 3920  total=1.646e-02  PDE=3.721e-03 [colloc=3.440e-03, cfd=1.407e-04] (w=3.005)  IN=4.368e-04 (w=0.810)  TB=7.887e-04 (w=0.981)  WALL=1.903e-15 (w=0.200)  OUT=6.897e-05 (w=0.271)  DATA=9.079e-04 (w=4.552)
[Adam] ep= 3940  total=1.427e-02  PDE=3.068e-03 [colloc=2.854e-03, cfd=1.070e-04] (w=2.991)  IN=3.150e-04 (w=0.836)  TB=7.783e-04 (w=1.011)  WALL=1.890e-15 (w=0.200)  OUT=5.535e-05 (w=0.273)  DATA=9.094e-04 (w=4.431)
[Adam] ep= 3960  total=1.529e-02  PDE=3.547e-03 [colloc=3.244e-03, cfd=1.516e-04] (w=3.053)  IN=4.709e-04 (w=0.821)  TB=7.717e-04 (w=1.007)  WALL=2.001e-15 (w=0.200)  OUT=5.527e-05 (w=0.271)  DATA=7.849e-04 (w=4.185)
[Adam] ep= 3980  total=1.210e-02  PDE=2.531e-03 [colloc=2.284e-03, cfd=1.235e-04] (w=3.019)  IN=7.040e-04 (w=0.856)  TB=7.430e-04 (w=1.021)  WALL=2.021e-15 (w=0.200)  OUT=7.064e-05 (w=0.283)  DATA=7.348e-04 (w=4.185)
[Adam] ep= 4000  total=1.214e-02  PDE=2.630e-03 [colloc=2.372e-03, cfd=1.290e-04] (w=3.017)  IN=3.986e-04 (w=0.853)  TB=7.458e-04 (w=1.030)  WALL=1.976e-15 (w=0.200)  OUT=5.589e-05 (w=0.282)  DATA=7.391e-04 (w=4.174)
============================================================
Phase 2 — BFGS (12000 total calls, 200 iters/batch)
Adaptive weights are frozen for BFGS stability | method=SSBroyden1
============================================================
[BFGS] full data fitting: 4869 CFD points pinned per call
[BFGS] using CUSTOM _optimize._minimize_bfgs (method_bfgs='SSBroyden1')
