[OK] _optimize._minimize_bfgs loaded — SSBroyden / SSBFGS variants available
[warn] CUDA not available, falling back to CPU.
Loaded Re40.vtk  cells=8234
Model: width=96, depth=5, params=38018
Loss weights: adaptive during Adam, frozen during BFGS
Cylinder no-slip: enforced hard through stream-function lifting
CFD-aware PDE residual: n_cfd_pde=4000, lambda_pde_cfd=2.0
[mem ] params=38018  H0 (NxN float64) = 10.77 GB  available ~ 155.7 GB
============================================================
Phase 1 — Adam (1500 epochs)
Goal: match CFD while improving PDE and enforcing wall no-slip exactly
============================================================
[Adam] ep=   20  total=3.553e+00  PDE=1.476e-01 [colloc=1.325e-01, cfd=7.572e-03] (w=2.181)  IN=7.151e-01 (w=1.322)  TB=8.347e-01 (w=1.383)  WALL=7.131e-15 (w=0.200)  OUT=1.975e-01 (w=0.700)  DATA=2.897e-01 (w=3.429)
[Adam] ep=   40  total=2.009e+00  PDE=1.407e-01 [colloc=1.241e-01, cfd=8.302e-03] (w=1.480)  IN=2.734e-01 (w=1.439)  TB=5.057e-01 (w=1.688)  WALL=7.051e-15 (w=0.200)  OUT=2.661e-02 (w=0.454)  DATA=1.426e-01 (w=3.798)
[Adam] ep=   60  total=8.314e-01  PDE=1.791e-01 [colloc=1.613e-01, cfd=8.906e-03] (w=1.871)  IN=6.115e-02 (w=1.225)  TB=1.525e-01 (w=1.708)  WALL=2.371e-15 (w=0.200)  OUT=1.262e-02 (w=0.458)  DATA=4.292e-02 (w=3.610)
[Adam] ep=   80  total=7.077e-01  PDE=1.765e-01 [colloc=1.655e-01, cfd=5.495e-03] (w=2.608)  IN=4.271e-02 (w=1.044)  TB=7.328e-02 (w=1.457)  WALL=2.431e-15 (w=0.200)  OUT=2.187e-03 (w=0.289)  DATA=2.897e-02 (w=3.297)
[Adam] ep=  100  total=5.520e-01  PDE=1.180e-01 [colloc=1.105e-01, cfd=3.754e-03] (w=2.750)  IN=4.216e-02 (w=1.034)  TB=5.880e-02 (w=1.311)  WALL=1.553e-15 (w=0.200)  OUT=2.068e-03 (w=0.243)  DATA=2.985e-02 (w=3.557)
[Adam] ep=  120  total=5.733e-01  PDE=1.311e-01 [colloc=1.251e-01, cfd=2.986e-03] (w=2.737)  IN=4.196e-02 (w=1.085)  TB=5.142e-02 (w=1.255)  WALL=1.884e-15 (w=0.200)  OUT=2.419e-03 (w=0.266)  DATA=2.822e-02 (w=3.682)
[Adam] ep=  140  total=5.196e-01  PDE=1.161e-01 [colloc=1.109e-01, cfd=2.618e-03] (w=2.733)  IN=4.183e-02 (w=1.132)  TB=4.638e-02 (w=1.222)  WALL=2.476e-15 (w=0.200)  OUT=2.491e-03 (w=0.276)  DATA=2.679e-02 (w=3.642)
[Adam] ep=  160  total=5.217e-01  PDE=1.228e-01 [colloc=1.183e-01, cfd=2.245e-03] (w=2.737)  IN=4.379e-02 (w=1.182)  TB=4.179e-02 (w=1.188)  WALL=2.454e-15 (w=0.200)  OUT=2.519e-03 (w=0.285)  DATA=2.361e-02 (w=3.539)
[Adam] ep=  180  total=5.228e-01  PDE=1.250e-01 [colloc=1.209e-01, cfd=2.093e-03] (w=2.747)  IN=4.428e-02 (w=1.210)  TB=3.853e-02 (w=1.153)  WALL=2.666e-15 (w=0.200)  OUT=2.427e-03 (w=0.289)  DATA=2.299e-02 (w=3.507)
[Adam] ep=  200  total=5.388e-01  PDE=1.344e-01 [colloc=1.306e-01, cfd=1.939e-03] (w=2.756)  IN=4.239e-02 (w=1.233)  TB=3.443e-02 (w=1.123)  WALL=2.706e-15 (w=0.200)  OUT=2.292e-03 (w=0.286)  DATA=2.199e-02 (w=3.488)
[Adam] ep=  220  total=5.640e-01  PDE=1.444e-01 [colloc=1.405e-01, cfd=1.945e-03] (w=2.786)  IN=4.335e-02 (w=1.247)  TB=3.194e-02 (w=1.086)  WALL=2.650e-15 (w=0.200)  OUT=2.245e-03 (w=0.281)  DATA=2.110e-02 (w=3.431)
