[OK] _optimize._minimize_bfgs loaded — SSBroyden / SSBFGS variants available
Loaded Re40.vtk  cells=8234
Model: width=96, depth=5, params=38018
Loss weights: adaptive during Adam, frozen during BFGS
Cylinder no-slip: enforced hard through stream-function lifting
CFD-aware PDE residual: n_cfd_pde=16000, lambda_pde_cfd=2.0
[mem ] params=38018  H0 (NxN float64) = 10.77 GB  available ~ 128.0 GB
============================================================
Phase 1 — Adam (1500 epochs)
Goal: match CFD while improving PDE and enforcing wall no-slip exactly
============================================================
[Adam] ep=   20  total=3.591e+00  PDE=1.805e-01 [colloc=1.677e-01, cfd=6.393e-03] (w=2.167)  IN=7.059e-01 (w=1.328)  TB=8.320e-01 (w=1.390)  WALL=6.637e-15 (w=0.200)  OUT=1.693e-01 (w=0.687)  DATA=2.868e-01 (w=3.450)
[Adam] ep=   40  total=1.924e+00  PDE=1.055e-01 [colloc=8.747e-02, cfd=8.995e-03] (w=1.482)  IN=2.686e-01 (w=1.434)  TB=4.919e-01 (w=1.694)  WALL=2.666e-15 (w=0.200)  OUT=1.727e-02 (w=0.435)  DATA=1.421e-01 (w=3.816)
[Adam] ep=   60  total=8.822e-01  PDE=2.556e-01 [colloc=2.367e-01, cfd=9.427e-03] (w=2.112)  IN=4.803e-02 (w=1.193)  TB=9.137e-02 (w=1.629)  WALL=3.477e-15 (w=0.200)  OUT=2.135e-03 (w=0.360)  DATA=3.764e-02 (w=3.602)
[Adam] ep=   80  total=7.077e-01  PDE=1.792e-01 [colloc=1.683e-01, cfd=5.460e-03] (w=2.924)  IN=4.294e-02 (w=1.029)  TB=4.519e-02 (w=1.208)  WALL=2.413e-15 (w=0.200)  OUT=2.842e-03 (w=0.281)  DATA=2.704e-02 (w=3.108)
[Adam] ep=  100  total=5.354e-01  PDE=1.146e-01 [colloc=1.072e-01, cfd=3.724e-03] (w=2.988)  IN=3.879e-02 (w=1.025)  TB=4.292e-02 (w=1.091)  WALL=1.193e-15 (w=0.200)  OUT=1.793e-03 (w=0.238)  DATA=3.087e-02 (w=3.425)
[Adam] ep=  120  total=4.533e-01  PDE=8.566e-02 [colloc=7.995e-02, cfd=2.854e-03] (w=2.890)  IN=3.892e-02 (w=1.055)  TB=4.388e-02 (w=1.114)  WALL=9.273e-16 (w=0.200)  OUT=2.152e-03 (w=0.247)  DATA=3.086e-02 (w=3.735)
[Adam] ep=  140  total=3.935e-01  PDE=7.150e-02 [colloc=6.681e-02, cfd=2.344e-03] (w=2.866)  IN=4.003e-02 (w=1.086)  TB=4.321e-02 (w=1.126)  WALL=9.697e-16 (w=0.200)  OUT=2.368e-03 (w=0.259)  DATA=2.623e-02 (w=3.655)
[Adam] ep=  160  total=3.989e-01  PDE=7.168e-02 [colloc=6.711e-02, cfd=2.284e-03] (w=2.846)  IN=4.702e-02 (w=1.132)  TB=4.000e-02 (w=1.115)  WALL=6.645e-16 (w=0.200)  OUT=2.298e-03 (w=0.267)  DATA=2.688e-02 (w=3.589)
[Adam] ep=  180  total=4.422e-01  PDE=9.642e-02 [colloc=9.232e-02, cfd=2.050e-03] (w=2.817)  IN=4.021e-02 (w=1.162)  TB=3.884e-02 (w=1.122)  WALL=1.432e-15 (w=0.200)  OUT=2.312e-03 (w=0.275)  DATA=2.242e-02 (w=3.555)
[Adam] ep=  200  total=4.239e-01  PDE=8.681e-02 [colloc=8.297e-02, cfd=1.919e-03] (w=2.764)  IN=4.588e-02 (w=1.212)  TB=3.699e-02 (w=1.126)  WALL=9.059e-16 (w=0.200)  OUT=2.249e-03 (w=0.278)  DATA=2.420e-02 (w=3.556)
[Adam] ep=  220  total=4.001e-01  PDE=8.585e-02 [colloc=8.243e-02, cfd=1.715e-03] (w=2.768)  IN=4.218e-02 (w=1.225)  TB=3.529e-02 (w=1.121)  WALL=1.338e-15 (w=0.200)  OUT=2.195e-03 (w=0.280)  DATA=2.025e-02 (w=3.483)
[Adam] ep=  240  total=3.451e-01  PDE=6.630e-02 [colloc=6.294e-02, cfd=1.676e-03] (w=2.767)  IN=4.355e-02 (w=1.244)  TB=3.299e-02 (w=1.104)  WALL=8.287e-16 (w=0.200)  OUT=2.056e-03 (w=0.275)  DATA=2.029e-02 (w=3.478)
[Adam] ep=  260  total=3.123e-01  PDE=5.731e-02 [colloc=5.433e-02, cfd=1.489e-03] (w=2.793)  IN=4.306e-02 (w=1.251)  TB=3.054e-02 (w=1.078)  WALL=8.199e-16 (w=0.200)  OUT=1.907e-03 (w=0.271)  DATA=1.896e-02 (w=3.421)
[Adam] ep=  280  total=2.866e-01  PDE=5.015e-02 [colloc=4.735e-02, cfd=1.402e-03] (w=2.830)  IN=4.228e-02 (w=1.251)  TB=2.782e-02 (w=1.042)  WALL=6.195e-16 (w=0.200)  OUT=1.806e-03 (w=0.265)  DATA=1.837e-02 (w=3.395)
[Adam] ep=  300  total=3.661e-01  PDE=8.134e-02 [colloc=7.756e-02, cfd=1.891e-03] (w=2.843)  IN=3.821e-02 (w=1.251)  TB=2.661e-02 (w=1.022)  WALL=1.655e-15 (w=0.200)  OUT=1.689e-03 (w=0.261)  DATA=1.738e-02 (w=3.416)
[Adam] ep=  320  total=4.408e-01  PDE=1.051e-01 [colloc=1.022e-01, cfd=1.446e-03] (w=2.791)  IN=4.069e-02 (w=1.283)  TB=2.602e-02 (w=1.032)  WALL=1.453e-15 (w=0.200)  OUT=1.679e-03 (w=0.262)  DATA=1.955e-02 (w=3.483)
[Adam] ep=  340  total=4.332e-01  PDE=1.066e-01 [colloc=1.036e-01, cfd=1.485e-03] (w=2.787)  IN=3.877e-02 (w=1.294)  TB=2.470e-02 (w=1.031)  WALL=1.638e-15 (w=0.200)  OUT=1.555e-03 (w=0.261)  DATA=1.745e-02 (w=3.448)
[Adam] ep=  360  total=3.812e-01  PDE=9.014e-02 [colloc=8.732e-02, cfd=1.410e-03] (w=2.790)  IN=3.654e-02 (w=1.296)  TB=2.331e-02 (w=1.026)  WALL=1.328e-15 (w=0.200)  OUT=1.462e-03 (w=0.258)  DATA=1.687e-02 (w=3.445)
[Adam] ep=  380  total=3.425e-01  PDE=7.834e-02 [colloc=7.583e-02, cfd=1.255e-03] (w=2.789)  IN=3.473e-02 (w=1.297)  TB=2.269e-02 (w=1.022)  WALL=1.378e-15 (w=0.200)  OUT=1.428e-03 (w=0.258)  DATA=1.600e-02 (w=3.463)
[Adam] ep=  400  total=3.056e-01  PDE=6.596e-02 [colloc=6.330e-02, cfd=1.329e-03] (w=2.795)  IN=3.515e-02 (w=1.296)  TB=2.098e-02 (w=1.012)  WALL=1.069e-15 (w=0.200)  OUT=1.328e-03 (w=0.256)  DATA=1.555e-02 (w=3.481)
[Adam] ep=  420  total=2.855e-01  PDE=5.901e-02 [colloc=5.669e-02, cfd=1.161e-03] (w=2.810)  IN=3.494e-02 (w=1.293)  TB=1.980e-02 (w=0.995)  WALL=9.171e-16 (w=0.200)  OUT=1.281e-03 (w=0.252)  DATA=1.558e-02 (w=3.500)
[Adam] ep=  440  total=2.663e-01  PDE=5.332e-02 [colloc=5.087e-02, cfd=1.227e-03] (w=2.825)  IN=3.471e-02 (w=1.294)  TB=1.854e-02 (w=0.973)  WALL=7.384e-16 (w=0.200)  OUT=1.196e-03 (w=0.249)  DATA=1.492e-02 (w=3.514)
[Adam] ep=  460  total=2.516e-01  PDE=4.903e-02 [colloc=4.653e-02, cfd=1.249e-03] (w=2.854)  IN=3.292e-02 (w=1.283)  TB=1.734e-02 (w=0.955)  WALL=8.193e-16 (w=0.200)  OUT=1.146e-03 (w=0.245)  DATA=1.505e-02 (w=3.494)
[Adam] ep=  480  total=2.357e-01  PDE=4.530e-02 [colloc=4.306e-02, cfd=1.122e-03] (w=2.857)  IN=3.054e-02 (w=1.286)  TB=1.631e-02 (w=0.937)  WALL=5.918e-16 (w=0.200)  OUT=1.093e-03 (w=0.242)  DATA=1.455e-02 (w=3.535)
[Adam] ep=  500  total=2.337e-01  PDE=4.557e-02 [colloc=4.326e-02, cfd=1.155e-03] (w=2.869)  IN=3.020e-02 (w=1.283)  TB=1.574e-02 (w=0.925)  WALL=8.146e-16 (w=0.200)  OUT=1.020e-03 (w=0.239)  DATA=1.394e-02 (w=3.544)
[Adam] ep=  520  total=2.223e-01  PDE=4.221e-02 [colloc=4.003e-02, cfd=1.091e-03] (w=2.882)  IN=2.984e-02 (w=1.277)  TB=1.466e-02 (w=0.910)  WALL=6.578e-16 (w=0.200)  OUT=9.646e-04 (w=0.235)  DATA=1.375e-02 (w=3.565)
[Adam] ep=  540  total=2.176e-01  PDE=4.138e-02 [colloc=3.921e-02, cfd=1.085e-03] (w=2.894)  IN=2.923e-02 (w=1.272)  TB=1.393e-02 (w=0.896)  WALL=6.135e-16 (w=0.200)  OUT=9.264e-04 (w=0.231)  DATA=1.338e-02 (w=3.583)
[Adam] ep=  560  total=1.994e-01  PDE=3.676e-02 [colloc=3.455e-02, cfd=1.102e-03] (w=2.914)  IN=2.682e-02 (w=1.263)  TB=1.294e-02 (w=0.876)  WALL=5.972e-16 (w=0.200)  OUT=8.815e-04 (w=0.226)  DATA=1.301e-02 (w=3.607)
[Adam] ep=  580  total=1.894e-01  PDE=3.462e-02 [colloc=3.265e-02, cfd=9.859e-04] (w=2.938)  IN=2.560e-02 (w=1.255)  TB=1.219e-02 (w=0.853)  WALL=5.675e-16 (w=0.200)  OUT=7.947e-04 (w=0.219)  DATA=1.247e-02 (w=3.612)
[Adam] ep=  600  total=2.368e-01  PDE=5.055e-02 [colloc=4.818e-02, cfd=1.181e-03] (w=2.906)  IN=2.545e-02 (w=1.275)  TB=1.175e-02 (w=0.849)  WALL=8.021e-16 (w=0.200)  OUT=8.663e-04 (w=0.224)  DATA=1.284e-02 (w=3.682)
[Adam] ep=  620  total=2.514e-01  PDE=5.557e-02 [colloc=5.321e-02, cfd=1.179e-03] (w=2.861)  IN=2.565e-02 (w=1.290)  TB=1.223e-02 (w=0.881)  WALL=8.570e-16 (w=0.200)  OUT=7.308e-04 (w=0.221)  DATA=1.295e-02 (w=3.739)
[Adam] ep=  640  total=2.306e-01  PDE=4.844e-02 [colloc=4.633e-02, cfd=1.056e-03] (w=2.850)  IN=2.441e-02 (w=1.288)  TB=1.178e-02 (w=0.892)  WALL=8.614e-16 (w=0.200)  OUT=7.023e-04 (w=0.219)  DATA=1.338e-02 (w=3.767)
[Adam] ep=  660  total=2.185e-01  PDE=4.528e-02 [colloc=4.313e-02, cfd=1.079e-03] (w=2.860)  IN=2.324e-02 (w=1.284)  TB=1.089e-02 (w=0.879)  WALL=7.925e-16 (w=0.200)  OUT=7.016e-04 (w=0.219)  DATA=1.306e-02 (w=3.786)
[Adam] ep=  680  total=2.064e-01  PDE=4.268e-02 [colloc=4.047e-02, cfd=1.108e-03] (w=2.863)  IN=2.276e-02 (w=1.282)  TB=1.065e-02 (w=0.868)  WALL=7.746e-16 (w=0.200)  OUT=6.368e-04 (w=0.217)  DATA=1.195e-02 (w=3.820)
[Adam] ep=  700  total=2.063e-01  PDE=4.208e-02 [colloc=3.999e-02, cfd=1.045e-03] (w=2.860)  IN=2.203e-02 (w=1.286)  TB=1.005e-02 (w=0.857)  WALL=6.248e-16 (w=0.200)  OUT=6.742e-04 (w=0.216)  DATA=1.266e-02 (w=3.860)
[Adam] ep=  720  total=2.059e-01  PDE=4.320e-02 [colloc=4.103e-02, cfd=1.084e-03] (w=2.862)  IN=2.097e-02 (w=1.284)  TB=9.792e-03 (w=0.853)  WALL=7.069e-16 (w=0.200)  OUT=5.887e-04 (w=0.214)  DATA=1.211e-02 (w=3.873)
[Adam] ep=  740  total=2.290e-01  PDE=5.198e-02 [colloc=4.963e-02, cfd=1.178e-03] (w=2.854)  IN=1.946e-02 (w=1.283)  TB=9.533e-03 (w=0.849)  WALL=9.888e-16 (w=0.200)  OUT=5.908e-04 (w=0.214)  DATA=1.206e-02 (w=3.937)
[Adam] ep=  760  total=2.382e-01  PDE=5.450e-02 [colloc=5.165e-02, cfd=1.425e-03] (w=2.852)  IN=2.070e-02 (w=1.284)  TB=9.170e-03 (w=0.843)  WALL=7.641e-16 (w=0.200)  OUT=5.541e-04 (w=0.213)  DATA=1.220e-02 (w=3.960)
[Adam] ep=  780  total=2.103e-01  PDE=4.391e-02 [colloc=4.069e-02, cfd=1.610e-03] (w=2.849)  IN=2.089e-02 (w=1.285)  TB=8.751e-03 (w=0.835)  WALL=4.895e-16 (w=0.200)  OUT=5.517e-04 (w=0.216)  DATA=1.275e-02 (w=3.992)
[Adam] ep=  800  total=2.149e-01  PDE=4.550e-02 [colloc=4.071e-02, cfd=2.397e-03] (w=2.864)  IN=1.683e-02 (w=1.252)  TB=9.568e-03 (w=0.788)  WALL=1.221e-15 (w=0.200)  OUT=9.546e-04 (w=0.238)  DATA=1.324e-02 (w=4.217)
[Adam] ep=  820  total=5.749e-01  PDE=1.326e-01 [colloc=1.258e-01, cfd=3.391e-03] (w=3.275)  IN=2.864e-02 (w=0.924)  TB=1.482e-02 (w=0.594)  WALL=3.387e-15 (w=0.200)  OUT=5.898e-03 (w=0.325)  DATA=2.693e-02 (w=3.837)
[Adam] ep=  840  total=4.480e-01  PDE=1.065e-01 [colloc=1.043e-01, cfd=1.070e-03] (w=2.947)  IN=2.681e-02 (w=1.092)  TB=2.807e-02 (w=0.941)  WALL=2.978e-15 (w=0.200)  OUT=1.016e-03 (w=0.430)  DATA=2.086e-02 (w=3.744)
[Adam] ep=  860  total=2.509e-01  PDE=4.107e-02 [colloc=3.607e-02, cfd=2.499e-03] (w=2.725)  IN=2.786e-02 (w=1.206)  TB=1.376e-02 (w=1.023)  WALL=9.780e-16 (w=0.200)  OUT=4.556e-03 (w=0.370)  DATA=2.174e-02 (w=4.122)
[Adam] ep=  880  total=2.845e-01  PDE=7.184e-02 [colloc=6.683e-02, cfd=2.502e-03] (w=2.761)  IN=1.325e-02 (w=1.242)  TB=8.845e-03 (w=0.859)  WALL=2.111e-15 (w=0.200)  OUT=1.664e-03 (w=0.355)  DATA=1.400e-02 (w=4.388)
[Adam] ep=  900  total=1.272e+00  PDE=3.328e-01 [colloc=3.134e-01, cfd=9.704e-03] (w=3.268)  IN=1.031e-02 (w=0.909)  TB=1.289e-02 (w=0.636)  WALL=8.883e-15 (w=0.200)  OUT=7.911e-03 (w=0.296)  DATA=4.247e-02 (w=3.869)
[Adam] ep=  920  total=1.962e-01  PDE=3.928e-02 [colloc=3.680e-02, cfd=1.241e-03] (w=2.752)  IN=2.051e-02 (w=1.162)  TB=1.071e-02 (w=0.799)  WALL=1.073e-15 (w=0.200)  OUT=1.332e-03 (w=0.787)  DATA=1.351e-02 (w=4.051)
[Adam] ep=  940  total=1.544e-01  PDE=2.564e-02 [colloc=2.381e-02, cfd=9.159e-04] (w=2.764)  IN=1.682e-02 (w=1.196)  TB=8.562e-03 (w=0.881)  WALL=4.651e-16 (w=0.200)  OUT=1.002e-03 (w=0.518)  DATA=1.302e-02 (w=4.253)
[Adam] ep=  960  total=1.994e-01  PDE=4.240e-02 [colloc=3.985e-02, cfd=1.275e-03] (w=2.802)  IN=1.543e-02 (w=1.218)  TB=7.285e-03 (w=0.858)  WALL=8.422e-16 (w=0.200)  OUT=5.830e-04 (w=0.320)  DATA=1.269e-02 (w=4.364)
[Adam] ep=  980  total=1.805e-01  PDE=3.719e-02 [colloc=3.494e-02, cfd=1.129e-03] (w=2.814)  IN=1.463e-02 (w=1.235)  TB=6.282e-03 (w=0.825)  WALL=6.606e-16 (w=0.200)  OUT=5.610e-04 (w=0.256)  DATA=1.192e-02 (w=4.401)
[Adam] ep= 1000  total=1.770e-01  PDE=3.610e-02 [colloc=3.393e-02, cfd=1.083e-03] (w=2.828)  IN=1.502e-02 (w=1.239)  TB=5.565e-03 (w=0.790)  WALL=6.813e-16 (w=0.200)  OUT=5.143e-04 (w=0.243)  DATA=1.169e-02 (w=4.430)
[Adam] ep= 1020  total=1.604e-01  PDE=3.120e-02 [colloc=2.931e-02, cfd=9.443e-04] (w=2.835)  IN=1.441e-02 (w=1.234)  TB=5.277e-03 (w=0.772)  WALL=5.672e-16 (w=0.200)  OUT=5.512e-04 (w=0.246)  DATA=1.117e-02 (w=4.470)
[Adam] ep= 1040  total=1.589e-01  PDE=3.295e-02 [colloc=3.045e-02, cfd=1.248e-03] (w=2.838)  IN=1.306e-02 (w=1.235)  TB=4.811e-03 (w=0.753)  WALL=5.599e-16 (w=0.200)  OUT=5.435e-04 (w=0.247)  DATA=1.010e-02 (w=4.504)
[Adam] ep= 1060  total=1.555e-01  PDE=3.063e-02 [colloc=2.870e-02, cfd=9.622e-04] (w=2.837)  IN=1.312e-02 (w=1.230)  TB=4.494e-03 (w=0.734)  WALL=5.718e-16 (w=0.200)  OUT=5.546e-04 (w=0.253)  DATA=1.072e-02 (w=4.573)
[Adam] ep= 1080  total=1.589e-01  PDE=2.963e-02 [colloc=2.802e-02, cfd=8.052e-04] (w=2.825)  IN=1.350e-02 (w=1.226)  TB=4.085e-03 (w=0.712)  WALL=6.044e-16 (w=0.200)  OUT=4.997e-04 (w=0.258)  DATA=1.186e-02 (w=4.693)
[Adam] ep= 1100  total=1.531e-01  PDE=2.900e-02 [colloc=2.673e-02, cfd=1.131e-03] (w=2.821)  IN=1.244e-02 (w=1.237)  TB=3.765e-03 (w=0.696)  WALL=6.879e-16 (w=0.200)  OUT=5.018e-04 (w=0.262)  DATA=1.131e-02 (w=4.697)
[Adam] ep= 1120  total=1.408e-01  PDE=2.333e-02 [colloc=2.167e-02, cfd=8.297e-04] (w=2.826)  IN=1.375e-02 (w=1.231)  TB=3.223e-03 (w=0.674)  WALL=2.902e-16 (w=0.200)  OUT=4.626e-04 (w=0.271)  DATA=1.173e-02 (w=4.744)
[Adam] ep= 1140  total=1.862e-01  PDE=3.062e-02 [colloc=2.630e-02, cfd=2.156e-03] (w=2.944)  IN=1.634e-02 (w=1.154)  TB=3.527e-03 (w=0.635)  WALL=8.672e-17 (w=0.200)  OUT=1.309e-03 (w=0.287)  DATA=1.617e-02 (w=4.614)
[Adam] ep= 1160  total=1.764e-01  PDE=2.179e-02 [colloc=1.986e-02, cfd=9.670e-04] (w=3.079)  IN=1.685e-02 (w=1.007)  TB=4.055e-03 (w=0.586)  WALL=1.704e-16 (w=0.200)  OUT=6.493e-04 (w=0.319)  DATA=1.948e-02 (w=4.608)
[Adam] ep= 1180  total=1.306e-01  PDE=2.302e-02 [colloc=2.088e-02, cfd=1.072e-03] (w=2.786)  IN=9.550e-03 (w=1.144)  TB=5.013e-03 (w=0.816)  WALL=3.480e-16 (w=0.200)  OUT=5.283e-04 (w=0.328)  DATA=1.057e-02 (w=4.848)
[Adam] ep= 1200  total=1.960e-01  PDE=4.321e-02 [colloc=2.390e-02, cfd=9.655e-03] (w=2.955)  IN=9.762e-03 (w=1.052)  TB=3.721e-03 (w=0.678)  WALL=2.629e-16 (w=0.200)  OUT=5.339e-04 (w=0.337)  DATA=1.154e-02 (w=4.797)
[Adam] ep= 1220  total=2.038e-01  PDE=4.697e-02 [colloc=3.671e-02, cfd=5.129e-03] (w=2.988)  IN=8.535e-03 (w=1.045)  TB=5.332e-03 (w=0.680)  WALL=1.133e-15 (w=0.200)  OUT=9.738e-04 (w=0.343)  DATA=1.085e-02 (w=4.661)
[Adam] ep= 1240  total=1.662e-01  PDE=3.527e-02 [colloc=2.704e-02, cfd=4.119e-03] (w=2.923)  IN=7.719e-03 (w=1.037)  TB=5.295e-03 (w=0.758)  WALL=7.026e-16 (w=0.200)  OUT=8.342e-04 (w=0.373)  DATA=1.068e-02 (w=4.757)
[Adam] ep= 1260  total=1.984e-01  PDE=3.922e-02 [colloc=3.384e-02, cfd=2.693e-03] (w=2.974)  IN=9.463e-03 (w=0.988)  TB=3.634e-03 (w=0.693)  WALL=4.510e-16 (w=0.200)  OUT=7.287e-04 (w=0.354)  DATA=1.427e-02 (w=4.881)
[Adam] ep= 1280  total=1.070e-01  PDE=1.700e-02 [colloc=1.547e-02, cfd=7.628e-04] (w=2.950)  IN=5.987e-03 (w=0.978)  TB=4.327e-03 (w=0.769)  WALL=4.034e-16 (w=0.200)  OUT=4.077e-04 (w=0.249)  DATA=9.630e-03 (w=4.936)
[Adam] ep= 1300  total=1.784e-01  PDE=4.001e-02 [colloc=2.823e-02, cfd=5.890e-03] (w=2.940)  IN=7.044e-03 (w=1.011)  TB=2.819e-03 (w=0.701)  WALL=3.693e-16 (w=0.200)  OUT=3.123e-04 (w=0.272)  DATA=1.029e-02 (w=5.013)
[Adam] ep= 1320  total=1.607e-01  PDE=2.053e-02 [colloc=1.894e-02, cfd=7.955e-04] (w=3.139)  IN=1.412e-02 (w=0.963)  TB=3.973e-03 (w=0.580)  WALL=2.962e-16 (w=0.200)  OUT=6.990e-04 (w=0.292)  DATA=1.776e-02 (w=4.510)
[Adam] ep= 1340  total=3.424e-01  PDE=8.807e-02 [colloc=6.272e-02, cfd=1.267e-02] (w=3.096)  IN=5.025e-03 (w=0.916)  TB=5.142e-03 (w=0.682)  WALL=1.698e-15 (w=0.200)  OUT=1.456e-03 (w=0.292)  DATA=1.315e-02 (w=4.649)
[Adam] ep= 1360  total=1.529e-01  PDE=3.053e-02 [colloc=2.771e-02, cfd=1.407e-03] (w=2.973)  IN=4.924e-03 (w=0.925)  TB=5.295e-03 (w=0.733)  WALL=1.034e-15 (w=0.200)  OUT=2.315e-03 (w=0.416)  DATA=1.074e-02 (w=4.909)
[Adam] ep= 1380  total=1.382e-01  PDE=2.445e-02 [colloc=2.324e-02, cfd=6.062e-04] (w=2.904)  IN=6.618e-03 (w=0.929)  TB=3.776e-03 (w=0.800)  WALL=4.907e-16 (w=0.200)  OUT=3.526e-04 (w=0.372)  DATA=1.140e-02 (w=5.077)
[Adam] ep= 1400  total=1.143e-01  PDE=2.097e-02 [colloc=1.971e-02, cfd=6.309e-04] (w=2.900)  IN=5.388e-03 (w=0.974)  TB=3.150e-03 (w=0.760)  WALL=6.278e-16 (w=0.200)  OUT=3.559e-04 (w=0.276)  DATA=8.883e-03 (w=5.156)
[Adam] ep= 1420  total=1.175e-01  PDE=2.187e-02 [colloc=2.029e-02, cfd=7.923e-04] (w=2.905)  IN=5.373e-03 (w=1.002)  TB=2.882e-03 (w=0.724)  WALL=5.828e-16 (w=0.200)  OUT=3.058e-04 (w=0.221)  DATA=8.970e-03 (w=5.172)
[Adam] ep= 1440  total=1.106e-01  PDE=2.003e-02 [colloc=1.864e-02, cfd=6.962e-04] (w=2.896)  IN=5.257e-03 (w=1.012)  TB=2.743e-03 (w=0.714)  WALL=5.115e-16 (w=0.200)  OUT=2.432e-04 (w=0.206)  DATA=8.688e-03 (w=5.208)
[Adam] ep= 1460  total=1.056e-01  PDE=1.823e-02 [colloc=1.689e-02, cfd=6.701e-04] (w=2.881)  IN=5.568e-03 (w=1.027)  TB=2.482e-03 (w=0.699)  WALL=4.832e-16 (w=0.200)  OUT=2.122e-04 (w=0.205)  DATA=8.668e-03 (w=5.254)
[Adam] ep= 1480  total=1.032e-01  PDE=1.782e-02 [colloc=1.654e-02, cfd=6.403e-04] (w=2.872)  IN=5.439e-03 (w=1.030)  TB=2.529e-03 (w=0.701)  WALL=4.376e-16 (w=0.200)  OUT=2.847e-04 (w=0.208)  DATA=8.446e-03 (w=5.277)
[Adam] ep= 1500  total=1.053e-01  PDE=1.842e-02 [colloc=1.714e-02, cfd=6.413e-04] (w=2.869)  IN=5.030e-03 (w=1.031)  TB=2.401e-03 (w=0.699)  WALL=5.311e-16 (w=0.200)  OUT=2.813e-04 (w=0.216)  DATA=8.621e-03 (w=5.283)
============================================================
Phase 2 — BFGS (500 total calls, 100 iters/batch)
Adaptive weights are frozen for BFGS stability | method=SSBroyden1
============================================================
[BFGS] full data fitting: 4869 CFD points pinned per call
[BFGS] using CUSTOM _optimize._minimize_bfgs (method_bfgs='SSBroyden1')
/oscar/home/jchen790/cylinder flow lab/cfp40.py:1048: OptimizeWarning: Unknown solver options: hess, hessp, bounds, constraints, tol
  result = minimize(
Invoked: SSBroyden1 approach!
[BFGS] batch=   1  call=     4  total=1.882e-01  PDE=1.914e-02 [colloc=1.784e-02, cfd=6.504e-04]  WALL=6.934e-16  DATA=2.403e-02
Invoked: SSBroyden1 approach!
[BFGS] batch=   1  call=     6  total=1.853e-01  PDE=2.084e-02 [colloc=1.956e-02, cfd=6.379e-04]  WALL=8.337e-16  DATA=2.265e-02
Invoked: SSBroyden1 approach!
[BFGS] batch=   1  call=     8  total=1.844e-01  PDE=2.200e-02 [colloc=2.072e-02, cfd=6.408e-04]  WALL=8.821e-16  DATA=2.187e-02
Invoked: SSBroyden1 approach!
[BFGS] batch=   1  call=     9  total=1.827e-01  PDE=2.206e-02 [colloc=2.077e-02, cfd=6.435e-04]  WALL=8.807e-16  DATA=2.155e-02
Invoked: SSBroyden1 approach!
[BFGS] batch=   1  call=    10  total=1.799e-01  PDE=2.312e-02 [colloc=2.178e-02, cfd=6.726e-04]  WALL=9.002e-16  DATA=2.049e-02
Invoked: SSBroyden1 approach!
[BFGS] batch=   1  call=    11  total=1.754e-01  PDE=2.361e-02 [colloc=2.204e-02, cfd=7.833e-04]  WALL=8.844e-16  DATA=1.934e-02
Invoked: SSBroyden1 approach!
[BFGS] batch=   1  call=    12  total=1.706e-01  PDE=2.548e-02 [colloc=2.358e-02, cfd=9.507e-04]  WALL=8.493e-16  DATA=1.742e-02
Invoked: SSBroyden1 approach!
[BFGS] batch=   1  call=    13  total=1.641e-01  PDE=2.673e-02 [colloc=2.438e-02, cfd=1.174e-03]  WALL=8.098e-16  DATA=1.545e-02
Invoked: SSBroyden1 approach!
[BFGS] batch=   1  call=    15  total=1.600e-01  PDE=2.706e-02 [colloc=2.432e-02, cfd=1.370e-03]  WALL=8.171e-16  DATA=1.451e-02
Invoked: SSBroyden1 approach!
[BFGS] batch=   1  call=    17  total=1.578e-01  PDE=2.712e-02 [colloc=2.450e-02, cfd=1.309e-03]  WALL=8.283e-16  DATA=1.411e-02
Invoked: SSBroyden1 approach!
[BFGS] batch=   1  call=    18  total=1.557e-01  PDE=2.652e-02 [colloc=2.383e-02, cfd=1.344e-03]  WALL=7.872e-16  DATA=1.395e-02
Invoked: SSBroyden1 approach!
[BFGS] batch=   1  call=    19  total=1.533e-01  PDE=2.614e-02 [colloc=2.357e-02, cfd=1.283e-03]  WALL=7.332e-16  DATA=1.372e-02
Invoked: SSBroyden1 approach!
[BFGS] batch=   1  call=    20  total=1.520e-01  PDE=2.652e-02 [colloc=2.403e-02, cfd=1.243e-03]  WALL=6.637e-16  DATA=1.337e-02
Invoked: SSBroyden1 approach!
[BFGS] batch=   1  call=    21  total=1.503e-01  PDE=2.622e-02 [colloc=2.388e-02, cfd=1.168e-03]  WALL=6.498e-16  DATA=1.329e-02
Invoked: SSBroyden1 approach!
[BFGS] batch=   1  call=    22  total=1.491e-01  PDE=2.484e-02 [colloc=2.259e-02, cfd=1.126e-03]  WALL=6.345e-16  DATA=1.376e-02
Invoked: SSBroyden1 approach!
[BFGS] batch=   1  call=    23  total=1.475e-01  PDE=2.544e-02 [colloc=2.312e-02, cfd=1.157e-03]  WALL=6.493e-16  DATA=1.327e-02
Invoked: SSBroyden1 approach!
[BFGS] batch=   1  call=    24  total=1.457e-01  PDE=2.498e-02 [colloc=2.268e-02, cfd=1.147e-03]  WALL=7.144e-16  DATA=1.319e-02
Invoked: SSBroyden1 approach!
[BFGS] batch=   1  call=    25  total=1.444e-01  PDE=2.515e-02 [colloc=2.287e-02, cfd=1.143e-03]  WALL=7.186e-16  DATA=1.287e-02
Invoked: SSBroyden1 approach!
[BFGS] batch=   1  call=    26  total=1.430e-01  PDE=2.426e-02 [colloc=2.192e-02, cfd=1.173e-03]  WALL=7.142e-16  DATA=1.304e-02
Invoked: SSBroyden1 approach!
[BFGS] batch=   1  call=    27  total=1.412e-01  PDE=2.378e-02 [colloc=2.150e-02, cfd=1.139e-03]  WALL=6.956e-16  DATA=1.301e-02
Invoked: SSBroyden1 approach!
[BFGS] batch=   1  call=    28  total=1.390e-01  PDE=2.307e-02 [colloc=2.075e-02, cfd=1.159e-03]  WALL=7.186e-16  DATA=1.293e-02
Invoked: SSBroyden1 approach!
[BFGS] batch=   1  call=    29  total=1.369e-01  PDE=2.257e-02 [colloc=2.020e-02, cfd=1.183e-03]  WALL=7.874e-16  DATA=1.283e-02
Invoked: SSBroyden1 approach!
[BFGS] batch=   1  call=    30  total=1.356e-01  PDE=2.200e-02 [colloc=1.951e-02, cfd=1.243e-03]  WALL=7.422e-16  DATA=1.283e-02
Invoked: SSBroyden1 approach!
[BFGS] batch=   1  call=    31  total=1.336e-01  PDE=2.129e-02 [colloc=1.878e-02, cfd=1.253e-03]  WALL=7.313e-16  DATA=1.283e-02
Invoked: SSBroyden1 approach!
[BFGS] batch=   1  call=    32  total=1.305e-01  PDE=2.033e-02 [colloc=1.788e-02, cfd=1.225e-03]  WALL=7.023e-16  DATA=1.275e-02
Invoked: SSBroyden1 approach!
[BFGS] batch=   1  call=    33  total=1.287e-01  PDE=2.060e-02 [colloc=1.745e-02, cfd=1.571e-03]  WALL=6.956e-16  DATA=1.230e-02
Invoked: SSBroyden1 approach!
[BFGS] batch=   1  call=    34  total=1.266e-01  PDE=2.062e-02 [colloc=1.732e-02, cfd=1.650e-03]  WALL=6.765e-16  DATA=1.195e-02
Invoked: SSBroyden1 approach!
[BFGS] batch=   1  call=    35  total=1.259e-01  PDE=2.199e-02 [colloc=1.850e-02, cfd=1.743e-03]  WALL=8.058e-16  DATA=1.109e-02
Invoked: SSBroyden1 approach!
[BFGS] batch=   1  call=    36  total=1.247e-01  PDE=2.151e-02 [colloc=1.805e-02, cfd=1.731e-03]  WALL=7.789e-16  DATA=1.112e-02
Invoked: SSBroyden1 approach!
[BFGS] batch=   1  call=    37  total=1.226e-01  PDE=2.174e-02 [colloc=1.841e-02, cfd=1.662e-03]  WALL=7.997e-16  DATA=1.064e-02
Invoked: SSBroyden1 approach!
[BFGS] batch=   1  call=    38  total=1.193e-01  PDE=2.106e-02 [colloc=1.785e-02, cfd=1.601e-03]  WALL=7.470e-16  DATA=1.044e-02
Invoked: SSBroyden1 approach!
[BFGS] batch=   1  call=    39  total=1.156e-01  PDE=2.042e-02 [colloc=1.743e-02, cfd=1.496e-03]  WALL=7.052e-16  DATA=1.007e-02
Invoked: SSBroyden1 approach!
[BFGS] batch=   1  call=    41  total=1.139e-01  PDE=2.047e-02 [colloc=1.762e-02, cfd=1.423e-03]  WALL=7.313e-16  DATA=9.695e-03
Invoked: SSBroyden1 approach!
[BFGS] batch=   1  call=    42  total=1.119e-01  PDE=2.045e-02 [colloc=1.757e-02, cfd=1.438e-03]  WALL=7.234e-16  DATA=9.321e-03
Invoked: SSBroyden1 approach!
[BFGS] batch=   1  call=    43  total=1.101e-01  PDE=2.038e-02 [colloc=1.759e-02, cfd=1.396e-03]  WALL=6.819e-16  DATA=9.056e-03
Invoked: SSBroyden1 approach!
[BFGS] batch=   1  call=    44  total=1.088e-01  PDE=2.008e-02 [colloc=1.740e-02, cfd=1.341e-03]  WALL=7.359e-16  DATA=8.877e-03
Invoked: SSBroyden1 approach!
[BFGS] batch=   1  call=    45  total=1.068e-01  PDE=1.960e-02 [colloc=1.709e-02, cfd=1.251e-03]  WALL=7.450e-16  DATA=8.760e-03
Invoked: SSBroyden1 approach!
[BFGS] batch=   1  call=    46  total=1.040e-01  PDE=1.847e-02 [colloc=1.618e-02, cfd=1.145e-03]  WALL=7.255e-16  DATA=8.822e-03
Invoked: SSBroyden1 approach!
[BFGS] batch=   1  call=    47  total=1.014e-01  PDE=1.799e-02 [colloc=1.570e-02, cfd=1.146e-03]  WALL=7.316e-16  DATA=8.557e-03
Invoked: SSBroyden1 approach!
[BFGS] batch=   1  call=    48  total=1.002e-01  PDE=1.831e-02 [colloc=1.590e-02, cfd=1.205e-03]  WALL=8.728e-16  DATA=8.166e-03
Invoked: SSBroyden1 approach!
[BFGS] batch=   1  call=    49  total=9.851e-02  PDE=1.757e-02 [colloc=1.523e-02, cfd=1.170e-03]  WALL=8.238e-16  DATA=8.249e-03
Invoked: SSBroyden1 approach!
[BFGS] batch=   1  call=    50  total=9.717e-02  PDE=1.810e-02 [colloc=1.588e-02, cfd=1.110e-03]  WALL=9.081e-16  DATA=7.735e-03
Invoked: SSBroyden1 approach!
[BFGS] batch=   1  call=    51  total=9.535e-02  PDE=1.802e-02 [colloc=1.589e-02, cfd=1.066e-03]  WALL=9.332e-16  DATA=7.393e-03
Invoked: SSBroyden1 approach!
[BFGS] batch=   1  call=    52  total=9.277e-02  PDE=1.678e-02 [colloc=1.483e-02, cfd=9.748e-04]  WALL=8.775e-16  DATA=7.601e-03
Invoked: SSBroyden1 approach!
[BFGS] batch=   1  call=    53  total=9.112e-02  PDE=1.737e-02 [colloc=1.548e-02, cfd=9.410e-04]  WALL=1.003e-15  DATA=7.042e-03
Invoked: SSBroyden1 approach!
[BFGS] batch=   1  call=    54  total=8.913e-02  PDE=1.669e-02 [colloc=1.472e-02, cfd=9.850e-04]  WALL=9.545e-16  DATA=7.045e-03
Invoked: SSBroyden1 approach!
[BFGS] batch=   1  call=    55  total=8.690e-02  PDE=1.634e-02 [colloc=1.443e-02, cfd=9.556e-04]  WALL=9.475e-16  DATA=6.808e-03
Invoked: SSBroyden1 approach!
[BFGS] batch=   1  call=    56  total=8.615e-02  PDE=1.585e-02 [colloc=1.409e-02, cfd=8.782e-04]  WALL=9.543e-16  DATA=6.908e-03
Invoked: SSBroyden1 approach!
[BFGS] batch=   1  call=    57  total=8.490e-02  PDE=1.593e-02 [colloc=1.419e-02, cfd=8.709e-04]  WALL=9.827e-16  DATA=6.642e-03
Invoked: SSBroyden1 approach!
[BFGS] batch=   1  call=    58  total=8.264e-02  PDE=1.554e-02 [colloc=1.383e-02, cfd=8.543e-04]  WALL=1.001e-15  DATA=6.459e-03
Invoked: SSBroyden1 approach!
[BFGS] batch=   1  call=    59  total=7.933e-02  PDE=1.569e-02 [colloc=1.399e-02, cfd=8.524e-04]  WALL=1.112e-15  DATA=5.783e-03
Invoked: SSBroyden1 approach!
[BFGS] batch=   1  call=    60  total=7.696e-02  PDE=1.518e-02 [colloc=1.303e-02, cfd=1.078e-03]  WALL=1.204e-15  DATA=5.650e-03
Invoked: SSBroyden1 approach!
[BFGS] batch=   1  call=    61  total=7.470e-02  PDE=1.464e-02 [colloc=1.265e-02, cfd=9.980e-04]  WALL=1.178e-15  DATA=5.466e-03
Invoked: SSBroyden1 approach!
[BFGS] batch=   1  call=    63  total=7.352e-02  PDE=1.429e-02 [colloc=1.235e-02, cfd=9.704e-04]  WALL=1.181e-15  DATA=5.418e-03
Invoked: SSBroyden1 approach!
[BFGS] batch=   1  call=    64  total=7.162e-02  PDE=1.359e-02 [colloc=1.170e-02, cfd=9.460e-04]  WALL=1.152e-15  DATA=5.510e-03
Invoked: SSBroyden1 approach!
[BFGS] batch=   1  call=    65  total=6.943e-02  PDE=1.359e-02 [colloc=1.174e-02, cfd=9.264e-04]  WALL=1.251e-15  DATA=5.131e-03
Invoked: SSBroyden1 approach!
[BFGS] batch=   1  call=    66  total=6.740e-02  PDE=1.306e-02 [colloc=1.109e-02, cfd=9.865e-04]  WALL=1.252e-15  DATA=5.033e-03
Invoked: SSBroyden1 approach!
[BFGS] batch=   1  call=    67  total=6.576e-02  PDE=1.376e-02 [colloc=1.174e-02, cfd=1.011e-03]  WALL=1.447e-15  DATA=4.373e-03
Invoked: SSBroyden1 approach!
[BFGS] batch=   1  call=    68  total=6.374e-02  PDE=1.316e-02 [colloc=1.115e-02, cfd=1.003e-03]  WALL=1.447e-15  DATA=4.247e-03
Invoked: SSBroyden1 approach!
[BFGS] batch=   1  call=    69  total=6.219e-02  PDE=1.205e-02 [colloc=1.005e-02, cfd=9.972e-04]  WALL=1.362e-15  DATA=4.452e-03
Invoked: SSBroyden1 approach!
[BFGS] batch=   1  call=    70  total=6.050e-02  PDE=1.233e-02 [colloc=1.035e-02, cfd=9.939e-04]  WALL=1.470e-15  DATA=3.962e-03
Invoked: SSBroyden1 approach!
[BFGS] batch=   1  call=    71  total=5.877e-02  PDE=1.205e-02 [colloc=1.007e-02, cfd=9.891e-04]  WALL=1.523e-15  DATA=3.778e-03
Invoked: SSBroyden1 approach!
[BFGS] batch=   1  call=    72  total=5.680e-02  PDE=1.187e-02 [colloc=9.705e-03, cfd=1.082e-03]  WALL=1.624e-15  DATA=3.548e-03
Invoked: SSBroyden1 approach!
[BFGS] batch=   1  call=    73  total=5.442e-02  PDE=1.198e-02 [colloc=9.751e-03, cfd=1.115e-03]  WALL=1.688e-15  DATA=3.071e-03
Invoked: SSBroyden1 approach!
[BFGS] batch=   1  call=    74  total=5.182e-02  PDE=1.223e-02 [colloc=1.016e-02, cfd=1.034e-03]  WALL=1.879e-15  DATA=2.484e-03
Invoked: SSBroyden1 approach!
[BFGS] batch=   1  call=    75  total=4.912e-02  PDE=1.157e-02 [colloc=9.283e-03, cfd=1.146e-03]  WALL=2.008e-15  DATA=2.335e-03
Invoked: SSBroyden1 approach!
[BFGS] batch=   1  call=    76  total=4.649e-02  PDE=1.053e-02 [colloc=8.128e-03, cfd=1.202e-03]  WALL=1.856e-15  DATA=2.431e-03
Invoked: SSBroyden1 approach!
[BFGS] batch=   1  call=    77  total=4.493e-02  PDE=1.008e-02 [colloc=7.801e-03, cfd=1.138e-03]  WALL=1.981e-15  DATA=2.335e-03
Invoked: SSBroyden1 approach!
[BFGS] batch=   1  call=    78  total=4.321e-02  PDE=9.885e-03 [colloc=7.764e-03, cfd=1.060e-03]  WALL=2.095e-15  DATA=2.112e-03
Invoked: SSBroyden1 approach!
[BFGS] batch=   1  call=    79  total=4.151e-02  PDE=9.835e-03 [colloc=7.807e-03, cfd=1.014e-03]  WALL=2.138e-15  DATA=1.847e-03
Invoked: SSBroyden1 approach!
[BFGS] batch=   1  call=    80  total=3.965e-02  PDE=9.233e-03 [colloc=7.266e-03, cfd=9.837e-04]  WALL=2.032e-15  DATA=1.854e-03
Invoked: SSBroyden1 approach!
[BFGS] batch=   1  call=    81  total=3.791e-02  PDE=9.055e-03 [colloc=7.132e-03, cfd=9.613e-04]  WALL=2.190e-15  DATA=1.679e-03
Invoked: SSBroyden1 approach!
[BFGS] batch=   1  call=    82  total=3.636e-02  PDE=8.358e-03 [colloc=6.541e-03, cfd=9.088e-04]  WALL=2.228e-15  DATA=1.746e-03
Invoked: SSBroyden1 approach!
[BFGS] batch=   1  call=    83  total=3.524e-02  PDE=7.922e-03 [colloc=6.117e-03, cfd=9.027e-04]  WALL=2.257e-15  DATA=1.749e-03
Invoked: SSBroyden1 approach!
[BFGS] batch=   1  call=    84  total=3.388e-02  PDE=7.762e-03 [colloc=6.036e-03, cfd=8.628e-04]  WALL=2.303e-15  DATA=1.595e-03
Invoked: SSBroyden1 approach!
[BFGS] batch=   1  call=    85  total=3.235e-02  PDE=7.520e-03 [colloc=5.947e-03, cfd=7.869e-04]  WALL=2.300e-15  DATA=1.432e-03
Invoked: SSBroyden1 approach!
[BFGS] batch=   1  call=    86  total=3.061e-02  PDE=7.132e-03 [colloc=5.649e-03, cfd=7.417e-04]  WALL=2.390e-15  DATA=1.332e-03
Invoked: SSBroyden1 approach!
[BFGS] batch=   1  call=    87  total=2.937e-02  PDE=6.569e-03 [colloc=5.289e-03, cfd=6.397e-04]  WALL=2.320e-15  DATA=1.354e-03
Invoked: SSBroyden1 approach!
[BFGS] batch=   1  call=    88  total=2.810e-02  PDE=6.317e-03 [colloc=5.088e-03, cfd=6.143e-04]  WALL=2.309e-15  DATA=1.276e-03
Invoked: SSBroyden1 approach!
[BFGS] batch=   1  call=    89  total=2.678e-02  PDE=5.921e-03 [colloc=4.722e-03, cfd=5.996e-04]  WALL=2.371e-15  DATA=1.265e-03
Invoked: SSBroyden1 approach!
[BFGS] batch=   1  call=    91  total=2.609e-02  PDE=5.821e-03 [colloc=4.679e-03, cfd=5.709e-04]  WALL=2.361e-15  DATA=1.214e-03
Invoked: SSBroyden1 approach!
[BFGS] batch=   1  call=    92  total=2.516e-02  PDE=5.570e-03 [colloc=4.496e-03, cfd=5.372e-04]  WALL=2.366e-15  DATA=1.181e-03
Invoked: SSBroyden1 approach!
[BFGS] batch=   1  call=    93  total=2.410e-02  PDE=5.247e-03 [colloc=4.269e-03, cfd=4.890e-04]  WALL=2.393e-15  DATA=1.136e-03
Invoked: SSBroyden1 approach!
[BFGS] batch=   1  call=    94  total=2.322e-02  PDE=4.998e-03 [colloc=4.037e-03, cfd=4.806e-04]  WALL=2.439e-15  DATA=1.120e-03
Invoked: SSBroyden1 approach!
[BFGS] batch=   1  call=    95  total=2.230e-02  PDE=4.930e-03 [colloc=4.021e-03, cfd=4.547e-04]  WALL=2.560e-15  DATA=1.003e-03
Invoked: SSBroyden1 approach!
[BFGS] batch=   1  call=    96  total=2.134e-02  PDE=4.666e-03 [colloc=3.783e-03, cfd=4.418e-04]  WALL=2.518e-15  DATA=1.012e-03
Invoked: SSBroyden1 approach!
[BFGS] batch=   1  call=    97  total=2.061e-02  PDE=4.633e-03 [colloc=3.708e-03, cfd=4.625e-04]  WALL=2.607e-15  DATA=9.043e-04
Invoked: SSBroyden1 approach!
[BFGS] batch=   1  call=    98  total=1.963e-02  PDE=4.289e-03 [colloc=3.427e-03, cfd=4.307e-04]  WALL=2.652e-15  DATA=9.142e-04
Invoked: SSBroyden1 approach!
[BFGS] batch=   1  call=    99  total=1.900e-02  PDE=4.202e-03 [colloc=3.384e-03, cfd=4.089e-04]  WALL=2.710e-15  DATA=8.555e-04
Invoked: SSBroyden1 approach!
[BFGS] batch=   1  call=   100  total=1.828e-02  PDE=4.010e-03 [colloc=3.197e-03, cfd=4.066e-04]  WALL=2.696e-15  DATA=8.082e-04
Invoked: SSBroyden1 approach!
[BFGS] batch=   1  call=   101  total=1.759e-02  PDE=3.909e-03 [colloc=3.124e-03, cfd=3.924e-04]  WALL=2.766e-15  DATA=7.226e-04
Invoked: SSBroyden1 approach!
[BFGS] batch=   1  call=   102  total=1.690e-02  PDE=3.569e-03 [colloc=2.805e-03, cfd=3.823e-04]  WALL=2.687e-15  DATA=7.737e-04
Invoked: SSBroyden1 approach!
[BFGS] batch=   1  call=   103  total=1.653e-02  PDE=3.573e-03 [colloc=2.807e-03, cfd=3.827e-04]  WALL=2.884e-15  DATA=7.315e-04
Invoked: SSBroyden1 approach!
[BFGS] batch=   1  call=   104  total=1.606e-02  PDE=3.424e-03 [colloc=2.669e-03, cfd=3.778e-04]  WALL=2.842e-15  DATA=7.173e-04
Invoked: SSBroyden1 approach!
[BFGS] batch=   1  call=   105  total=1.546e-02  PDE=3.288e-03 [colloc=2.571e-03, cfd=3.584e-04]  WALL=2.865e-15  DATA=6.902e-04
Invoked: SSBroyden1 approach!
[BFGS] batch=   1  call=   106  total=1.497e-02  PDE=3.159e-03 [colloc=2.464e-03, cfd=3.477e-04]  WALL=2.846e-15  DATA=6.538e-04
Invoked: SSBroyden1 approach!
[BFGS] batch=   1  call=   107  total=1.436e-02  PDE=3.024e-03 [colloc=2.400e-03, cfd=3.122e-04]  WALL=2.853e-15  DATA=6.304e-04
Invoked: SSBroyden1 approach!
[BFGS] batch=   1  call=   108  total=1.428e-02  PDE=2.982e-03 [colloc=2.406e-03, cfd=2.876e-04]  WALL=2.878e-15  DATA=6.156e-04
Invoked: SSBroyden1 approach!
[BFGS] batch=   1  call=   109  total=1.412e-02  PDE=2.945e-03 [colloc=2.378e-03, cfd=2.835e-04]  WALL=2.878e-15  DATA=6.068e-04
Invoked: SSBroyden1 approach!
[BFGS] batch=   1  call=   110  total=1.381e-02  PDE=2.869e-03 [colloc=2.328e-03, cfd=2.704e-04]  WALL=2.888e-15  DATA=6.007e-04
[BFGS-END] batch=   1  last_total=1.381e-02  last_PDE=2.869e-03 [colloc=2.328e-03, cfd=2.704e-04]  last_WALL=2.888e-15  last_DATA=6.007e-04
Invoked: SSBroyden1 approach!
[BFGS] batch=   2  call=   113  total=1.309e-02  PDE=2.704e-03 [colloc=2.212e-03, cfd=2.459e-04]  WALL=2.945e-15  DATA=5.684e-04
Invoked: SSBroyden1 approach!
[BFGS] batch=   2  call=   114  total=1.276e-02  PDE=2.694e-03 [colloc=2.255e-03, cfd=2.195e-04]  WALL=2.984e-15  DATA=5.368e-04
Invoked: SSBroyden1 approach!
[BFGS] batch=   2  call=   115  total=1.244e-02  PDE=2.610e-03 [colloc=2.177e-03, cfd=2.169e-04]  WALL=2.995e-15  DATA=5.224e-04
Invoked: SSBroyden1 approach!
[BFGS] batch=   2  call=   116  total=1.213e-02  PDE=2.519e-03 [colloc=2.111e-03, cfd=2.043e-04]  WALL=2.987e-15  DATA=5.108e-04
Invoked: SSBroyden1 approach!
[BFGS] batch=   2  call=   117  total=1.189e-02  PDE=2.463e-03 [colloc=2.064e-03, cfd=1.993e-04]  WALL=2.978e-15  DATA=4.951e-04
Invoked: SSBroyden1 approach!
[BFGS] batch=   2  call=   118  total=1.160e-02  PDE=2.369e-03 [colloc=1.987e-03, cfd=1.912e-04]  WALL=2.989e-15  DATA=4.936e-04
Invoked: SSBroyden1 approach!
[BFGS] batch=   2  call=   119  total=1.129e-02  PDE=2.262e-03 [colloc=1.892e-03, cfd=1.852e-04]  WALL=3.056e-15  DATA=5.006e-04
Invoked: SSBroyden1 approach!
[BFGS] batch=   2  call=   120  total=1.113e-02  PDE=2.215e-03 [colloc=1.862e-03, cfd=1.768e-04]  WALL=3.081e-15  DATA=5.003e-04
Invoked: SSBroyden1 approach!
[BFGS] batch=   2  call=   121  total=1.091e-02  PDE=2.151e-03 [colloc=1.807e-03, cfd=1.718e-04]  WALL=3.084e-15  DATA=4.931e-04
Invoked: SSBroyden1 approach!
[BFGS] batch=   2  call=   122  total=1.070e-02  PDE=2.082e-03 [colloc=1.747e-03, cfd=1.672e-04]  WALL=3.090e-15  DATA=5.003e-04
Invoked: SSBroyden1 approach!
[BFGS] batch=   2  call=   123  total=1.042e-02  PDE=2.015e-03 [colloc=1.697e-03, cfd=1.590e-04]  WALL=3.108e-15  DATA=4.988e-04
Invoked: SSBroyden1 approach!
[BFGS] batch=   2  call=   124  total=1.027e-02  PDE=2.014e-03 [colloc=1.682e-03, cfd=1.658e-04]  WALL=3.172e-15  DATA=4.696e-04
Invoked: SSBroyden1 approach!
[BFGS] batch=   2  call=   125  total=1.008e-02  PDE=1.957e-03 [colloc=1.627e-03, cfd=1.650e-04]  WALL=3.169e-15  DATA=4.623e-04
Invoked: SSBroyden1 approach!
[BFGS] batch=   2  call=   126  total=9.923e-03  PDE=1.889e-03 [colloc=1.587e-03, cfd=1.511e-04]  WALL=3.117e-15  DATA=4.622e-04
Invoked: SSBroyden1 approach!
[BFGS] batch=   2  call=   127  total=9.783e-03  PDE=1.879e-03 [colloc=1.581e-03, cfd=1.492e-04]  WALL=3.156e-15  DATA=4.505e-04
Invoked: SSBroyden1 approach!
[BFGS] batch=   2  call=   128  total=9.626e-03  PDE=1.829e-03 [colloc=1.534e-03, cfd=1.477e-04]  WALL=3.124e-15  DATA=4.364e-04
Invoked: SSBroyden1 approach!
[BFGS] batch=   2  call=   129  total=9.423e-03  PDE=1.781e-03 [colloc=1.501e-03, cfd=1.400e-04]  WALL=3.139e-15  DATA=4.254e-04
Invoked: SSBroyden1 approach!
[BFGS] batch=   2  call=   130  total=9.205e-03  PDE=1.743e-03 [colloc=1.473e-03, cfd=1.352e-04]  WALL=3.186e-15  DATA=4.160e-04
Invoked: SSBroyden1 approach!
[BFGS] batch=   2  call=   131  total=8.973e-03  PDE=1.683e-03 [colloc=1.431e-03, cfd=1.260e-04]  WALL=3.203e-15  DATA=4.171e-04
Invoked: SSBroyden1 approach!
[BFGS] batch=   2  call=   132  total=8.805e-03  PDE=1.672e-03 [colloc=1.423e-03, cfd=1.242e-04]  WALL=3.201e-15  DATA=4.104e-04
Invoked: SSBroyden1 approach!
[BFGS] batch=   2  call=   133  total=8.693e-03  PDE=1.635e-03 [colloc=1.396e-03, cfd=1.196e-04]  WALL=3.234e-15  DATA=3.916e-04
Invoked: SSBroyden1 approach!
[BFGS] batch=   2  call=   134  total=8.541e-03  PDE=1.594e-03 [colloc=1.365e-03, cfd=1.145e-04]  WALL=3.244e-15  DATA=3.866e-04
Invoked: SSBroyden1 approach!
[BFGS] batch=   2  call=   135  total=8.472e-03  PDE=1.581e-03 [colloc=1.352e-03, cfd=1.147e-04]  WALL=3.246e-15  DATA=3.732e-04
Invoked: SSBroyden1 approach!
[BFGS] batch=   2  call=   136  total=8.343e-03  PDE=1.552e-03 [colloc=1.327e-03, cfd=1.125e-04]  WALL=3.238e-15  DATA=3.693e-04
Invoked: SSBroyden1 approach!
[BFGS] batch=   2  call=   137  total=8.147e-03  PDE=1.498e-03 [colloc=1.287e-03, cfd=1.056e-04]  WALL=3.255e-15  DATA=3.654e-04
Invoked: SSBroyden1 approach!
[BFGS] batch=   2  call=   138  total=8.068e-03  PDE=1.458e-03 [colloc=1.248e-03, cfd=1.048e-04]  WALL=3.237e-15  DATA=3.710e-04
Invoked: SSBroyden1 approach!
[BFGS] batch=   2  call=   139  total=7.941e-03  PDE=1.421e-03 [colloc=1.217e-03, cfd=1.019e-04]  WALL=3.230e-15  DATA=3.691e-04
Invoked: SSBroyden1 approach!
[BFGS] batch=   2  call=   140  total=7.833e-03  PDE=1.398e-03 [colloc=1.197e-03, cfd=1.005e-04]  WALL=3.281e-15  DATA=3.595e-04
Invoked: SSBroyden1 approach!
[BFGS] batch=   2  call=   141  total=7.705e-03  PDE=1.376e-03 [colloc=1.176e-03, cfd=9.960e-05]  WALL=3.244e-15  DATA=3.564e-04
Invoked: SSBroyden1 approach!
[BFGS] batch=   2  call=   142  total=7.666e-03  PDE=1.384e-03 [colloc=1.179e-03, cfd=1.024e-04]  WALL=3.278e-15  DATA=3.291e-04
Invoked: SSBroyden1 approach!
[BFGS] batch=   2  call=   143  total=7.646e-03  PDE=1.357e-03 [colloc=1.159e-03, cfd=9.908e-05]  WALL=3.269e-15  DATA=3.321e-04
Invoked: SSBroyden1 approach!
[BFGS] batch=   2  call=   144  total=7.598e-03  PDE=1.345e-03 [colloc=1.151e-03, cfd=9.680e-05]  WALL=3.263e-15  DATA=3.334e-04
Invoked: SSBroyden1 approach!
[BFGS] batch=   2  call=   145  total=7.487e-03  PDE=1.321e-03 [colloc=1.135e-03, cfd=9.276e-05]  WALL=3.259e-15  DATA=3.382e-04
Invoked: SSBroyden1 approach!
[BFGS] batch=   2  call=   146  total=7.377e-03  PDE=1.272e-03 [colloc=1.094e-03, cfd=8.861e-05]  WALL=3.247e-15  DATA=3.491e-04
Invoked: SSBroyden1 approach!
[BFGS] batch=   2  call=   147  total=7.242e-03  PDE=1.233e-03 [colloc=1.062e-03, cfd=8.532e-05]  WALL=3.228e-15  DATA=3.469e-04
Invoked: SSBroyden1 approach!
[BFGS] batch=   2  call=   149  total=7.164e-03  PDE=1.213e-03 [colloc=1.046e-03, cfd=8.333e-05]  WALL=3.226e-15  DATA=3.450e-04
Invoked: SSBroyden1 approach!
[BFGS] batch=   2  call=   150  total=7.158e-03  PDE=1.187e-03 [colloc=1.021e-03, cfd=8.305e-05]  WALL=3.230e-15  DATA=3.509e-04
Invoked: SSBroyden1 approach!
[BFGS] batch=   2  call=   151  total=7.150e-03  PDE=1.185e-03 [colloc=1.019e-03, cfd=8.290e-05]  WALL=3.231e-15  DATA=3.507e-04
Invoked: SSBroyden1 approach!
[BFGS] batch=   2  call=   152  total=7.098e-03  PDE=1.181e-03 [colloc=1.016e-03, cfd=8.247e-05]  WALL=3.231e-15  DATA=3.509e-04
Invoked: SSBroyden1 approach!
[BFGS] batch=   2  call=   153  total=7.005e-03  PDE=1.163e-03 [colloc=9.993e-04, cfd=8.179e-05]  WALL=3.220e-15  DATA=3.496e-04
Invoked: SSBroyden1 approach!
[BFGS] batch=   2  call=   154  total=6.932e-03  PDE=1.145e-03 [colloc=9.823e-04, cfd=8.151e-05]  WALL=3.222e-15  DATA=3.468e-04
Invoked: SSBroyden1 approach!
[BFGS] batch=   2  call=   155  total=6.861e-03  PDE=1.123e-03 [colloc=9.643e-04, cfd=7.956e-05]  WALL=3.229e-15  DATA=3.516e-04
Invoked: SSBroyden1 approach!
[BFGS] batch=   2  call=   156  total=6.805e-03  PDE=1.118e-03 [colloc=9.579e-04, cfd=8.017e-05]  WALL=3.235e-15  DATA=3.440e-04
Invoked: SSBroyden1 approach!
[BFGS] batch=   2  call=   157  total=6.736e-03  PDE=1.097e-03 [colloc=9.399e-04, cfd=7.860e-05]  WALL=3.220e-15  DATA=3.460e-04
Invoked: SSBroyden1 approach!
[BFGS] batch=   2  call=   158  total=6.709e-03  PDE=1.088e-03 [colloc=9.236e-04, cfd=8.241e-05]  WALL=3.221e-15  DATA=3.486e-04
Invoked: SSBroyden1 approach!
[BFGS] batch=   2  call=   159  total=6.652e-03  PDE=1.083e-03 [colloc=9.205e-04, cfd=8.138e-05]  WALL=3.238e-15  DATA=3.462e-04
Invoked: SSBroyden1 approach!
[BFGS] batch=   2  call=   160  total=6.582e-03  PDE=1.064e-03 [colloc=9.058e-04, cfd=7.899e-05]  WALL=3.231e-15  DATA=3.433e-04
Invoked: SSBroyden1 approach!
[BFGS] batch=   2  call=   161  total=6.460e-03  PDE=1.047e-03 [colloc=8.936e-04, cfd=7.646e-05]  WALL=3.245e-15  DATA=3.375e-04
Invoked: SSBroyden1 approach!
[BFGS] batch=   2  call=   171  total=6.438e-03  PDE=1.026e-03 [colloc=8.821e-04, cfd=7.192e-05]  WALL=3.254e-15  DATA=3.341e-04
Invoked: SSBroyden1 approach!
[BFGS] batch=   2  call=   172  total=6.391e-03  PDE=1.019e-03 [colloc=8.774e-04, cfd=7.065e-05]  WALL=3.246e-15  DATA=3.293e-04
Invoked: SSBroyden1 approach!
[BFGS] batch=   2  call=   173  total=6.329e-03  PDE=1.005e-03 [colloc=8.654e-04, cfd=6.985e-05]  WALL=3.246e-15  DATA=3.223e-04
Invoked: SSBroyden1 approach!
[BFGS] batch=   2  call=   174  total=6.272e-03  PDE=9.979e-04 [colloc=8.596e-04, cfd=6.917e-05]  WALL=3.244e-15  DATA=3.122e-04
Invoked: SSBroyden1 approach!
[BFGS] batch=   2  call=   175  total=6.195e-03  PDE=9.806e-04 [colloc=8.401e-04, cfd=7.029e-05]  WALL=3.267e-15  DATA=3.051e-04
Invoked: SSBroyden1 approach!
[BFGS] batch=   2  call=   176  total=6.138e-03  PDE=9.745e-04 [colloc=8.296e-04, cfd=7.247e-05]  WALL=3.254e-15  DATA=2.860e-04
Invoked: SSBroyden1 approach!
[BFGS] batch=   2  call=   177  total=6.072e-03  PDE=9.670e-04 [colloc=8.198e-04, cfd=7.359e-05]  WALL=3.258e-15  DATA=2.816e-04
Invoked: SSBroyden1 approach!
[BFGS] batch=   2  call=   179  total=6.061e-03  PDE=9.588e-04 [colloc=8.144e-04, cfd=7.224e-05]  WALL=3.255e-15  DATA=2.789e-04
Invoked: SSBroyden1 approach!
[BFGS] batch=   2  call=   186  total=6.027e-03  PDE=9.537e-04 [colloc=8.112e-04, cfd=7.124e-05]  WALL=3.257e-15  DATA=2.795e-04
Invoked: SSBroyden1 approach!
[BFGS] batch=   2  call=   187  total=5.974e-03  PDE=9.374e-04 [colloc=7.991e-04, cfd=6.913e-05]  WALL=3.259e-15  DATA=2.783e-04
Invoked: SSBroyden1 approach!
[BFGS] batch=   2  call=   188  total=5.955e-03  PDE=9.300e-04 [colloc=7.999e-04, cfd=6.504e-05]  WALL=3.281e-15  DATA=2.730e-04
Invoked: SSBroyden1 approach!
[BFGS] batch=   2  call=   189  total=5.878e-03  PDE=9.194e-04 [colloc=7.914e-04, cfd=6.401e-05]  WALL=3.279e-15  DATA=2.741e-04
Invoked: SSBroyden1 approach!
[BFGS] batch=   2  call=   190  total=5.849e-03  PDE=8.988e-04 [colloc=7.747e-04, cfd=6.203e-05]  WALL=3.242e-15  DATA=2.788e-04
Invoked: SSBroyden1 approach!
[BFGS] batch=   2  call=   191  total=5.791e-03  PDE=8.897e-04 [colloc=7.654e-04, cfd=6.213e-05]  WALL=3.257e-15  DATA=2.799e-04
Invoked: SSBroyden1 approach!
[BFGS] batch=   2  call=   192  total=5.785e-03  PDE=8.759e-04 [colloc=7.477e-04, cfd=6.411e-05]  WALL=3.252e-15  DATA=2.859e-04
Invoked: SSBroyden1 approach!
[BFGS] batch=   2  call=   193  total=5.762e-03  PDE=8.727e-04 [colloc=7.455e-04, cfd=6.358e-05]  WALL=3.251e-15  DATA=2.859e-04
Invoked: SSBroyden1 approach!
[BFGS] batch=   2  call=   197  total=5.746e-03  PDE=8.664e-04 [colloc=7.409e-04, cfd=6.278e-05]  WALL=3.252e-15  DATA=2.857e-04
Invoked: SSBroyden1 approach!
[BFGS] batch=   2  call=   201  total=5.677e-03  PDE=8.605e-04 [colloc=7.368e-04, cfd=6.183e-05]  WALL=3.251e-15  DATA=2.852e-04
Invoked: SSBroyden1 approach!
[BFGS] batch=   2  call=   202  total=5.598e-03  PDE=8.336e-04 [colloc=7.185e-04, cfd=5.759e-05]  WALL=3.253e-15  DATA=2.845e-04
Invoked: SSBroyden1 approach!
[BFGS] batch=   2  call=   204  total=5.554e-03  PDE=8.217e-04 [colloc=7.095e-04, cfd=5.607e-05]  WALL=3.251e-15  DATA=2.856e-04
Invoked: SSBroyden1 approach!
[BFGS] batch=   2  call=   206  total=5.550e-03  PDE=8.144e-04 [colloc=7.043e-04, cfd=5.506e-05]  WALL=3.256e-15  DATA=2.865e-04
Invoked: SSBroyden1 approach!
[BFGS] batch=   2  call=   216  total=5.526e-03  PDE=8.113e-04 [colloc=7.021e-04, cfd=5.465e-05]  WALL=3.256e-15  DATA=2.868e-04
Invoked: SSBroyden1 approach!
[BFGS] batch=   2  call=   217  total=5.480e-03  PDE=8.035e-04 [colloc=6.965e-04, cfd=5.353e-05]  WALL=3.257e-15  DATA=2.860e-04
Invoked: SSBroyden1 approach!
[BFGS] batch=   2  call=   225  total=5.461e-03  PDE=7.846e-04 [colloc=6.790e-04, cfd=5.276e-05]  WALL=3.235e-15  DATA=2.871e-04
Invoked: SSBroyden1 approach!
[BFGS] batch=   2  call=   226  total=5.405e-03  PDE=7.787e-04 [colloc=6.744e-04, cfd=5.214e-05]  WALL=3.234e-15  DATA=2.848e-04
Invoked: SSBroyden1 approach!
[BFGS] batch=   2  call=   227  total=5.384e-03  PDE=7.765e-04 [colloc=6.680e-04, cfd=5.427e-05]  WALL=3.228e-15  DATA=2.776e-04
Invoked: SSBroyden1 approach!
[BFGS] batch=   2  call=   228  total=5.373e-03  PDE=7.704e-04 [colloc=6.620e-04, cfd=5.417e-05]  WALL=3.228e-15  DATA=2.771e-04
Invoked: SSBroyden1 approach!
[BFGS] batch=   2  call=   229  total=5.331e-03  PDE=7.662e-04 [colloc=6.584e-04, cfd=5.390e-05]  WALL=3.225e-15  DATA=2.760e-04
Invoked: SSBroyden1 approach!
[BFGS] batch=   2  call=   230  total=5.320e-03  PDE=7.548e-04 [colloc=6.445e-04, cfd=5.514e-05]  WALL=3.223e-15  DATA=2.719e-04
Invoked: SSBroyden1 approach!
[BFGS] batch=   2  call=   231  total=5.307e-03  PDE=7.500e-04 [colloc=6.407e-04, cfd=5.465e-05]  WALL=3.225e-15  DATA=2.724e-04
Invoked: SSBroyden1 approach!
[BFGS] batch=   2  call=   232  total=5.258e-03  PDE=7.435e-04 [colloc=6.350e-04, cfd=5.424e-05]  WALL=3.219e-15  DATA=2.727e-04
Invoked: SSBroyden1 approach!
[BFGS] batch=   2  call=   233  total=5.196e-03  PDE=7.245e-04 [colloc=6.195e-04, cfd=5.248e-05]  WALL=3.227e-15  DATA=2.737e-04
Invoked: SSBroyden1 approach!
[BFGS] batch=   2  call=   235  total=5.146e-03  PDE=7.128e-04 [colloc=6.077e-04, cfd=5.256e-05]  WALL=3.208e-15  DATA=2.734e-04
Invoked: SSBroyden1 approach!
[BFGS] batch=   2  call=   236  total=5.126e-03  PDE=7.170e-04 [colloc=6.055e-04, cfd=5.576e-05]  WALL=3.231e-15  DATA=2.690e-04
Invoked: SSBroyden1 approach!
[BFGS] batch=   2  call=   238  total=5.106e-03  PDE=7.150e-04 [colloc=6.033e-04, cfd=5.582e-05]  WALL=3.229e-15  DATA=2.684e-04
Invoked: SSBroyden1 approach!
[BFGS] batch=   2  call=   239  total=5.059e-03  PDE=7.071e-04 [colloc=5.958e-04, cfd=5.564e-05]  WALL=3.214e-15  DATA=2.649e-04
Invoked: SSBroyden1 approach!
[BFGS] batch=   2  call=   240  total=5.017e-03  PDE=6.897e-04 [colloc=5.799e-04, cfd=5.489e-05]  WALL=3.180e-15  DATA=2.633e-04
Invoked: SSBroyden1 approach!
[BFGS] batch=   2  call=   241  total=4.993e-03  PDE=6.777e-04 [colloc=5.675e-04, cfd=5.510e-05]  WALL=3.167e-15  DATA=2.569e-04
Invoked: SSBroyden1 approach!
[BFGS] batch=   2  call=   242  total=4.935e-03  PDE=6.670e-04 [colloc=5.609e-04, cfd=5.305e-05]  WALL=3.152e-15  DATA=2.566e-04
Invoked: SSBroyden1 approach!
[BFGS] batch=   2  call=   243  total=4.901e-03  PDE=6.549e-04 [colloc=5.496e-04, cfd=5.264e-05]  WALL=3.158e-15  DATA=2.544e-04
Invoked: SSBroyden1 approach!
[BFGS] batch=   2  call=   244  total=4.844e-03  PDE=6.454e-04 [colloc=5.403e-04, cfd=5.255e-05]  WALL=3.156e-15  DATA=2.506e-04
Invoked: SSBroyden1 approach!
[BFGS] batch=   2  call=   245  total=4.775e-03  PDE=6.287e-04 [colloc=5.257e-04, cfd=5.149e-05]  WALL=3.170e-15  DATA=2.437e-04
Invoked: SSBroyden1 approach!
[BFGS] batch=   2  call=   246  total=4.770e-03  PDE=6.218e-04 [colloc=5.207e-04, cfd=5.053e-05]  WALL=3.219e-15  DATA=2.437e-04
Invoked: SSBroyden1 approach!
[BFGS] batch=   2  call=   248  total=4.706e-03  PDE=6.106e-04 [colloc=5.120e-04, cfd=4.927e-05]  WALL=3.206e-15  DATA=2.441e-04
Invoked: SSBroyden1 approach!
[BFGS] batch=   2  call=   250  total=4.684e-03  PDE=5.984e-04 [colloc=5.018e-04, cfd=4.829e-05]  WALL=3.196e-15  DATA=2.456e-04
Invoked: SSBroyden1 approach!
[BFGS] batch=   2  call=   251  total=4.648e-03  PDE=5.902e-04 [colloc=4.967e-04, cfd=4.675e-05]  WALL=3.186e-15  DATA=2.450e-04
Invoked: SSBroyden1 approach!
[BFGS] batch=   2  call=   252  total=4.586e-03  PDE=5.794e-04 [colloc=4.905e-04, cfd=4.448e-05]  WALL=3.185e-15  DATA=2.444e-04
Invoked: SSBroyden1 approach!
[BFGS] batch=   2  call=   253  total=4.581e-03  PDE=5.729e-04 [colloc=4.838e-04, cfd=4.457e-05]  WALL=3.150e-15  DATA=2.422e-04
Invoked: SSBroyden1 approach!
[BFGS] batch=   2  call=   254  total=4.571e-03  PDE=5.716e-04 [colloc=4.834e-04, cfd=4.408e-05]  WALL=3.151e-15  DATA=2.424e-04
Invoked: SSBroyden1 approach!
[BFGS] batch=   2  call=   255  total=4.546e-03  PDE=5.680e-04 [colloc=4.814e-04, cfd=4.329e-05]  WALL=3.152e-15  DATA=2.429e-04
Invoked: SSBroyden1 approach!
[BFGS] batch=   2  call=   256  total=4.486e-03  PDE=5.606e-04 [colloc=4.760e-04, cfd=4.232e-05]  WALL=3.152e-15  DATA=2.436e-04
Invoked: SSBroyden1 approach!
[BFGS] batch=   2  call=   265  total=4.473e-03  PDE=5.629e-04 [colloc=4.761e-04, cfd=4.338e-05]  WALL=3.159e-15  DATA=2.426e-04
[BFGS-END] batch=   2  last_total=4.473e-03  last_PDE=5.629e-04 [colloc=4.761e-04, cfd=4.338e-05]  last_WALL=3.159e-15  last_DATA=2.426e-04
/oscar/home/jchen790/cylinder flow lab/cfp40.py:1048: OptimizeWarning: Unknown solver options: hess, hessp, bounds, constraints, tol
  result = minimize(
Invoked: SSBroyden1 approach!
[BFGS] batch=   3  call=   268  total=4.471e-03  PDE=5.543e-04 [colloc=4.697e-04, cfd=4.230e-05]  WALL=3.158e-15  DATA=2.427e-04
Invoked: SSBroyden1 approach!
[BFGS] batch=   3  call=   269  total=4.444e-03  PDE=5.496e-04 [colloc=4.670e-04, cfd=4.134e-05]  WALL=3.166e-15  DATA=2.423e-04
Invoked: SSBroyden1 approach!
[BFGS] batch=   3  call=   270  total=4.408e-03  PDE=5.432e-04 [colloc=4.621e-04, cfd=4.055e-05]  WALL=3.163e-15  DATA=2.441e-04
Invoked: SSBroyden1 approach!
[BFGS] batch=   3  call=   271  total=4.371e-03  PDE=5.444e-04 [colloc=4.655e-04, cfd=3.944e-05]  WALL=3.205e-15  DATA=2.453e-04
Invoked: SSBroyden1 approach!
[BFGS] batch=   3  call=   273  total=4.335e-03  PDE=5.386e-04 [colloc=4.612e-04, cfd=3.869e-05]  WALL=3.205e-15  DATA=2.442e-04
Invoked: SSBroyden1 approach!
[BFGS] batch=   3  call=   281  total=4.324e-03  PDE=5.259e-04 [colloc=4.511e-04, cfd=3.740e-05]  WALL=3.195e-15  DATA=2.435e-04
Invoked: SSBroyden1 approach!
[BFGS] batch=   3  call=   282  total=4.318e-03  PDE=5.202e-04 [colloc=4.462e-04, cfd=3.699e-05]  WALL=3.192e-15  DATA=2.439e-04
Invoked: SSBroyden1 approach!
[BFGS] batch=   3  call=   283  total=4.264e-03  PDE=5.176e-04 [colloc=4.443e-04, cfd=3.666e-05]  WALL=3.193e-15  DATA=2.441e-04
Invoked: SSBroyden1 approach!
[BFGS] batch=   3  call=   292  total=4.258e-03  PDE=5.111e-04 [colloc=4.384e-04, cfd=3.634e-05]  WALL=3.200e-15  DATA=2.407e-04
Invoked: SSBroyden1 approach!
[BFGS] batch=   3  call=   293  total=4.228e-03  PDE=5.075e-04 [colloc=4.355e-04, cfd=3.597e-05]  WALL=3.198e-15  DATA=2.402e-04
Invoked: SSBroyden1 approach!
[BFGS] batch=   3  call=   294  total=4.222e-03  PDE=4.968e-04 [colloc=4.272e-04, cfd=3.482e-05]  WALL=3.195e-15  DATA=2.342e-04
Invoked: SSBroyden1 approach!
[BFGS] batch=   3  call=   295  total=4.218e-03  PDE=4.931e-04 [colloc=4.242e-04, cfd=3.448e-05]  WALL=3.195e-15  DATA=2.331e-04
Invoked: SSBroyden1 approach!
[BFGS] batch=   3  call=   296  total=4.177e-03  PDE=4.913e-04 [colloc=4.226e-04, cfd=3.436e-05]  WALL=3.194e-15  DATA=2.326e-04
Invoked: SSBroyden1 approach!
[BFGS] batch=   3  call=   298  total=4.172e-03  PDE=4.859e-04 [colloc=4.187e-04, cfd=3.363e-05]  WALL=3.196e-15  DATA=2.311e-04
[BFGS-END] batch=   3  last_total=4.196e-03  last_PDE=4.857e-04 [colloc=4.185e-04, cfd=3.360e-05]  last_WALL=3.196e-15  last_DATA=2.310e-04
/oscar/home/jchen790/cylinder flow lab/cfp40.py:1048: OptimizeWarning: Unknown solver options: hess, hessp, bounds, constraints, tol
  result = minimize(
Invoked: SSBroyden1 approach!
[BFGS] batch=   4  call=   321  total=4.160e-03  PDE=4.808e-04 [colloc=4.147e-04, cfd=3.306e-05]  WALL=3.196e-15  DATA=2.268e-04
Invoked: SSBroyden1 approach!
[BFGS] batch=   4  call=   322  total=4.137e-03  PDE=4.761e-04 [colloc=4.079e-04, cfd=3.409e-05]  WALL=3.199e-15  DATA=2.219e-04
Invoked: SSBroyden1 approach!
[BFGS] batch=   4  call=   323  total=4.093e-03  PDE=4.716e-04 [colloc=4.044e-04, cfd=3.363e-05]  WALL=3.205e-15  DATA=2.199e-04
Invoked: SSBroyden1 approach!
[BFGS] batch=   4  call=   325  total=4.067e-03  PDE=4.664e-04 [colloc=4.006e-04, cfd=3.294e-05]  WALL=3.198e-15  DATA=2.195e-04
[BFGS-END] batch=   4  last_total=4.092e-03  last_PDE=4.664e-04 [colloc=4.006e-04, cfd=3.294e-05]  last_WALL=3.198e-15  last_DATA=2.195e-04
/oscar/home/jchen790/cylinder flow lab/cfp40.py:1048: OptimizeWarning: Unknown solver options: hess, hessp, bounds, constraints, tol
  result = minimize(
Invoked: SSBroyden1 approach!
[BFGS] batch=   5  call=   347  total=4.062e-03  PDE=4.614e-04 [colloc=3.956e-04, cfd=3.291e-05]  WALL=3.197e-15  DATA=2.203e-04
Invoked: SSBroyden1 approach!
[BFGS] batch=   5  call=   348  total=4.061e-03  PDE=4.556e-04 [colloc=3.910e-04, cfd=3.226e-05]  WALL=3.195e-15  DATA=2.181e-04
[BFGS-END] batch=   5  last_total=4.057e-03  last_PDE=4.556e-04 [colloc=3.910e-04, cfd=3.226e-05]  last_WALL=3.195e-15  last_DATA=2.181e-04
/oscar/home/jchen790/cylinder flow lab/cfp40.py:1048: OptimizeWarning: Unknown solver options: hess, hessp, bounds, constraints, tol
  result = minimize(
Invoked: SSBroyden1 approach!
[BFGS] batch=   6  call=   379  total=4.058e-03  PDE=4.516e-04 [colloc=3.871e-04, cfd=3.224e-05]  WALL=3.183e-15  DATA=2.171e-04
Invoked: SSBroyden1 approach!
[BFGS] batch=   6  call=   380  total=4.046e-03  PDE=4.479e-04 [colloc=3.842e-04, cfd=3.187e-05]  WALL=3.185e-15  DATA=2.174e-04
Invoked: SSBroyden1 approach!
[BFGS] batch=   6  call=   381  total=4.024e-03  PDE=4.423e-04 [colloc=3.796e-04, cfd=3.135e-05]  WALL=3.185e-15  DATA=2.176e-04
Invoked: SSBroyden1 approach!
[BFGS] batch=   6  call=   382  total=4.006e-03  PDE=4.327e-04 [colloc=3.722e-04, cfd=3.027e-05]  WALL=3.196e-15  DATA=2.172e-04
Invoked: SSBroyden1 approach!
[BFGS] batch=   6  call=   383  total=3.974e-03  PDE=4.237e-04 [colloc=3.644e-04, cfd=2.963e-05]  WALL=3.191e-15  DATA=2.168e-04
Invoked: SSBroyden1 approach!
[BFGS] batch=   6  call=   384  total=3.930e-03  PDE=4.139e-04 [colloc=3.548e-04, cfd=2.955e-05]  WALL=3.183e-15  DATA=2.170e-04
Invoked: SSBroyden1 approach!
[BFGS] batch=   6  call=   386  total=3.893e-03  PDE=4.089e-04 [colloc=3.495e-04, cfd=2.971e-05]  WALL=3.180e-15  DATA=2.176e-04
[BFGS-END] batch=   6  last_total=3.914e-03  last_PDE=4.089e-04 [colloc=3.495e-04, cfd=2.971e-05]  last_WALL=3.180e-15  last_DATA=2.176e-04
/oscar/home/jchen790/cylinder flow lab/cfp40.py:1048: OptimizeWarning: Unknown solver options: hess, hessp, bounds, constraints, tol
  result = minimize(
Invoked: SSBroyden1 approach!
[BFGS] batch=   7  call=   417  total=3.896e-03  PDE=4.075e-04 [colloc=3.483e-04, cfd=2.957e-05]  WALL=3.178e-15  DATA=2.173e-04
[BFGS-END] batch=   7  last_total=3.914e-03  last_PDE=4.075e-04 [colloc=3.483e-04, cfd=2.957e-05]  last_WALL=3.178e-15  last_DATA=2.173e-04
/oscar/home/jchen790/cylinder flow lab/cfp40.py:1048: OptimizeWarning: Unknown solver options: hess, hessp, bounds, constraints, tol
  result = minimize(
Invoked: SSBroyden1 approach!
[BFGS] batch=   8  call=   438  total=3.922e-03  PDE=4.047e-04 [colloc=3.443e-04, cfd=3.016e-05]  WALL=3.169e-15  DATA=2.171e-04
Invoked: SSBroyden1 approach!
[BFGS] batch=   8  call=   440  total=3.905e-03  PDE=4.012e-04 [colloc=3.400e-04, cfd=3.058e-05]  WALL=3.186e-15  DATA=2.167e-04
Invoked: SSBroyden1 approach!
[BFGS] batch=   8  call=   441  total=3.894e-03  PDE=3.973e-04 [colloc=3.346e-04, cfd=3.133e-05]  WALL=3.174e-15  DATA=2.162e-04
Invoked: SSBroyden1 approach!
[BFGS] batch=   8  call=   442  total=3.879e-03  PDE=3.919e-04 [colloc=3.297e-04, cfd=3.107e-05]  WALL=3.183e-15  DATA=2.159e-04
Invoked: SSBroyden1 approach!
[BFGS] batch=   8  call=   443  total=3.826e-03  PDE=3.867e-04 [colloc=3.248e-04, cfd=3.096e-05]  WALL=3.183e-15  DATA=2.144e-04
Invoked: SSBroyden1 approach!
[BFGS] batch=   8  call=   445  total=3.810e-03  PDE=3.825e-04 [colloc=3.212e-04, cfd=3.061e-05]  WALL=3.186e-15  DATA=2.134e-04
Invoked: SSBroyden1 approach!
[BFGS] batch=   8  call=   446  total=3.775e-03  PDE=3.764e-04 [colloc=3.157e-04, cfd=3.038e-05]  WALL=3.192e-15  DATA=2.138e-04
Invoked: SSBroyden1 approach!
[BFGS] batch=   8  call=   447  total=3.755e-03  PDE=3.714e-04 [colloc=3.105e-04, cfd=3.046e-05]  WALL=3.190e-15  DATA=2.130e-04
Invoked: SSBroyden1 approach!
[BFGS] batch=   8  call=   448  total=3.743e-03  PDE=3.658e-04 [colloc=3.056e-04, cfd=3.009e-05]  WALL=3.183e-15  DATA=2.111e-04
Invoked: SSBroyden1 approach!
[BFGS] batch=   8  call=   453  total=3.725e-03  PDE=3.650e-04 [colloc=3.051e-04, cfd=2.995e-05]  WALL=3.183e-15  DATA=2.108e-04
Invoked: SSBroyden1 approach!
[BFGS] batch=   8  call=   454  total=3.683e-03  PDE=3.602e-04 [colloc=3.025e-04, cfd=2.884e-05]  WALL=3.184e-15  DATA=2.084e-04
Invoked: SSBroyden1 approach!
[BFGS] batch=   8  call=   456  total=3.674e-03  PDE=3.533e-04 [colloc=2.969e-04, cfd=2.820e-05]  WALL=3.177e-15  DATA=2.097e-04
Invoked: SSBroyden1 approach!
[BFGS] batch=   8  call=   457  total=3.641e-03  PDE=3.499e-04 [colloc=2.930e-04, cfd=2.841e-05]  WALL=3.172e-15  DATA=2.088e-04
