============================================================
 Phase 1 — DATA-ONLY (all CFD pts, no PDE, no outlet)
   goal: best possible CFD reproduction by v2 model class
============================================================
[OK] _optimize._minimize_bfgs loaded — SSBroyden / SSBFGS variants available
[v2-loader] Re40.vtk  cells=8234  velocity_array='UMean'  prefer_mean=True
[v2] Model: width=96, depth=5, Fourier F=32, σ_bands=[0.25, 0.5, 1.0, 2.0] (rows per band=[8, 8, 8, 8]), params=43970
[v2] training mode: DATA-ONLY (mentor's Phase 1)
[v2] === Stage 1: Adam with adaptive (variable) weights ===
[Adam-v2] ep=   20  total=1.574e+01  PDE=0.000e+00 (w=1.000)  OUT=7.370e+01 (w=0.200)  DATA=1.004e+00 (w=1.000)  |  hard-BC residuals: in=0.00e+00 tb=0.00e+00 wuv=1.20e-13 wpsi=2.67e-29
[Adam-v2] ep=   40  total=3.495e+00  PDE=0.000e+00 (w=1.000)  OUT=1.443e+01 (w=0.200)  DATA=6.094e-01 (w=1.000)  |  hard-BC residuals: in=0.00e+00 tb=0.00e+00 wuv=1.18e-13 wpsi=2.62e-29
[Adam-v2] ep=   60  total=2.535e+00  PDE=0.000e+00 (w=1.000)  OUT=1.016e+01 (w=0.200)  DATA=5.027e-01 (w=1.000)  |  hard-BC residuals: in=0.00e+00 tb=0.00e+00 wuv=1.04e-13 wpsi=2.30e-29
[Adam-v2] ep=   80  total=9.593e-01  PDE=0.000e+00 (w=1.000)  OUT=2.642e+00 (w=0.200)  DATA=4.308e-01 (w=1.000)  |  hard-BC residuals: in=0.00e+00 tb=0.00e+00 wuv=9.43e-14 wpsi=2.09e-29
[Adam-v2] ep=  100  total=8.770e-01  PDE=0.000e+00 (w=1.000)  OUT=2.463e+00 (w=0.200)  DATA=3.845e-01 (w=1.000)  |  hard-BC residuals: in=0.00e+00 tb=0.00e+00 wuv=8.97e-14 wpsi=1.99e-29
[Adam-v2] ep=  120  total=4.716e-01  PDE=0.000e+00 (w=1.000)  OUT=7.241e-01 (w=0.200)  DATA=3.268e-01 (w=1.000)  |  hard-BC residuals: in=0.00e+00 tb=0.00e+00 wuv=7.95e-14 wpsi=1.77e-29
[Adam-v2] ep=  140  total=4.439e-01  PDE=0.000e+00 (w=1.000)  OUT=8.635e-01 (w=0.200)  DATA=2.712e-01 (w=1.000)  |  hard-BC residuals: in=0.00e+00 tb=0.00e+00 wuv=5.95e-14 wpsi=1.32e-29
[Adam-v2] ep=  160  total=3.766e-01  PDE=0.000e+00 (w=1.000)  OUT=7.490e-01 (w=0.200)  DATA=2.268e-01 (w=1.000)  |  hard-BC residuals: in=0.00e+00 tb=0.00e+00 wuv=4.39e-14 wpsi=9.76e-30
[Adam-v2] ep=  180  total=3.018e-01  PDE=0.000e+00 (w=1.000)  OUT=5.688e-01 (w=0.200)  DATA=1.880e-01 (w=1.000)  |  hard-BC residuals: in=0.00e+00 tb=0.00e+00 wuv=2.91e-14 wpsi=6.45e-30
[Adam-v2] ep=  200  total=2.193e-01  PDE=0.000e+00 (w=1.000)  OUT=3.007e-01 (w=0.200)  DATA=1.591e-01 (w=1.000)  |  hard-BC residuals: in=0.00e+00 tb=0.00e+00 wuv=1.89e-14 wpsi=4.20e-30
[Adam-v2] ep=  220  total=2.464e-01  PDE=0.000e+00 (w=1.000)  OUT=5.491e-01 (w=0.200)  DATA=1.366e-01 (w=1.000)  |  hard-BC residuals: in=0.00e+00 tb=0.00e+00 wuv=1.20e-14 wpsi=2.67e-30
[Adam-v2] ep=  240  total=1.758e-01  PDE=0.000e+00 (w=1.000)  OUT=2.626e-01 (w=0.200)  DATA=1.233e-01 (w=1.000)  |  hard-BC residuals: in=0.00e+00 tb=0.00e+00 wuv=1.08e-14 wpsi=2.41e-30
[Adam-v2] ep=  260  total=1.938e-01  PDE=0.000e+00 (w=1.000)  OUT=4.210e-01 (w=0.200)  DATA=1.096e-01 (w=1.000)  |  hard-BC residuals: in=0.00e+00 tb=0.00e+00 wuv=8.01e-15 wpsi=1.78e-30
[Adam-v2] ep=  280  total=1.423e-01  PDE=0.000e+00 (w=1.000)  OUT=2.149e-01 (w=0.200)  DATA=9.936e-02 (w=1.000)  |  hard-BC residuals: in=0.00e+00 tb=0.00e+00 wuv=8.03e-15 wpsi=1.78e-30
[Adam-v2] ep=  300  total=1.486e-01  PDE=0.000e+00 (w=1.000)  OUT=2.846e-01 (w=0.200)  DATA=9.165e-02 (w=1.000)  |  hard-BC residuals: in=0.00e+00 tb=0.00e+00 wuv=6.22e-15 wpsi=1.38e-30
[Adam-v2] ep=  320  total=1.201e-01  PDE=0.000e+00 (w=1.000)  OUT=1.798e-01 (w=0.200)  DATA=8.415e-02 (w=1.000)  |  hard-BC residuals: in=0.00e+00 tb=0.00e+00 wuv=6.63e-15 wpsi=1.47e-30
[Adam-v2] ep=  340  total=1.109e-01  PDE=0.000e+00 (w=1.000)  OUT=1.688e-01 (w=0.200)  DATA=7.709e-02 (w=1.000)  |  hard-BC residuals: in=0.00e+00 tb=0.00e+00 wuv=5.98e-15 wpsi=1.33e-30
[Adam-v2] ep=  360  total=1.067e-01  PDE=0.000e+00 (w=1.000)  OUT=1.774e-01 (w=0.200)  DATA=7.124e-02 (w=1.000)  |  hard-BC residuals: in=0.00e+00 tb=0.00e+00 wuv=5.51e-15 wpsi=1.22e-30
[Adam-v2] ep=  380  total=8.525e-02  PDE=0.000e+00 (w=1.000)  OUT=9.554e-02 (w=0.200)  DATA=6.614e-02 (w=1.000)  |  hard-BC residuals: in=0.00e+00 tb=0.00e+00 wuv=5.49e-15 wpsi=1.22e-30
[Adam-v2] ep=  400  total=8.753e-02  PDE=0.000e+00 (w=1.000)  OUT=1.252e-01 (w=0.200)  DATA=6.248e-02 (w=1.000)  |  hard-BC residuals: in=0.00e+00 tb=0.00e+00 wuv=5.04e-15 wpsi=1.12e-30
[Adam-v2] ep=  420  total=7.235e-02  PDE=0.000e+00 (w=1.000)  OUT=7.129e-02 (w=0.200)  DATA=5.810e-02 (w=1.000)  |  hard-BC residuals: in=0.00e+00 tb=0.00e+00 wuv=5.08e-15 wpsi=1.13e-30
[Adam-v2] ep=  440  total=7.860e-02  PDE=0.000e+00 (w=1.000)  OUT=1.177e-01 (w=0.200)  DATA=5.506e-02 (w=1.000)  |  hard-BC residuals: in=0.00e+00 tb=0.00e+00 wuv=5.41e-15 wpsi=1.20e-30
[Adam-v2] ep=  460  total=6.897e-02  PDE=0.000e+00 (w=1.000)  OUT=8.744e-02 (w=0.200)  DATA=5.149e-02 (w=1.000)  |  hard-BC residuals: in=0.00e+00 tb=0.00e+00 wuv=5.39e-15 wpsi=1.20e-30
[Adam-v2] ep=  480  total=5.903e-02  PDE=0.000e+00 (w=1.000)  OUT=5.029e-02 (w=0.200)  DATA=4.897e-02 (w=1.000)  |  hard-BC residuals: in=0.00e+00 tb=0.00e+00 wuv=5.02e-15 wpsi=1.11e-30
[Adam-v2] ep=  500  total=5.772e-02  PDE=0.000e+00 (w=1.000)  OUT=5.652e-02 (w=0.200)  DATA=4.642e-02 (w=1.000)  |  hard-BC residuals: in=0.00e+00 tb=0.00e+00 wuv=4.80e-15 wpsi=1.07e-30
[Adam-v2] ep=  520  total=5.305e-02  PDE=0.000e+00 (w=1.000)  OUT=4.360e-02 (w=0.200)  DATA=4.433e-02 (w=1.000)  |  hard-BC residuals: in=0.00e+00 tb=0.00e+00 wuv=4.35e-15 wpsi=9.67e-31
[Adam-v2] ep=  540  total=5.210e-02  PDE=0.000e+00 (w=1.000)  OUT=4.837e-02 (w=0.200)  DATA=4.242e-02 (w=1.000)  |  hard-BC residuals: in=0.00e+00 tb=0.00e+00 wuv=4.58e-15 wpsi=1.02e-30
[Adam-v2] ep=  560  total=4.468e-02  PDE=0.000e+00 (w=1.000)  OUT=2.226e-02 (w=0.200)  DATA=4.022e-02 (w=1.000)  |  hard-BC residuals: in=0.00e+00 tb=0.00e+00 wuv=4.33e-15 wpsi=9.62e-31
[Adam-v2] ep=  580  total=4.557e-02  PDE=0.000e+00 (w=1.000)  OUT=3.523e-02 (w=0.200)  DATA=3.852e-02 (w=1.000)  |  hard-BC residuals: in=0.00e+00 tb=0.00e+00 wuv=4.80e-15 wpsi=1.07e-30
[Adam-v2] ep=  600  total=5.154e-02  PDE=0.000e+00 (w=1.000)  OUT=7.041e-02 (w=0.200)  DATA=3.745e-02 (w=1.000)  |  hard-BC residuals: in=0.00e+00 tb=0.00e+00 wuv=4.31e-15 wpsi=9.57e-31
[Adam-v2] ep=  620  total=4.671e-02  PDE=0.000e+00 (w=1.000)  OUT=5.274e-02 (w=0.200)  DATA=3.616e-02 (w=1.000)  |  hard-BC residuals: in=0.00e+00 tb=0.00e+00 wuv=4.60e-15 wpsi=1.02e-30
[Adam-v2] ep=  640  total=4.143e-02  PDE=0.000e+00 (w=1.000)  OUT=3.220e-02 (w=0.200)  DATA=3.499e-02 (w=1.000)  |  hard-BC residuals: in=0.00e+00 tb=0.00e+00 wuv=5.11e-15 wpsi=1.13e-30
[Adam-v2] ep=  660  total=3.783e-02  PDE=0.000e+00 (w=1.000)  OUT=2.185e-02 (w=0.200)  DATA=3.346e-02 (w=1.000)  |  hard-BC residuals: in=0.00e+00 tb=0.00e+00 wuv=4.35e-15 wpsi=9.65e-31
[Adam-v2] ep=  680  total=3.587e-02  PDE=0.000e+00 (w=1.000)  OUT=1.956e-02 (w=0.200)  DATA=3.196e-02 (w=1.000)  |  hard-BC residuals: in=0.00e+00 tb=0.00e+00 wuv=4.23e-15 wpsi=9.40e-31
[Adam-v2] ep=  700  total=3.685e-02  PDE=0.000e+00 (w=1.000)  OUT=2.861e-02 (w=0.200)  DATA=3.113e-02 (w=1.000)  |  hard-BC residuals: in=0.00e+00 tb=0.00e+00 wuv=4.13e-15 wpsi=9.17e-31
[Adam-v2] ep=  720  total=3.389e-02  PDE=0.000e+00 (w=1.000)  OUT=2.010e-02 (w=0.200)  DATA=2.987e-02 (w=1.000)  |  hard-BC residuals: in=0.00e+00 tb=0.00e+00 wuv=4.63e-15 wpsi=1.03e-30
[Adam-v2] ep=  740  total=3.190e-02  PDE=0.000e+00 (w=1.000)  OUT=1.529e-02 (w=0.200)  DATA=2.884e-02 (w=1.000)  |  hard-BC residuals: in=0.00e+00 tb=0.00e+00 wuv=4.10e-15 wpsi=9.11e-31
[Adam-v2] ep=  760  total=3.097e-02  PDE=0.000e+00 (w=1.000)  OUT=1.619e-02 (w=0.200)  DATA=2.773e-02 (w=1.000)  |  hard-BC residuals: in=0.00e+00 tb=0.00e+00 wuv=4.43e-15 wpsi=9.84e-31
[Adam-v2] ep=  780  total=2.897e-02  PDE=0.000e+00 (w=1.000)  OUT=1.087e-02 (w=0.200)  DATA=2.680e-02 (w=1.000)  |  hard-BC residuals: in=0.00e+00 tb=0.00e+00 wuv=4.53e-15 wpsi=1.01e-30
[Adam-v2] ep=  800  total=2.929e-02  PDE=0.000e+00 (w=1.000)  OUT=1.676e-02 (w=0.200)  DATA=2.593e-02 (w=1.000)  |  hard-BC residuals: in=0.00e+00 tb=0.00e+00 wuv=3.55e-15 wpsi=7.88e-31
[Adam-v2] ep=  820  total=2.860e-02  PDE=0.000e+00 (w=1.000)  OUT=1.590e-02 (w=0.200)  DATA=2.542e-02 (w=1.000)  |  hard-BC residuals: in=0.00e+00 tb=0.00e+00 wuv=3.18e-15 wpsi=7.05e-31
[Adam-v2] ep=  840  total=2.621e-02  PDE=0.000e+00 (w=1.000)  OUT=8.889e-03 (w=0.200)  DATA=2.443e-02 (w=1.000)  |  hard-BC residuals: in=0.00e+00 tb=0.00e+00 wuv=3.84e-15 wpsi=8.54e-31
[Adam-v2] ep=  860  total=2.495e-02  PDE=0.000e+00 (w=1.000)  OUT=6.906e-03 (w=0.200)  DATA=2.357e-02 (w=1.000)  |  hard-BC residuals: in=0.00e+00 tb=0.00e+00 wuv=3.76e-15 wpsi=8.34e-31
[Adam-v2] ep=  880  total=2.360e-02  PDE=0.000e+00 (w=1.000)  OUT=4.494e-03 (w=0.200)  DATA=2.271e-02 (w=1.000)  |  hard-BC residuals: in=0.00e+00 tb=0.00e+00 wuv=3.71e-15 wpsi=8.24e-31
[Adam-v2] ep=  900  total=2.268e-02  PDE=0.000e+00 (w=1.000)  OUT=3.693e-03 (w=0.200)  DATA=2.195e-02 (w=1.000)  |  hard-BC residuals: in=0.00e+00 tb=0.00e+00 wuv=4.01e-15 wpsi=8.90e-31
[Adam-v2] ep=  920  total=2.203e-02  PDE=0.000e+00 (w=1.000)  OUT=3.914e-03 (w=0.200)  DATA=2.125e-02 (w=1.000)  |  hard-BC residuals: in=0.00e+00 tb=0.00e+00 wuv=4.07e-15 wpsi=9.04e-31
[Adam-v2] ep=  940  total=2.108e-02  PDE=0.000e+00 (w=1.000)  OUT=2.573e-03 (w=0.200)  DATA=2.057e-02 (w=1.000)  |  hard-BC residuals: in=0.00e+00 tb=0.00e+00 wuv=3.82e-15 wpsi=8.48e-31
[Adam-v2] ep=  960  total=2.103e-02  PDE=0.000e+00 (w=1.000)  OUT=5.080e-03 (w=0.200)  DATA=2.001e-02 (w=1.000)  |  hard-BC residuals: in=0.00e+00 tb=0.00e+00 wuv=4.23e-15 wpsi=9.40e-31
[Adam-v2] ep=  980  total=2.038e-02  PDE=0.000e+00 (w=1.000)  OUT=4.819e-03 (w=0.200)  DATA=1.941e-02 (w=1.000)  |  hard-BC residuals: in=0.00e+00 tb=0.00e+00 wuv=3.83e-15 wpsi=8.50e-31
[Adam-v2] ep= 1000  total=2.036e-02  PDE=0.000e+00 (w=1.000)  OUT=6.879e-03 (w=0.200)  DATA=1.898e-02 (w=1.000)  |  hard-BC residuals: in=0.00e+00 tb=0.00e+00 wuv=3.65e-15 wpsi=8.11e-31
[Adam-v2] ep= 1020  total=1.959e-02  PDE=0.000e+00 (w=1.000)  OUT=5.696e-03 (w=0.200)  DATA=1.845e-02 (w=1.000)  |  hard-BC residuals: in=0.00e+00 tb=0.00e+00 wuv=3.93e-15 wpsi=8.72e-31
[Adam-v2] ep= 1040  total=1.907e-02  PDE=0.000e+00 (w=1.000)  OUT=5.232e-03 (w=0.200)  DATA=1.802e-02 (w=1.000)  |  hard-BC residuals: in=0.00e+00 tb=0.00e+00 wuv=4.20e-15 wpsi=9.32e-31
[Adam-v2] ep= 1060  total=1.847e-02  PDE=0.000e+00 (w=1.000)  OUT=4.966e-03 (w=0.200)  DATA=1.748e-02 (w=1.000)  |  hard-BC residuals: in=0.00e+00 tb=0.00e+00 wuv=3.66e-15 wpsi=8.14e-31
[Adam-v2] ep= 1080  total=1.793e-02  PDE=0.000e+00 (w=1.000)  OUT=4.602e-03 (w=0.200)  DATA=1.701e-02 (w=1.000)  |  hard-BC residuals: in=0.00e+00 tb=0.00e+00 wuv=3.76e-15 wpsi=8.36e-31
[Adam-v2] ep= 1100  total=1.766e-02  PDE=0.000e+00 (w=1.000)  OUT=5.413e-03 (w=0.200)  DATA=1.658e-02 (w=1.000)  |  hard-BC residuals: in=0.00e+00 tb=0.00e+00 wuv=3.91e-15 wpsi=8.69e-31
[Adam-v2] ep= 1120  total=1.808e-02  PDE=0.000e+00 (w=1.000)  OUT=9.112e-03 (w=0.200)  DATA=1.626e-02 (w=1.000)  |  hard-BC residuals: in=0.00e+00 tb=0.00e+00 wuv=3.93e-15 wpsi=8.72e-31
[Adam-v2] ep= 1140  total=1.720e-02  PDE=0.000e+00 (w=1.000)  OUT=6.447e-03 (w=0.200)  DATA=1.591e-02 (w=1.000)  |  hard-BC residuals: in=0.00e+00 tb=0.00e+00 wuv=3.80e-15 wpsi=8.43e-31
[Adam-v2] ep= 1160  total=1.670e-02  PDE=0.000e+00 (w=1.000)  OUT=5.941e-03 (w=0.200)  DATA=1.551e-02 (w=1.000)  |  hard-BC residuals: in=0.00e+00 tb=0.00e+00 wuv=3.66e-15 wpsi=8.12e-31
[Adam-v2] ep= 1180  total=1.592e-02  PDE=0.000e+00 (w=1.000)  OUT=4.455e-03 (w=0.200)  DATA=1.503e-02 (w=1.000)  |  hard-BC residuals: in=0.00e+00 tb=0.00e+00 wuv=3.65e-15 wpsi=8.12e-31
[Adam-v2] ep= 1200  total=1.557e-02  PDE=0.000e+00 (w=1.000)  OUT=4.562e-03 (w=0.200)  DATA=1.466e-02 (w=1.000)  |  hard-BC residuals: in=0.00e+00 tb=0.00e+00 wuv=3.69e-15 wpsi=8.19e-31
[Adam-v2] ep= 1220  total=1.516e-02  PDE=0.000e+00 (w=1.000)  OUT=4.599e-03 (w=0.200)  DATA=1.424e-02 (w=1.000)  |  hard-BC residuals: in=0.00e+00 tb=0.00e+00 wuv=3.74e-15 wpsi=8.30e-31
[Adam-v2] ep= 1240  total=1.695e-02  PDE=0.000e+00 (w=1.000)  OUT=1.436e-02 (w=0.200)  DATA=1.408e-02 (w=1.000)  |  hard-BC residuals: in=0.00e+00 tb=0.00e+00 wuv=3.95e-15 wpsi=8.77e-31
[Adam-v2] ep= 1260  total=1.627e-02  PDE=0.000e+00 (w=1.000)  OUT=1.207e-02 (w=0.200)  DATA=1.386e-02 (w=1.000)  |  hard-BC residuals: in=0.00e+00 tb=0.00e+00 wuv=3.46e-15 wpsi=7.69e-31
[Adam-v2] ep= 1280  total=1.535e-02  PDE=0.000e+00 (w=1.000)  OUT=9.153e-03 (w=0.200)  DATA=1.352e-02 (w=1.000)  |  hard-BC residuals: in=0.00e+00 tb=0.00e+00 wuv=3.57e-15 wpsi=7.92e-31
[Adam-v2] ep= 1300  total=1.445e-02  PDE=0.000e+00 (w=1.000)  OUT=5.899e-03 (w=0.200)  DATA=1.327e-02 (w=1.000)  |  hard-BC residuals: in=0.00e+00 tb=0.00e+00 wuv=3.16e-15 wpsi=7.02e-31
[Adam-v2] ep= 1320  total=1.361e-02  PDE=0.000e+00 (w=1.000)  OUT=4.095e-03 (w=0.200)  DATA=1.279e-02 (w=1.000)  |  hard-BC residuals: in=0.00e+00 tb=0.00e+00 wuv=4.12e-15 wpsi=9.15e-31
[Adam-v2] ep= 1340  total=1.342e-02  PDE=0.000e+00 (w=1.000)  OUT=5.016e-03 (w=0.200)  DATA=1.242e-02 (w=1.000)  |  hard-BC residuals: in=0.00e+00 tb=0.00e+00 wuv=3.64e-15 wpsi=8.08e-31
[Adam-v2] ep= 1360  total=1.362e-02  PDE=0.000e+00 (w=1.000)  OUT=7.306e-03 (w=0.200)  DATA=1.216e-02 (w=1.000)  |  hard-BC residuals: in=0.00e+00 tb=0.00e+00 wuv=3.70e-15 wpsi=8.21e-31
[Adam-v2] ep= 1380  total=1.356e-02  PDE=0.000e+00 (w=1.000)  OUT=8.536e-03 (w=0.200)  DATA=1.185e-02 (w=1.000)  |  hard-BC residuals: in=0.00e+00 tb=0.00e+00 wuv=3.62e-15 wpsi=8.03e-31
[Adam-v2] ep= 1400  total=1.273e-02  PDE=0.000e+00 (w=1.000)  OUT=5.854e-03 (w=0.200)  DATA=1.156e-02 (w=1.000)  |  hard-BC residuals: in=0.00e+00 tb=0.00e+00 wuv=3.58e-15 wpsi=7.95e-31
[Adam-v2] ep= 1420  total=1.232e-02  PDE=0.000e+00 (w=1.000)  OUT=5.300e-03 (w=0.200)  DATA=1.126e-02 (w=1.000)  |  hard-BC residuals: in=0.00e+00 tb=0.00e+00 wuv=3.88e-15 wpsi=8.62e-31
[Adam-v2] ep= 1440  total=1.188e-02  PDE=0.000e+00 (w=1.000)  OUT=4.598e-03 (w=0.200)  DATA=1.096e-02 (w=1.000)  |  hard-BC residuals: in=0.00e+00 tb=0.00e+00 wuv=3.62e-15 wpsi=8.05e-31
[Adam-v2] ep= 1460  total=1.238e-02  PDE=0.000e+00 (w=1.000)  OUT=7.404e-03 (w=0.200)  DATA=1.089e-02 (w=1.000)  |  hard-BC residuals: in=0.00e+00 tb=0.00e+00 wuv=4.02e-15 wpsi=8.93e-31
[Adam-v2] ep= 1480  total=1.189e-02  PDE=0.000e+00 (w=1.000)  OUT=7.293e-03 (w=0.200)  DATA=1.043e-02 (w=1.000)  |  hard-BC residuals: in=0.00e+00 tb=0.00e+00 wuv=3.76e-15 wpsi=8.35e-31
[Adam-v2] ep= 1500  total=1.115e-02  PDE=0.000e+00 (w=1.000)  OUT=4.889e-03 (w=0.200)  DATA=1.017e-02 (w=1.000)  |  hard-BC residuals: in=0.00e+00 tb=0.00e+00 wuv=3.60e-15 wpsi=7.99e-31
[Adam-v2] ep= 1520  total=1.149e-02  PDE=0.000e+00 (w=1.000)  OUT=7.383e-03 (w=0.200)  DATA=1.002e-02 (w=1.000)  |  hard-BC residuals: in=0.00e+00 tb=0.00e+00 wuv=3.46e-15 wpsi=7.68e-31
[Adam-v2] ep= 1540  total=1.110e-02  PDE=0.000e+00 (w=1.000)  OUT=6.580e-03 (w=0.200)  DATA=9.782e-03 (w=1.000)  |  hard-BC residuals: in=0.00e+00 tb=0.00e+00 wuv=4.11e-15 wpsi=9.13e-31
[Adam-v2] ep= 1560  total=1.086e-02  PDE=0.000e+00 (w=1.000)  OUT=6.879e-03 (w=0.200)  DATA=9.484e-03 (w=1.000)  |  hard-BC residuals: in=0.00e+00 tb=0.00e+00 wuv=3.83e-15 wpsi=8.51e-31
[Adam-v2] ep= 1580  total=1.090e-02  PDE=0.000e+00 (w=1.000)  OUT=7.315e-03 (w=0.200)  DATA=9.432e-03 (w=1.000)  |  hard-BC residuals: in=0.00e+00 tb=0.00e+00 wuv=3.73e-15 wpsi=8.27e-31
[Adam-v2] ep= 1600  total=1.030e-02  PDE=0.000e+00 (w=1.000)  OUT=6.060e-03 (w=0.200)  DATA=9.092e-03 (w=1.000)  |  hard-BC residuals: in=0.00e+00 tb=0.00e+00 wuv=3.64e-15 wpsi=8.09e-31
[Adam-v2] ep= 1620  total=9.747e-03  PDE=0.000e+00 (w=1.000)  OUT=4.742e-03 (w=0.200)  DATA=8.799e-03 (w=1.000)  |  hard-BC residuals: in=0.00e+00 tb=0.00e+00 wuv=3.64e-15 wpsi=8.09e-31
[Adam-v2] ep= 1640  total=1.034e-02  PDE=0.000e+00 (w=1.000)  OUT=8.418e-03 (w=0.200)  DATA=8.660e-03 (w=1.000)  |  hard-BC residuals: in=0.00e+00 tb=0.00e+00 wuv=3.71e-15 wpsi=8.24e-31
[Adam-v2] ep= 1660  total=1.003e-02  PDE=0.000e+00 (w=1.000)  OUT=7.378e-03 (w=0.200)  DATA=8.550e-03 (w=1.000)  |  hard-BC residuals: in=0.00e+00 tb=0.00e+00 wuv=3.33e-15 wpsi=7.40e-31
[Adam-v2] ep= 1680  total=9.705e-03  PDE=0.000e+00 (w=1.000)  OUT=7.202e-03 (w=0.200)  DATA=8.264e-03 (w=1.000)  |  hard-BC residuals: in=0.00e+00 tb=0.00e+00 wuv=3.78e-15 wpsi=8.40e-31
[Adam-v2] ep= 1700  total=8.580e-03  PDE=0.000e+00 (w=1.000)  OUT=3.332e-03 (w=0.200)  DATA=7.914e-03 (w=1.000)  |  hard-BC residuals: in=0.00e+00 tb=0.00e+00 wuv=3.84e-15 wpsi=8.52e-31
[Adam-v2] ep= 1720  total=8.612e-03  PDE=0.000e+00 (w=1.000)  OUT=4.432e-03 (w=0.200)  DATA=7.726e-03 (w=1.000)  |  hard-BC residuals: in=0.00e+00 tb=0.00e+00 wuv=3.98e-15 wpsi=8.84e-31
[Adam-v2] ep= 1740  total=9.260e-03  PDE=0.000e+00 (w=1.000)  OUT=7.551e-03 (w=0.200)  DATA=7.750e-03 (w=1.000)  |  hard-BC residuals: in=0.00e+00 tb=0.00e+00 wuv=3.34e-15 wpsi=7.43e-31
[Adam-v2] ep= 1760  total=9.636e-03  PDE=0.000e+00 (w=1.000)  OUT=1.050e-02 (w=0.200)  DATA=7.535e-03 (w=1.000)  |  hard-BC residuals: in=0.00e+00 tb=0.00e+00 wuv=3.74e-15 wpsi=8.30e-31
[Adam-v2] ep= 1780  total=8.152e-03  PDE=0.000e+00 (w=1.000)  OUT=4.804e-03 (w=0.200)  DATA=7.192e-03 (w=1.000)  |  hard-BC residuals: in=0.00e+00 tb=0.00e+00 wuv=3.97e-15 wpsi=8.82e-31
[Adam-v2] ep= 1800  total=7.915e-03  PDE=0.000e+00 (w=1.000)  OUT=4.799e-03 (w=0.200)  DATA=6.955e-03 (w=1.000)  |  hard-BC residuals: in=0.00e+00 tb=0.00e+00 wuv=3.92e-15 wpsi=8.70e-31
[Adam-v2] ep= 1820  total=8.486e-03  PDE=0.000e+00 (w=1.000)  OUT=7.581e-03 (w=0.200)  DATA=6.970e-03 (w=1.000)  |  hard-BC residuals: in=0.00e+00 tb=0.00e+00 wuv=3.45e-15 wpsi=7.66e-31
[Adam-v2] ep= 1840  total=7.963e-03  PDE=0.000e+00 (w=1.000)  OUT=6.220e-03 (w=0.200)  DATA=6.719e-03 (w=1.000)  |  hard-BC residuals: in=0.00e+00 tb=0.00e+00 wuv=3.98e-15 wpsi=8.83e-31
[Adam-v2] ep= 1860  total=8.055e-03  PDE=0.000e+00 (w=1.000)  OUT=7.491e-03 (w=0.200)  DATA=6.557e-03 (w=1.000)  |  hard-BC residuals: in=0.00e+00 tb=0.00e+00 wuv=4.17e-15 wpsi=9.25e-31
[Adam-v2] ep= 1880  total=8.595e-03  PDE=0.000e+00 (w=1.000)  OUT=9.783e-03 (w=0.200)  DATA=6.638e-03 (w=1.000)  |  hard-BC residuals: in=0.00e+00 tb=0.00e+00 wuv=3.63e-15 wpsi=8.07e-31
[Adam-v2] ep= 1900  total=8.494e-03  PDE=0.000e+00 (w=1.000)  OUT=1.078e-02 (w=0.200)  DATA=6.338e-03 (w=1.000)  |  hard-BC residuals: in=0.00e+00 tb=0.00e+00 wuv=4.03e-15 wpsi=8.95e-31
[Adam-v2] ep= 1920  total=7.229e-03  PDE=0.000e+00 (w=1.000)  OUT=4.862e-03 (w=0.200)  DATA=6.256e-03 (w=1.000)  |  hard-BC residuals: in=0.00e+00 tb=0.00e+00 wuv=3.32e-15 wpsi=7.38e-31
[Adam-v2] ep= 1940  total=6.576e-03  PDE=0.000e+00 (w=1.000)  OUT=3.508e-03 (w=0.200)  DATA=5.874e-03 (w=1.000)  |  hard-BC residuals: in=0.00e+00 tb=0.00e+00 wuv=3.95e-15 wpsi=8.77e-31
[Adam-v2] ep= 1960  total=6.356e-03  PDE=0.000e+00 (w=1.000)  OUT=3.350e-03 (w=0.200)  DATA=5.686e-03 (w=1.000)  |  hard-BC residuals: in=0.00e+00 tb=0.00e+00 wuv=4.29e-15 wpsi=9.53e-31
[Adam-v2] ep= 1980  total=6.034e-03  PDE=0.000e+00 (w=1.000)  OUT=2.742e-03 (w=0.200)  DATA=5.486e-03 (w=1.000)  |  hard-BC residuals: in=0.00e+00 tb=0.00e+00 wuv=4.21e-15 wpsi=9.34e-31
[Adam-v2] ep= 2000  total=6.266e-03  PDE=0.000e+00 (w=1.000)  OUT=4.475e-03 (w=0.200)  DATA=5.371e-03 (w=1.000)  |  hard-BC residuals: in=0.00e+00 tb=0.00e+00 wuv=4.16e-15 wpsi=9.23e-31
[Adam-v2] ep= 2020  total=6.641e-03  PDE=0.000e+00 (w=1.000)  OUT=6.531e-03 (w=0.200)  DATA=5.335e-03 (w=1.000)  |  hard-BC residuals: in=0.00e+00 tb=0.00e+00 wuv=4.23e-15 wpsi=9.39e-31
[Adam-v2] ep= 2040  total=7.202e-03  PDE=0.000e+00 (w=1.000)  OUT=8.766e-03 (w=0.200)  DATA=5.449e-03 (w=1.000)  |  hard-BC residuals: in=0.00e+00 tb=0.00e+00 wuv=3.97e-15 wpsi=8.82e-31
[Adam-v2] ep= 2060  total=6.258e-03  PDE=0.000e+00 (w=1.000)  OUT=5.552e-03 (w=0.200)  DATA=5.147e-03 (w=1.000)  |  hard-BC residuals: in=0.00e+00 tb=0.00e+00 wuv=3.99e-15 wpsi=8.86e-31
[Adam-v2] ep= 2080  total=6.048e-03  PDE=0.000e+00 (w=1.000)  OUT=5.090e-03 (w=0.200)  DATA=5.030e-03 (w=1.000)  |  hard-BC residuals: in=0.00e+00 tb=0.00e+00 wuv=4.36e-15 wpsi=9.68e-31
[Adam-v2] ep= 2100  total=5.956e-03  PDE=0.000e+00 (w=1.000)  OUT=5.384e-03 (w=0.200)  DATA=4.879e-03 (w=1.000)  |  hard-BC residuals: in=0.00e+00 tb=0.00e+00 wuv=4.23e-15 wpsi=9.39e-31
[Adam-v2] ep= 2120  total=6.187e-03  PDE=0.000e+00 (w=1.000)  OUT=6.471e-03 (w=0.200)  DATA=4.892e-03 (w=1.000)  |  hard-BC residuals: in=0.00e+00 tb=0.00e+00 wuv=4.88e-15 wpsi=1.08e-30
[Adam-v2] ep= 2140  total=6.096e-03  PDE=0.000e+00 (w=1.000)  OUT=7.043e-03 (w=0.200)  DATA=4.687e-03 (w=1.000)  |  hard-BC residuals: in=0.00e+00 tb=0.00e+00 wuv=4.26e-15 wpsi=9.47e-31
[Adam-v2] ep= 2160  total=5.529e-03  PDE=0.000e+00 (w=1.000)  OUT=5.174e-03 (w=0.200)  DATA=4.494e-03 (w=1.000)  |  hard-BC residuals: in=0.00e+00 tb=0.00e+00 wuv=4.32e-15 wpsi=9.59e-31
[Adam-v2] ep= 2180  total=5.102e-03  PDE=0.000e+00 (w=1.000)  OUT=3.639e-03 (w=0.200)  DATA=4.374e-03 (w=1.000)  |  hard-BC residuals: in=0.00e+00 tb=0.00e+00 wuv=4.26e-15 wpsi=9.45e-31
[Adam-v2] ep= 2200  total=5.331e-03  PDE=0.000e+00 (w=1.000)  OUT=5.114e-03 (w=0.200)  DATA=4.308e-03 (w=1.000)  |  hard-BC residuals: in=0.00e+00 tb=0.00e+00 wuv=4.21e-15 wpsi=9.35e-31
[Adam-v2] ep= 2220  total=5.965e-03  PDE=0.000e+00 (w=1.000)  OUT=7.788e-03 (w=0.200)  DATA=4.407e-03 (w=1.000)  |  hard-BC residuals: in=0.00e+00 tb=0.00e+00 wuv=4.45e-15 wpsi=9.88e-31
[Adam-v2] ep= 2240  total=5.748e-03  PDE=0.000e+00 (w=1.000)  OUT=7.255e-03 (w=0.200)  DATA=4.297e-03 (w=1.000)  |  hard-BC residuals: in=0.00e+00 tb=0.00e+00 wuv=4.41e-15 wpsi=9.80e-31
[Adam-v2] ep= 2260  total=5.368e-03  PDE=0.000e+00 (w=1.000)  OUT=5.873e-03 (w=0.200)  DATA=4.194e-03 (w=1.000)  |  hard-BC residuals: in=0.00e+00 tb=0.00e+00 wuv=4.72e-15 wpsi=1.05e-30
[Adam-v2] ep= 2280  total=5.245e-03  PDE=0.000e+00 (w=1.000)  OUT=5.884e-03 (w=0.200)  DATA=4.068e-03 (w=1.000)  |  hard-BC residuals: in=0.00e+00 tb=0.00e+00 wuv=4.64e-15 wpsi=1.03e-30
[Adam-v2] ep= 2300  total=4.583e-03  PDE=0.000e+00 (w=1.000)  OUT=3.705e-03 (w=0.200)  DATA=3.842e-03 (w=1.000)  |  hard-BC residuals: in=0.00e+00 tb=0.00e+00 wuv=4.15e-15 wpsi=9.22e-31
[Adam-v2] ep= 2320  total=4.470e-03  PDE=0.000e+00 (w=1.000)  OUT=3.490e-03 (w=0.200)  DATA=3.772e-03 (w=1.000)  |  hard-BC residuals: in=0.00e+00 tb=0.00e+00 wuv=4.67e-15 wpsi=1.04e-30
[Adam-v2] ep= 2340  total=4.255e-03  PDE=0.000e+00 (w=1.000)  OUT=3.116e-03 (w=0.200)  DATA=3.632e-03 (w=1.000)  |  hard-BC residuals: in=0.00e+00 tb=0.00e+00 wuv=4.45e-15 wpsi=9.88e-31
[Adam-v2] ep= 2360  total=4.403e-03  PDE=0.000e+00 (w=1.000)  OUT=4.136e-03 (w=0.200)  DATA=3.575e-03 (w=1.000)  |  hard-BC residuals: in=0.00e+00 tb=0.00e+00 wuv=4.64e-15 wpsi=1.03e-30
[Adam-v2] ep= 2380  total=4.825e-03  PDE=0.000e+00 (w=1.000)  OUT=6.143e-03 (w=0.200)  DATA=3.596e-03 (w=1.000)  |  hard-BC residuals: in=0.00e+00 tb=0.00e+00 wuv=3.97e-15 wpsi=8.81e-31
[Adam-v2] ep= 2400  total=5.058e-03  PDE=0.000e+00 (w=1.000)  OUT=7.151e-03 (w=0.200)  DATA=3.628e-03 (w=1.000)  |  hard-BC residuals: in=0.00e+00 tb=0.00e+00 wuv=4.51e-15 wpsi=1.00e-30
[Adam-v2] ep= 2420  total=4.386e-03  PDE=0.000e+00 (w=1.000)  OUT=4.907e-03 (w=0.200)  DATA=3.404e-03 (w=1.000)  |  hard-BC residuals: in=0.00e+00 tb=0.00e+00 wuv=4.09e-15 wpsi=9.08e-31
[Adam-v2] ep= 2440  total=4.050e-03  PDE=0.000e+00 (w=1.000)  OUT=3.773e-03 (w=0.200)  DATA=3.296e-03 (w=1.000)  |  hard-BC residuals: in=0.00e+00 tb=0.00e+00 wuv=4.69e-15 wpsi=1.04e-30
[Adam-v2] ep= 2460  total=3.738e-03  PDE=0.000e+00 (w=1.000)  OUT=2.883e-03 (w=0.200)  DATA=3.161e-03 (w=1.000)  |  hard-BC residuals: in=0.00e+00 tb=0.00e+00 wuv=4.55e-15 wpsi=1.01e-30
[Adam-v2] ep= 2480  total=3.665e-03  PDE=0.000e+00 (w=1.000)  OUT=2.720e-03 (w=0.200)  DATA=3.121e-03 (w=1.000)  |  hard-BC residuals: in=0.00e+00 tb=0.00e+00 wuv=4.62e-15 wpsi=1.03e-30
[Adam-v2] ep= 2500  total=3.594e-03  PDE=0.000e+00 (w=1.000)  OUT=2.822e-03 (w=0.200)  DATA=3.029e-03 (w=1.000)  |  hard-BC residuals: in=0.00e+00 tb=0.00e+00 wuv=4.26e-15 wpsi=9.45e-31
[Adam-v2] ep= 2520  total=3.906e-03  PDE=0.000e+00 (w=1.000)  OUT=4.520e-03 (w=0.200)  DATA=3.002e-03 (w=1.000)  |  hard-BC residuals: in=0.00e+00 tb=0.00e+00 wuv=4.24e-15 wpsi=9.41e-31
[Adam-v2] ep= 2540  total=3.768e-03  PDE=0.000e+00 (w=1.000)  OUT=4.184e-03 (w=0.200)  DATA=2.931e-03 (w=1.000)  |  hard-BC residuals: in=0.00e+00 tb=0.00e+00 wuv=4.45e-15 wpsi=9.88e-31
[Adam-v2] ep= 2560  total=3.727e-03  PDE=0.000e+00 (w=1.000)  OUT=4.125e-03 (w=0.200)  DATA=2.902e-03 (w=1.000)  |  hard-BC residuals: in=0.00e+00 tb=0.00e+00 wuv=4.47e-15 wpsi=9.92e-31
[Adam-v2] ep= 2580  total=3.444e-03  PDE=0.000e+00 (w=1.000)  OUT=3.237e-03 (w=0.200)  DATA=2.797e-03 (w=1.000)  |  hard-BC residuals: in=0.00e+00 tb=0.00e+00 wuv=4.79e-15 wpsi=1.06e-30
[Adam-v2] ep= 2600  total=3.601e-03  PDE=0.000e+00 (w=1.000)  OUT=3.958e-03 (w=0.200)  DATA=2.810e-03 (w=1.000)  |  hard-BC residuals: in=0.00e+00 tb=0.00e+00 wuv=4.22e-15 wpsi=9.38e-31
[Adam-v2] ep= 2620  total=3.639e-03  PDE=0.000e+00 (w=1.000)  OUT=4.077e-03 (w=0.200)  DATA=2.823e-03 (w=1.000)  |  hard-BC residuals: in=0.00e+00 tb=0.00e+00 wuv=4.42e-15 wpsi=9.82e-31
[Adam-v2] ep= 2640  total=3.753e-03  PDE=0.000e+00 (w=1.000)  OUT=4.397e-03 (w=0.200)  DATA=2.874e-03 (w=1.000)  |  hard-BC residuals: in=0.00e+00 tb=0.00e+00 wuv=4.14e-15 wpsi=9.19e-31
[Adam-v2] ep= 2660  total=3.267e-03  PDE=0.000e+00 (w=1.000)  OUT=3.432e-03 (w=0.200)  DATA=2.581e-03 (w=1.000)  |  hard-BC residuals: in=0.00e+00 tb=0.00e+00 wuv=4.41e-15 wpsi=9.80e-31
[Adam-v2] ep= 2680  total=3.608e-03  PDE=0.000e+00 (w=1.000)  OUT=4.963e-03 (w=0.200)  DATA=2.615e-03 (w=1.000)  |  hard-BC residuals: in=0.00e+00 tb=0.00e+00 wuv=4.59e-15 wpsi=1.02e-30
[Adam-v2] ep= 2700  total=3.340e-03  PDE=0.000e+00 (w=1.000)  OUT=4.161e-03 (w=0.200)  DATA=2.507e-03 (w=1.000)  |  hard-BC residuals: in=0.00e+00 tb=0.00e+00 wuv=4.73e-15 wpsi=1.05e-30
[Adam-v2] ep= 2720  total=3.465e-03  PDE=0.000e+00 (w=1.000)  OUT=4.794e-03 (w=0.200)  DATA=2.506e-03 (w=1.000)  |  hard-BC residuals: in=0.00e+00 tb=0.00e+00 wuv=4.36e-15 wpsi=9.68e-31
[Adam-v2] ep= 2740  total=3.694e-03  PDE=0.000e+00 (w=1.000)  OUT=5.531e-03 (w=0.200)  DATA=2.588e-03 (w=1.000)  |  hard-BC residuals: in=0.00e+00 tb=0.00e+00 wuv=4.00e-15 wpsi=8.88e-31
[Adam-v2] ep= 2760  total=2.843e-03  PDE=0.000e+00 (w=1.000)  OUT=2.469e-03 (w=0.200)  DATA=2.349e-03 (w=1.000)  |  hard-BC residuals: in=0.00e+00 tb=0.00e+00 wuv=4.38e-15 wpsi=9.73e-31
[Adam-v2] ep= 2780  total=2.921e-03  PDE=0.000e+00 (w=1.000)  OUT=3.101e-03 (w=0.200)  DATA=2.301e-03 (w=1.000)  |  hard-BC residuals: in=0.00e+00 tb=0.00e+00 wuv=4.87e-15 wpsi=1.08e-30
[Adam-v2] ep= 2800  total=2.664e-03  PDE=0.000e+00 (w=1.000)  OUT=2.146e-03 (w=0.200)  DATA=2.235e-03 (w=1.000)  |  hard-BC residuals: in=0.00e+00 tb=0.00e+00 wuv=4.72e-15 wpsi=1.05e-30
[Adam-v2] ep= 2820  total=2.735e-03  PDE=0.000e+00 (w=1.000)  OUT=2.852e-03 (w=0.200)  DATA=2.165e-03 (w=1.000)  |  hard-BC residuals: in=0.00e+00 tb=0.00e+00 wuv=4.56e-15 wpsi=1.01e-30
[Adam-v2] ep= 2840  total=3.222e-03  PDE=0.000e+00 (w=1.000)  OUT=4.536e-03 (w=0.200)  DATA=2.315e-03 (w=1.000)  |  hard-BC residuals: in=0.00e+00 tb=0.00e+00 wuv=3.84e-15 wpsi=8.52e-31
[Adam-v2] ep= 2860  total=2.699e-03  PDE=0.000e+00 (w=1.000)  OUT=2.976e-03 (w=0.200)  DATA=2.103e-03 (w=1.000)  |  hard-BC residuals: in=0.00e+00 tb=0.00e+00 wuv=4.39e-15 wpsi=9.74e-31
[Adam-v2] ep= 2880  total=2.575e-03  PDE=0.000e+00 (w=1.000)  OUT=2.372e-03 (w=0.200)  DATA=2.101e-03 (w=1.000)  |  hard-BC residuals: in=0.00e+00 tb=0.00e+00 wuv=4.87e-15 wpsi=1.08e-30
[Adam-v2] ep= 2900  total=3.251e-03  PDE=0.000e+00 (w=1.000)  OUT=5.283e-03 (w=0.200)  DATA=2.194e-03 (w=1.000)  |  hard-BC residuals: in=0.00e+00 tb=0.00e+00 wuv=4.74e-15 wpsi=1.05e-30
[Adam-v2] ep= 2920  total=2.454e-03  PDE=0.000e+00 (w=1.000)  OUT=2.394e-03 (w=0.200)  DATA=1.975e-03 (w=1.000)  |  hard-BC residuals: in=0.00e+00 tb=0.00e+00 wuv=4.41e-15 wpsi=9.78e-31
[Adam-v2] ep= 2940  total=2.523e-03  PDE=0.000e+00 (w=1.000)  OUT=2.905e-03 (w=0.200)  DATA=1.942e-03 (w=1.000)  |  hard-BC residuals: in=0.00e+00 tb=0.00e+00 wuv=4.61e-15 wpsi=1.02e-30
[Adam-v2] ep= 2960  total=2.430e-03  PDE=0.000e+00 (w=1.000)  OUT=2.245e-03 (w=0.200)  DATA=1.981e-03 (w=1.000)  |  hard-BC residuals: in=0.00e+00 tb=0.00e+00 wuv=4.24e-15 wpsi=9.42e-31
[Adam-v2] ep= 2980  total=2.509e-03  PDE=0.000e+00 (w=1.000)  OUT=3.112e-03 (w=0.200)  DATA=1.886e-03 (w=1.000)  |  hard-BC residuals: in=0.00e+00 tb=0.00e+00 wuv=4.55e-15 wpsi=1.01e-30
[Adam-v2] ep= 3000  total=2.392e-03  PDE=0.000e+00 (w=1.000)  OUT=2.880e-03 (w=0.200)  DATA=1.816e-03 (w=1.000)  |  hard-BC residuals: in=0.00e+00 tb=0.00e+00 wuv=4.35e-15 wpsi=9.65e-31
[v2] === Stage 2: Auto-normalized BFGS weights (from Adam EMA) ===
        pde          weight=0.0000e+00    (Adam EMA=0.0000e+00)
        outlet       weight=0.0000e+00    (Adam EMA=2.5423e-03)
        wall_uv      weight=0.0000e+00    (Adam EMA=4.4871e-15)
        wall_psi     weight=0.0000e+00    (Adam EMA=9.9633e-31)
        inlet        weight=0.0000e+00    (Adam EMA=0.0000e+00)
        top_bottom   weight=0.0000e+00    (Adam EMA=0.0000e+00)
        data         weight=1.0000e+02    (Adam EMA=1.8654e-03)
[v2] === Stage 3: SSBroyden (SSBroyden1) ===
[BFGS] full data fitting: 7456 CFD points pinned per call  (data-only)
[BFGS] using CUSTOM _optimize._minimize_bfgs (method_bfgs='SSBroyden1')
Invoked: SSBroyden1 approach!
[BFGS] batch=   1  call=     3  total=1.783e-01  PDE=0.000e+00 [colloc=0.000e+00, cfd=0.000e+00]  WALL=3.915e-15  DATA=1.783e-03
Invoked: SSBroyden1 approach!
[BFGS] batch=   1  call=     5  total=1.772e-01  PDE=0.000e+00 [colloc=0.000e+00, cfd=0.000e+00]  WALL=3.843e-15  DATA=1.772e-03
Invoked: SSBroyden1 approach!
[BFGS] batch=   1  call=     6  total=1.762e-01  PDE=0.000e+00 [colloc=0.000e+00, cfd=0.000e+00]  WALL=3.886e-15  DATA=1.762e-03
Invoked: SSBroyden1 approach!
[BFGS] batch=   1  call=     8  total=1.758e-01  PDE=0.000e+00 [colloc=0.000e+00, cfd=0.000e+00]  WALL=3.842e-15  DATA=1.758e-03
Invoked: SSBroyden1 approach!
[BFGS] batch=   1  call=    10  total=1.755e-01  PDE=0.000e+00 [colloc=0.000e+00, cfd=0.000e+00]  WALL=3.844e-15  DATA=1.755e-03
Invoked: SSBroyden1 approach!
[BFGS] batch=   1  call=    11  total=1.752e-01  PDE=0.000e+00 [colloc=0.000e+00, cfd=0.000e+00]  WALL=3.844e-15  DATA=1.752e-03
Invoked: SSBroyden1 approach!
[BFGS] batch=   1  call=    12  total=1.749e-01  PDE=0.000e+00 [colloc=0.000e+00, cfd=0.000e+00]  WALL=3.832e-15  DATA=1.749e-03
Invoked: SSBroyden1 approach!
[BFGS] batch=   1  call=    13  total=1.747e-01  PDE=0.000e+00 [colloc=0.000e+00, cfd=0.000e+00]  WALL=3.838e-15  DATA=1.747e-03
Invoked: SSBroyden1 approach!
[BFGS] batch=   1  call=    14  total=1.745e-01  PDE=0.000e+00 [colloc=0.000e+00, cfd=0.000e+00]  WALL=3.824e-15  DATA=1.745e-03
Invoked: SSBroyden1 approach!
[BFGS] batch=   1  call=    15  total=1.743e-01  PDE=0.000e+00 [colloc=0.000e+00, cfd=0.000e+00]  WALL=3.837e-15  DATA=1.743e-03
Invoked: SSBroyden1 approach!
[BFGS] batch=   1  call=    16  total=1.741e-01  PDE=0.000e+00 [colloc=0.000e+00, cfd=0.000e+00]  WALL=3.822e-15  DATA=1.741e-03
Invoked: SSBroyden1 approach!
[BFGS] batch=   1  call=    17  total=1.739e-01  PDE=0.000e+00 [colloc=0.000e+00, cfd=0.000e+00]  WALL=3.826e-15  DATA=1.739e-03
Invoked: SSBroyden1 approach!
[BFGS] batch=   1  call=    18  total=1.737e-01  PDE=0.000e+00 [colloc=0.000e+00, cfd=0.000e+00]  WALL=3.823e-15  DATA=1.737e-03
Invoked: SSBroyden1 approach!
[BFGS] batch=   1  call=    19  total=1.734e-01  PDE=0.000e+00 [colloc=0.000e+00, cfd=0.000e+00]  WALL=3.837e-15  DATA=1.734e-03
Invoked: SSBroyden1 approach!
[BFGS] batch=   1  call=    20  total=1.730e-01  PDE=0.000e+00 [colloc=0.000e+00, cfd=0.000e+00]  WALL=3.829e-15  DATA=1.730e-03
Invoked: SSBroyden1 approach!
[BFGS] batch=   1  call=    21  total=1.727e-01  PDE=0.000e+00 [colloc=0.000e+00, cfd=0.000e+00]  WALL=3.823e-15  DATA=1.727e-03
Invoked: SSBroyden1 approach!
[BFGS] batch=   1  call=    22  total=1.723e-01  PDE=0.000e+00 [colloc=0.000e+00, cfd=0.000e+00]  WALL=3.834e-15  DATA=1.723e-03
Invoked: SSBroyden1 approach!
[BFGS] batch=   1  call=    23  total=1.718e-01  PDE=0.000e+00 [colloc=0.000e+00, cfd=0.000e+00]  WALL=3.839e-15  DATA=1.718e-03
Invoked: SSBroyden1 approach!
[BFGS] batch=   1  call=    24  total=1.714e-01  PDE=0.000e+00 [colloc=0.000e+00, cfd=0.000e+00]  WALL=3.818e-15  DATA=1.714e-03
Invoked: SSBroyden1 approach!
[BFGS] batch=   1  call=    25  total=1.709e-01  PDE=0.000e+00 [colloc=0.000e+00, cfd=0.000e+00]  WALL=3.820e-15  DATA=1.709e-03
Invoked: SSBroyden1 approach!
[BFGS] batch=   1  call=    26  total=1.703e-01  PDE=0.000e+00 [colloc=0.000e+00, cfd=0.000e+00]  WALL=3.823e-15  DATA=1.703e-03
Invoked: SSBroyden1 approach!
[BFGS] batch=   1  call=    27  total=1.696e-01  PDE=0.000e+00 [colloc=0.000e+00, cfd=0.000e+00]  WALL=3.807e-15  DATA=1.696e-03
Invoked: SSBroyden1 approach!
[BFGS] batch=   1  call=    28  total=1.689e-01  PDE=0.000e+00 [colloc=0.000e+00, cfd=0.000e+00]  WALL=3.811e-15  DATA=1.689e-03
Invoked: SSBroyden1 approach!
[BFGS] batch=   1  call=    29  total=1.682e-01  PDE=0.000e+00 [colloc=0.000e+00, cfd=0.000e+00]  WALL=3.841e-15  DATA=1.682e-03
Invoked: SSBroyden1 approach!
[BFGS] batch=   1  call=    30  total=1.673e-01  PDE=0.000e+00 [colloc=0.000e+00, cfd=0.000e+00]  WALL=3.854e-15  DATA=1.673e-03
Invoked: SSBroyden1 approach!
[BFGS] batch=   1  call=    31  total=1.664e-01  PDE=0.000e+00 [colloc=0.000e+00, cfd=0.000e+00]  WALL=3.825e-15  DATA=1.664e-03
Invoked: SSBroyden1 approach!
[BFGS] batch=   1  call=    32  total=1.656e-01  PDE=0.000e+00 [colloc=0.000e+00, cfd=0.000e+00]  WALL=3.848e-15  DATA=1.656e-03
Invoked: SSBroyden1 approach!
[BFGS] batch=   1  call=    33  total=1.647e-01  PDE=0.000e+00 [colloc=0.000e+00, cfd=0.000e+00]  WALL=3.843e-15  DATA=1.647e-03
Invoked: SSBroyden1 approach!
[BFGS] batch=   1  call=    34  total=1.636e-01  PDE=0.000e+00 [colloc=0.000e+00, cfd=0.000e+00]  WALL=3.868e-15  DATA=1.636e-03
Invoked: SSBroyden1 approach!
[BFGS] batch=   1  call=    35  total=1.627e-01  PDE=0.000e+00 [colloc=0.000e+00, cfd=0.000e+00]  WALL=3.885e-15  DATA=1.627e-03
Invoked: SSBroyden1 approach!
[BFGS] batch=   1  call=    36  total=1.616e-01  PDE=0.000e+00 [colloc=0.000e+00, cfd=0.000e+00]  WALL=3.878e-15  DATA=1.616e-03
Invoked: SSBroyden1 approach!
[BFGS] batch=   1  call=    37  total=1.607e-01  PDE=0.000e+00 [colloc=0.000e+00, cfd=0.000e+00]  WALL=3.855e-15  DATA=1.607e-03
Invoked: SSBroyden1 approach!
[BFGS] batch=   1  call=    38  total=1.598e-01  PDE=0.000e+00 [colloc=0.000e+00, cfd=0.000e+00]  WALL=3.825e-15  DATA=1.598e-03
Invoked: SSBroyden1 approach!
[BFGS] batch=   1  call=    39  total=1.588e-01  PDE=0.000e+00 [colloc=0.000e+00, cfd=0.000e+00]  WALL=3.860e-15  DATA=1.588e-03
Invoked: SSBroyden1 approach!
[BFGS] batch=   1  call=    40  total=1.575e-01  PDE=0.000e+00 [colloc=0.000e+00, cfd=0.000e+00]  WALL=3.884e-15  DATA=1.575e-03
Invoked: SSBroyden1 approach!
[BFGS] batch=   1  call=    41  total=1.563e-01  PDE=0.000e+00 [colloc=0.000e+00, cfd=0.000e+00]  WALL=3.869e-15  DATA=1.563e-03
Invoked: SSBroyden1 approach!
[BFGS] batch=   1  call=    42  total=1.548e-01  PDE=0.000e+00 [colloc=0.000e+00, cfd=0.000e+00]  WALL=3.855e-15  DATA=1.548e-03
Invoked: SSBroyden1 approach!
[BFGS] batch=   1  call=    43  total=1.536e-01  PDE=0.000e+00 [colloc=0.000e+00, cfd=0.000e+00]  WALL=3.884e-15  DATA=1.536e-03
Invoked: SSBroyden1 approach!
[BFGS] batch=   1  call=    44  total=1.523e-01  PDE=0.000e+00 [colloc=0.000e+00, cfd=0.000e+00]  WALL=3.876e-15  DATA=1.523e-03
Invoked: SSBroyden1 approach!
[BFGS] batch=   1  call=    45  total=1.506e-01  PDE=0.000e+00 [colloc=0.000e+00, cfd=0.000e+00]  WALL=3.852e-15  DATA=1.506e-03
Invoked: SSBroyden1 approach!
[BFGS] batch=   1  call=    46  total=1.491e-01  PDE=0.000e+00 [colloc=0.000e+00, cfd=0.000e+00]  WALL=3.859e-15  DATA=1.491e-03
Invoked: SSBroyden1 approach!
[BFGS] batch=   1  call=    47  total=1.480e-01  PDE=0.000e+00 [colloc=0.000e+00, cfd=0.000e+00]  WALL=3.871e-15  DATA=1.480e-03
Invoked: SSBroyden1 approach!
[BFGS] batch=   1  call=    48  total=1.465e-01  PDE=0.000e+00 [colloc=0.000e+00, cfd=0.000e+00]  WALL=3.869e-15  DATA=1.465e-03
Invoked: SSBroyden1 approach!
[BFGS] batch=   1  call=    49  total=1.449e-01  PDE=0.000e+00 [colloc=0.000e+00, cfd=0.000e+00]  WALL=3.861e-15  DATA=1.449e-03
Invoked: SSBroyden1 approach!
[BFGS] batch=   1  call=    50  total=1.435e-01  PDE=0.000e+00 [colloc=0.000e+00, cfd=0.000e+00]  WALL=3.837e-15  DATA=1.435e-03
Invoked: SSBroyden1 approach!
[BFGS] batch=   1  call=    51  total=1.420e-01  PDE=0.000e+00 [colloc=0.000e+00, cfd=0.000e+00]  WALL=3.821e-15  DATA=1.420e-03
Invoked: SSBroyden1 approach!
[BFGS] batch=   1  call=    52  total=1.408e-01  PDE=0.000e+00 [colloc=0.000e+00, cfd=0.000e+00]  WALL=3.872e-15  DATA=1.408e-03
Invoked: SSBroyden1 approach!
[BFGS] batch=   1  call=    53  total=1.393e-01  PDE=0.000e+00 [colloc=0.000e+00, cfd=0.000e+00]  WALL=3.861e-15  DATA=1.393e-03
Invoked: SSBroyden1 approach!
[BFGS] batch=   1  call=    54  total=1.377e-01  PDE=0.000e+00 [colloc=0.000e+00, cfd=0.000e+00]  WALL=3.868e-15  DATA=1.377e-03
Invoked: SSBroyden1 approach!
[BFGS] batch=   1  call=    55  total=1.361e-01  PDE=0.000e+00 [colloc=0.000e+00, cfd=0.000e+00]  WALL=3.858e-15  DATA=1.361e-03
Invoked: SSBroyden1 approach!
[BFGS] batch=   1  call=    56  total=1.351e-01  PDE=0.000e+00 [colloc=0.000e+00, cfd=0.000e+00]  WALL=3.928e-15  DATA=1.351e-03
Invoked: SSBroyden1 approach!
[BFGS] batch=   1  call=    57  total=1.337e-01  PDE=0.000e+00 [colloc=0.000e+00, cfd=0.000e+00]  WALL=3.911e-15  DATA=1.337e-03
Invoked: SSBroyden1 approach!
[BFGS] batch=   1  call=    58  total=1.322e-01  PDE=0.000e+00 [colloc=0.000e+00, cfd=0.000e+00]  WALL=3.940e-15  DATA=1.322e-03
Invoked: SSBroyden1 approach!
[BFGS] batch=   1  call=    59  total=1.307e-01  PDE=0.000e+00 [colloc=0.000e+00, cfd=0.000e+00]  WALL=3.908e-15  DATA=1.307e-03
Invoked: SSBroyden1 approach!
[BFGS] batch=   1  call=    60  total=1.295e-01  PDE=0.000e+00 [colloc=0.000e+00, cfd=0.000e+00]  WALL=3.916e-15  DATA=1.295e-03
Invoked: SSBroyden1 approach!
[BFGS] batch=   1  call=    61  total=1.280e-01  PDE=0.000e+00 [colloc=0.000e+00, cfd=0.000e+00]  WALL=3.923e-15  DATA=1.280e-03
Invoked: SSBroyden1 approach!
[BFGS] batch=   1  call=    62  total=1.264e-01  PDE=0.000e+00 [colloc=0.000e+00, cfd=0.000e+00]  WALL=3.914e-15  DATA=1.264e-03
Invoked: SSBroyden1 approach!
[BFGS] batch=   1  call=    63  total=1.253e-01  PDE=0.000e+00 [colloc=0.000e+00, cfd=0.000e+00]  WALL=3.840e-15  DATA=1.253e-03
Invoked: SSBroyden1 approach!
[BFGS] batch=   1  call=    64  total=1.237e-01  PDE=0.000e+00 [colloc=0.000e+00, cfd=0.000e+00]  WALL=3.844e-15  DATA=1.237e-03
Invoked: SSBroyden1 approach!
[BFGS] batch=   1  call=    65  total=1.220e-01  PDE=0.000e+00 [colloc=0.000e+00, cfd=0.000e+00]  WALL=3.818e-15  DATA=1.220e-03
Invoked: SSBroyden1 approach!
[BFGS] batch=   1  call=    66  total=1.209e-01  PDE=0.000e+00 [colloc=0.000e+00, cfd=0.000e+00]  WALL=3.836e-15  DATA=1.209e-03
Invoked: SSBroyden1 approach!
[BFGS] batch=   1  call=    67  total=1.194e-01  PDE=0.000e+00 [colloc=0.000e+00, cfd=0.000e+00]  WALL=3.837e-15  DATA=1.194e-03
Invoked: SSBroyden1 approach!
[BFGS] batch=   1  call=    68  total=1.176e-01  PDE=0.000e+00 [colloc=0.000e+00, cfd=0.000e+00]  WALL=3.845e-15  DATA=1.176e-03
Invoked: SSBroyden1 approach!
[BFGS] batch=   1  call=    69  total=1.162e-01  PDE=0.000e+00 [colloc=0.000e+00, cfd=0.000e+00]  WALL=3.820e-15  DATA=1.162e-03
Invoked: SSBroyden1 approach!
[BFGS] batch=   1  call=    70  total=1.149e-01  PDE=0.000e+00 [colloc=0.000e+00, cfd=0.000e+00]  WALL=3.800e-15  DATA=1.149e-03
Invoked: SSBroyden1 approach!
[BFGS] batch=   1  call=    71  total=1.134e-01  PDE=0.000e+00 [colloc=0.000e+00, cfd=0.000e+00]  WALL=3.779e-15  DATA=1.134e-03
Invoked: SSBroyden1 approach!
[BFGS] batch=   1  call=    72  total=1.119e-01  PDE=0.000e+00 [colloc=0.000e+00, cfd=0.000e+00]  WALL=3.774e-15  DATA=1.119e-03
Invoked: SSBroyden1 approach!
[BFGS] batch=   1  call=    73  total=1.105e-01  PDE=0.000e+00 [colloc=0.000e+00, cfd=0.000e+00]  WALL=3.785e-15  DATA=1.105e-03
Invoked: SSBroyden1 approach!
[BFGS] batch=   1  call=    74  total=1.091e-01  PDE=0.000e+00 [colloc=0.000e+00, cfd=0.000e+00]  WALL=3.771e-15  DATA=1.091e-03
Invoked: SSBroyden1 approach!
[BFGS] batch=   1  call=    75  total=1.075e-01  PDE=0.000e+00 [colloc=0.000e+00, cfd=0.000e+00]  WALL=3.793e-15  DATA=1.075e-03
Invoked: SSBroyden1 approach!
[BFGS] batch=   1  call=    76  total=1.061e-01  PDE=0.000e+00 [colloc=0.000e+00, cfd=0.000e+00]  WALL=3.834e-15  DATA=1.061e-03
Invoked: SSBroyden1 approach!
[BFGS] batch=   1  call=    77  total=1.045e-01  PDE=0.000e+00 [colloc=0.000e+00, cfd=0.000e+00]  WALL=3.825e-15  DATA=1.045e-03
Invoked: SSBroyden1 approach!
[BFGS] batch=   1  call=    78  total=1.032e-01  PDE=0.000e+00 [colloc=0.000e+00, cfd=0.000e+00]  WALL=3.831e-15  DATA=1.032e-03
Invoked: SSBroyden1 approach!
[BFGS] batch=   1  call=    79  total=1.018e-01  PDE=0.000e+00 [colloc=0.000e+00, cfd=0.000e+00]  WALL=3.848e-15  DATA=1.018e-03
Invoked: SSBroyden1 approach!
[BFGS] batch=   1  call=    80  total=1.003e-01  PDE=0.000e+00 [colloc=0.000e+00, cfd=0.000e+00]  WALL=3.875e-15  DATA=1.003e-03
Invoked: SSBroyden1 approach!
[BFGS] batch=   1  call=    81  total=9.894e-02  PDE=0.000e+00 [colloc=0.000e+00, cfd=0.000e+00]  WALL=3.870e-15  DATA=9.894e-04
Invoked: SSBroyden1 approach!
[BFGS] batch=   1  call=    82  total=9.722e-02  PDE=0.000e+00 [colloc=0.000e+00, cfd=0.000e+00]  WALL=3.908e-15  DATA=9.722e-04
Invoked: SSBroyden1 approach!
[BFGS] batch=   1  call=    83  total=9.568e-02  PDE=0.000e+00 [colloc=0.000e+00, cfd=0.000e+00]  WALL=3.894e-15  DATA=9.568e-04
Invoked: SSBroyden1 approach!
[BFGS] batch=   1  call=    84  total=9.389e-02  PDE=0.000e+00 [colloc=0.000e+00, cfd=0.000e+00]  WALL=3.908e-15  DATA=9.389e-04
Invoked: SSBroyden1 approach!
[BFGS] batch=   1  call=    85  total=9.216e-02  PDE=0.000e+00 [colloc=0.000e+00, cfd=0.000e+00]  WALL=3.905e-15  DATA=9.216e-04
Invoked: SSBroyden1 approach!
[BFGS] batch=   1  call=    86  total=9.071e-02  PDE=0.000e+00 [colloc=0.000e+00, cfd=0.000e+00]  WALL=3.940e-15  DATA=9.071e-04
Invoked: SSBroyden1 approach!
[BFGS] batch=   1  call=    87  total=8.915e-02  PDE=0.000e+00 [colloc=0.000e+00, cfd=0.000e+00]  WALL=3.951e-15  DATA=8.915e-04
Invoked: SSBroyden1 approach!
[BFGS] batch=   1  call=    88  total=8.765e-02  PDE=0.000e+00 [colloc=0.000e+00, cfd=0.000e+00]  WALL=3.992e-15  DATA=8.765e-04
Invoked: SSBroyden1 approach!
[BFGS] batch=   1  call=    89  total=8.640e-02  PDE=0.000e+00 [colloc=0.000e+00, cfd=0.000e+00]  WALL=4.001e-15  DATA=8.640e-04
Invoked: SSBroyden1 approach!
[BFGS] batch=   1  call=    90  total=8.510e-02  PDE=0.000e+00 [colloc=0.000e+00, cfd=0.000e+00]  WALL=4.009e-15  DATA=8.510e-04
Invoked: SSBroyden1 approach!
[BFGS] batch=   1  call=    91  total=8.381e-02  PDE=0.000e+00 [colloc=0.000e+00, cfd=0.000e+00]  WALL=4.017e-15  DATA=8.381e-04
Invoked: SSBroyden1 approach!
[BFGS] batch=   1  call=    92  total=8.246e-02  PDE=0.000e+00 [colloc=0.000e+00, cfd=0.000e+00]  WALL=4.014e-15  DATA=8.246e-04
Invoked: SSBroyden1 approach!
[BFGS] batch=   1  call=    93  total=8.128e-02  PDE=0.000e+00 [colloc=0.000e+00, cfd=0.000e+00]  WALL=3.992e-15  DATA=8.128e-04
Invoked: SSBroyden1 approach!
[BFGS] batch=   1  call=    94  total=7.998e-02  PDE=0.000e+00 [colloc=0.000e+00, cfd=0.000e+00]  WALL=4.000e-15  DATA=7.998e-04
Invoked: SSBroyden1 approach!
[BFGS] batch=   1  call=    95  total=7.863e-02  PDE=0.000e+00 [colloc=0.000e+00, cfd=0.000e+00]  WALL=4.013e-15  DATA=7.863e-04
Invoked: SSBroyden1 approach!
[BFGS] batch=   1  call=    96  total=7.758e-02  PDE=0.000e+00 [colloc=0.000e+00, cfd=0.000e+00]  WALL=3.976e-15  DATA=7.758e-04
Invoked: SSBroyden1 approach!
[BFGS] batch=   1  call=    97  total=7.630e-02  PDE=0.000e+00 [colloc=0.000e+00, cfd=0.000e+00]  WALL=3.965e-15  DATA=7.630e-04
Invoked: SSBroyden1 approach!
[BFGS] batch=   1  call=    98  total=7.487e-02  PDE=0.000e+00 [colloc=0.000e+00, cfd=0.000e+00]  WALL=3.963e-15  DATA=7.487e-04
Invoked: SSBroyden1 approach!
[BFGS] batch=   1  call=    99  total=7.350e-02  PDE=0.000e+00 [colloc=0.000e+00, cfd=0.000e+00]  WALL=3.972e-15  DATA=7.350e-04
Invoked: SSBroyden1 approach!
[BFGS] batch=   1  call=   100  total=7.237e-02  PDE=0.000e+00 [colloc=0.000e+00, cfd=0.000e+00]  WALL=3.938e-15  DATA=7.237e-04
Invoked: SSBroyden1 approach!
[BFGS] batch=   1  call=   101  total=7.117e-02  PDE=0.000e+00 [colloc=0.000e+00, cfd=0.000e+00]  WALL=3.946e-15  DATA=7.117e-04
Invoked: SSBroyden1 approach!
[BFGS] batch=   1  call=   102  total=7.001e-02  PDE=0.000e+00 [colloc=0.000e+00, cfd=0.000e+00]  WALL=3.955e-15  DATA=7.001e-04
Invoked: SSBroyden1 approach!
[BFGS] batch=   1  call=   103  total=6.878e-02  PDE=0.000e+00 [colloc=0.000e+00, cfd=0.000e+00]  WALL=3.906e-15  DATA=6.878e-04
Invoked: SSBroyden1 approach!
[BFGS] batch=   1  call=   104  total=6.767e-02  PDE=0.000e+00 [colloc=0.000e+00, cfd=0.000e+00]  WALL=3.903e-15  DATA=6.767e-04
Invoked: SSBroyden1 approach!
[BFGS] batch=   1  call=   105  total=6.657e-02  PDE=0.000e+00 [colloc=0.000e+00, cfd=0.000e+00]  WALL=3.929e-15  DATA=6.657e-04
Invoked: SSBroyden1 approach!
[BFGS] batch=   1  call=   106  total=6.543e-02  PDE=0.000e+00 [colloc=0.000e+00, cfd=0.000e+00]  WALL=3.942e-15  DATA=6.543e-04
Invoked: SSBroyden1 approach!
[BFGS] batch=   1  call=   107  total=6.437e-02  PDE=0.000e+00 [colloc=0.000e+00, cfd=0.000e+00]  WALL=3.929e-15  DATA=6.437e-04
Invoked: SSBroyden1 approach!
[BFGS] batch=   1  call=   108  total=6.331e-02  PDE=0.000e+00 [colloc=0.000e+00, cfd=0.000e+00]  WALL=3.968e-15  DATA=6.331e-04
Invoked: SSBroyden1 approach!
[BFGS] batch=   1  call=   109  total=6.228e-02  PDE=0.000e+00 [colloc=0.000e+00, cfd=0.000e+00]  WALL=3.980e-15  DATA=6.228e-04
Invoked: SSBroyden1 approach!
[BFGS] batch=   1  call=   110  total=6.132e-02  PDE=0.000e+00 [colloc=0.000e+00, cfd=0.000e+00]  WALL=3.985e-15  DATA=6.132e-04
Invoked: SSBroyden1 approach!
[BFGS] batch=   1  call=   111  total=6.040e-02  PDE=0.000e+00 [colloc=0.000e+00, cfd=0.000e+00]  WALL=3.992e-15  DATA=6.040e-04
Invoked: SSBroyden1 approach!
[BFGS] batch=   1  call=   112  total=5.955e-02  PDE=0.000e+00 [colloc=0.000e+00, cfd=0.000e+00]  WALL=4.015e-15  DATA=5.955e-04
Invoked: SSBroyden1 approach!
[BFGS] batch=   1  call=   113  total=5.853e-02  PDE=0.000e+00 [colloc=0.000e+00, cfd=0.000e+00]  WALL=3.997e-15  DATA=5.853e-04
Invoked: SSBroyden1 approach!
[BFGS] batch=   1  call=   114  total=5.746e-02  PDE=0.000e+00 [colloc=0.000e+00, cfd=0.000e+00]  WALL=3.986e-15  DATA=5.746e-04
Invoked: SSBroyden1 approach!
[BFGS] batch=   1  call=   115  total=5.635e-02  PDE=0.000e+00 [colloc=0.000e+00, cfd=0.000e+00]  WALL=4.010e-15  DATA=5.635e-04
Invoked: SSBroyden1 approach!
[BFGS] batch=   1  call=   116  total=5.543e-02  PDE=0.000e+00 [colloc=0.000e+00, cfd=0.000e+00]  WALL=3.992e-15  DATA=5.543e-04
Invoked: SSBroyden1 approach!
[BFGS] batch=   1  call=   117  total=5.439e-02  PDE=0.000e+00 [colloc=0.000e+00, cfd=0.000e+00]  WALL=3.965e-15  DATA=5.439e-04
Invoked: SSBroyden1 approach!
[BFGS] batch=   1  call=   118  total=5.331e-02  PDE=0.000e+00 [colloc=0.000e+00, cfd=0.000e+00]  WALL=3.956e-15  DATA=5.331e-04
Invoked: SSBroyden1 approach!
[BFGS] batch=   1  call=   119  total=5.223e-02  PDE=0.000e+00 [colloc=0.000e+00, cfd=0.000e+00]  WALL=3.975e-15  DATA=5.223e-04
Invoked: SSBroyden1 approach!
[BFGS] batch=   1  call=   120  total=5.140e-02  PDE=0.000e+00 [colloc=0.000e+00, cfd=0.000e+00]  WALL=3.932e-15  DATA=5.140e-04
Invoked: SSBroyden1 approach!
[BFGS] batch=   1  call=   121  total=5.055e-02  PDE=0.000e+00 [colloc=0.000e+00, cfd=0.000e+00]  WALL=3.913e-15  DATA=5.055e-04
Invoked: SSBroyden1 approach!
[BFGS] batch=   1  call=   122  total=4.966e-02  PDE=0.000e+00 [colloc=0.000e+00, cfd=0.000e+00]  WALL=3.947e-15  DATA=4.966e-04
Invoked: SSBroyden1 approach!
[BFGS] batch=   1  call=   123  total=4.875e-02  PDE=0.000e+00 [colloc=0.000e+00, cfd=0.000e+00]  WALL=3.939e-15  DATA=4.875e-04
Invoked: SSBroyden1 approach!
[BFGS] batch=   1  call=   124  total=4.792e-02  PDE=0.000e+00 [colloc=0.000e+00, cfd=0.000e+00]  WALL=3.961e-15  DATA=4.792e-04
Invoked: SSBroyden1 approach!
[BFGS] batch=   1  call=   125  total=4.717e-02  PDE=0.000e+00 [colloc=0.000e+00, cfd=0.000e+00]  WALL=3.975e-15  DATA=4.717e-04
Invoked: SSBroyden1 approach!
[BFGS] batch=   1  call=   126  total=4.638e-02  PDE=0.000e+00 [colloc=0.000e+00, cfd=0.000e+00]  WALL=3.976e-15  DATA=4.638e-04
Invoked: SSBroyden1 approach!
[BFGS] batch=   1  call=   127  total=4.570e-02  PDE=0.000e+00 [colloc=0.000e+00, cfd=0.000e+00]  WALL=3.970e-15  DATA=4.570e-04
Invoked: SSBroyden1 approach!
[BFGS] batch=   1  call=   128  total=4.493e-02  PDE=0.000e+00 [colloc=0.000e+00, cfd=0.000e+00]  WALL=3.969e-15  DATA=4.493e-04
Invoked: SSBroyden1 approach!
[BFGS] batch=   1  call=   129  total=4.419e-02  PDE=0.000e+00 [colloc=0.000e+00, cfd=0.000e+00]  WALL=3.996e-15  DATA=4.419e-04
Invoked: SSBroyden1 approach!
[BFGS] batch=   1  call=   130  total=4.341e-02  PDE=0.000e+00 [colloc=0.000e+00, cfd=0.000e+00]  WALL=3.998e-15  DATA=4.341e-04
Invoked: SSBroyden1 approach!
[BFGS] batch=   1  call=   131  total=4.272e-02  PDE=0.000e+00 [colloc=0.000e+00, cfd=0.000e+00]  WALL=3.992e-15  DATA=4.272e-04
Invoked: SSBroyden1 approach!
[BFGS] batch=   1  call=   132  total=4.198e-02  PDE=0.000e+00 [colloc=0.000e+00, cfd=0.000e+00]  WALL=4.007e-15  DATA=4.198e-04
Invoked: SSBroyden1 approach!
[BFGS] batch=   1  call=   133  total=4.122e-02  PDE=0.000e+00 [colloc=0.000e+00, cfd=0.000e+00]  WALL=4.013e-15  DATA=4.122e-04
Invoked: SSBroyden1 approach!
[BFGS] batch=   1  call=   134  total=4.057e-02  PDE=0.000e+00 [colloc=0.000e+00, cfd=0.000e+00]  WALL=4.041e-15  DATA=4.057e-04
Invoked: SSBroyden1 approach!
[BFGS] batch=   1  call=   135  total=3.986e-02  PDE=0.000e+00 [colloc=0.000e+00, cfd=0.000e+00]  WALL=4.007e-15  DATA=3.986e-04
Invoked: SSBroyden1 approach!
[BFGS] batch=   1  call=   136  total=3.911e-02  PDE=0.000e+00 [colloc=0.000e+00, cfd=0.000e+00]  WALL=4.011e-15  DATA=3.911e-04
Invoked: SSBroyden1 approach!
[BFGS] batch=   1  call=   137  total=3.846e-02  PDE=0.000e+00 [colloc=0.000e+00, cfd=0.000e+00]  WALL=4.053e-15  DATA=3.846e-04
Invoked: SSBroyden1 approach!
[BFGS] batch=   1  call=   138  total=3.771e-02  PDE=0.000e+00 [colloc=0.000e+00, cfd=0.000e+00]  WALL=4.029e-15  DATA=3.771e-04
Invoked: SSBroyden1 approach!
[BFGS] batch=   1  call=   139  total=3.699e-02  PDE=0.000e+00 [colloc=0.000e+00, cfd=0.000e+00]  WALL=4.020e-15  DATA=3.699e-04
Invoked: SSBroyden1 approach!
[BFGS] batch=   1  call=   140  total=3.628e-02  PDE=0.000e+00 [colloc=0.000e+00, cfd=0.000e+00]  WALL=3.990e-15  DATA=3.628e-04
Invoked: SSBroyden1 approach!
[BFGS] batch=   1  call=   141  total=3.555e-02  PDE=0.000e+00 [colloc=0.000e+00, cfd=0.000e+00]  WALL=3.968e-15  DATA=3.555e-04
Invoked: SSBroyden1 approach!
[BFGS] batch=   1  call=   142  total=3.493e-02  PDE=0.000e+00 [colloc=0.000e+00, cfd=0.000e+00]  WALL=4.000e-15  DATA=3.493e-04
Invoked: SSBroyden1 approach!
[BFGS] batch=   1  call=   143  total=3.429e-02  PDE=0.000e+00 [colloc=0.000e+00, cfd=0.000e+00]  WALL=3.999e-15  DATA=3.429e-04
Invoked: SSBroyden1 approach!
[BFGS] batch=   1  call=   144  total=3.364e-02  PDE=0.000e+00 [colloc=0.000e+00, cfd=0.000e+00]  WALL=3.962e-15  DATA=3.364e-04
Invoked: SSBroyden1 approach!
[BFGS] batch=   1  call=   145  total=3.298e-02  PDE=0.000e+00 [colloc=0.000e+00, cfd=0.000e+00]  WALL=3.985e-15  DATA=3.298e-04
Invoked: SSBroyden1 approach!
[BFGS] batch=   1  call=   146  total=3.235e-02  PDE=0.000e+00 [colloc=0.000e+00, cfd=0.000e+00]  WALL=4.006e-15  DATA=3.235e-04
Invoked: SSBroyden1 approach!
[BFGS] batch=   1  call=   147  total=3.180e-02  PDE=0.000e+00 [colloc=0.000e+00, cfd=0.000e+00]  WALL=3.997e-15  DATA=3.180e-04
Invoked: SSBroyden1 approach!
[BFGS] batch=   1  call=   148  total=3.120e-02  PDE=0.000e+00 [colloc=0.000e+00, cfd=0.000e+00]  WALL=4.007e-15  DATA=3.120e-04
Invoked: SSBroyden1 approach!
[BFGS] batch=   1  call=   149  total=3.066e-02  PDE=0.000e+00 [colloc=0.000e+00, cfd=0.000e+00]  WALL=4.010e-15  DATA=3.066e-04
Invoked: SSBroyden1 approach!
[BFGS] batch=   1  call=   150  total=3.006e-02  PDE=0.000e+00 [colloc=0.000e+00, cfd=0.000e+00]  WALL=4.024e-15  DATA=3.006e-04
Invoked: SSBroyden1 approach!
[BFGS] batch=   1  call=   151  total=2.949e-02  PDE=0.000e+00 [colloc=0.000e+00, cfd=0.000e+00]  WALL=4.013e-15  DATA=2.949e-04
Invoked: SSBroyden1 approach!
[BFGS] batch=   1  call=   152  total=2.890e-02  PDE=0.000e+00 [colloc=0.000e+00, cfd=0.000e+00]  WALL=4.017e-15  DATA=2.890e-04
Invoked: SSBroyden1 approach!
[BFGS] batch=   1  call=   153  total=2.832e-02  PDE=0.000e+00 [colloc=0.000e+00, cfd=0.000e+00]  WALL=4.027e-15  DATA=2.832e-04
Invoked: SSBroyden1 approach!
[BFGS] batch=   1  call=   154  total=2.777e-02  PDE=0.000e+00 [colloc=0.000e+00, cfd=0.000e+00]  WALL=4.042e-15  DATA=2.777e-04
Invoked: SSBroyden1 approach!
[BFGS] batch=   1  call=   155  total=2.720e-02  PDE=0.000e+00 [colloc=0.000e+00, cfd=0.000e+00]  WALL=4.042e-15  DATA=2.720e-04
[BFGS] batch 1: H0 not PD — resetting to identity.
[BFGS-END] batch=   1  last_total=2.720e-02  last_PDE=0.000e+00 [colloc=0.000e+00, cfd=0.000e+00]  last_WALL=4.042e-15  last_DATA=2.720e-04
Invoked: SSBroyden1 approach!
[BFGS] batch=   2  call=   158  total=2.709e-02  PDE=0.000e+00 [colloc=0.000e+00, cfd=0.000e+00]  WALL=4.057e-15  DATA=2.709e-04
Invoked: SSBroyden1 approach!
[BFGS] batch=   2  call=   159  total=2.695e-02  PDE=0.000e+00 [colloc=0.000e+00, cfd=0.000e+00]  WALL=4.062e-15  DATA=2.695e-04
Invoked: SSBroyden1 approach!
[BFGS] batch=   2  call=   160  total=2.678e-02  PDE=0.000e+00 [colloc=0.000e+00, cfd=0.000e+00]  WALL=4.049e-15  DATA=2.678e-04
Invoked: SSBroyden1 approach!
[BFGS] batch=   2  call=   161  total=2.655e-02  PDE=0.000e+00 [colloc=0.000e+00, cfd=0.000e+00]  WALL=4.055e-15  DATA=2.655e-04
Invoked: SSBroyden1 approach!
[BFGS] batch=   2  call=   162  total=2.650e-02  PDE=0.000e+00 [colloc=0.000e+00, cfd=0.000e+00]  WALL=4.137e-15  DATA=2.650e-04
Invoked: SSBroyden1 approach!
[BFGS] batch=   2  call=   163  total=2.644e-02  PDE=0.000e+00 [colloc=0.000e+00, cfd=0.000e+00]  WALL=4.133e-15  DATA=2.644e-04
Invoked: SSBroyden1 approach!
[BFGS] batch=   2  call=   164  total=2.639e-02  PDE=0.000e+00 [colloc=0.000e+00, cfd=0.000e+00]  WALL=4.143e-15  DATA=2.639e-04
Invoked: SSBroyden1 approach!
[BFGS] batch=   2  call=   165  total=2.635e-02  PDE=0.000e+00 [colloc=0.000e+00, cfd=0.000e+00]  WALL=4.127e-15  DATA=2.635e-04
Invoked: SSBroyden1 approach!
[BFGS] batch=   2  call=   166  total=2.632e-02  PDE=0.000e+00 [colloc=0.000e+00, cfd=0.000e+00]  WALL=4.132e-15  DATA=2.632e-04
Invoked: SSBroyden1 approach!
[BFGS] batch=   2  call=   167  total=2.628e-02  PDE=0.000e+00 [colloc=0.000e+00, cfd=0.000e+00]  WALL=4.126e-15  DATA=2.628e-04
Invoked: SSBroyden1 approach!
[BFGS] batch=   2  call=   168  total=2.623e-02  PDE=0.000e+00 [colloc=0.000e+00, cfd=0.000e+00]  WALL=4.129e-15  DATA=2.623e-04
Invoked: SSBroyden1 approach!
[BFGS] batch=   2  call=   169  total=2.617e-02  PDE=0.000e+00 [colloc=0.000e+00, cfd=0.000e+00]  WALL=4.126e-15  DATA=2.617e-04
Invoked: SSBroyden1 approach!
[BFGS] batch=   2  call=   170  total=2.611e-02  PDE=0.000e+00 [colloc=0.000e+00, cfd=0.000e+00]  WALL=4.127e-15  DATA=2.611e-04
Invoked: SSBroyden1 approach!
[BFGS] batch=   2  call=   171  total=2.606e-02  PDE=0.000e+00 [colloc=0.000e+00, cfd=0.000e+00]  WALL=4.124e-15  DATA=2.606e-04
Invoked: SSBroyden1 approach!
[BFGS] batch=   2  call=   172  total=2.601e-02  PDE=0.000e+00 [colloc=0.000e+00, cfd=0.000e+00]  WALL=4.130e-15  DATA=2.601e-04
Invoked: SSBroyden1 approach!
[BFGS] batch=   2  call=   173  total=2.595e-02  PDE=0.000e+00 [colloc=0.000e+00, cfd=0.000e+00]  WALL=4.129e-15  DATA=2.595e-04
Invoked: SSBroyden1 approach!
[BFGS] batch=   2  call=   174  total=2.592e-02  PDE=0.000e+00 [colloc=0.000e+00, cfd=0.000e+00]  WALL=4.135e-15  DATA=2.592e-04
Invoked: SSBroyden1 approach!
[BFGS] batch=   2  call=   175  total=2.588e-02  PDE=0.000e+00 [colloc=0.000e+00, cfd=0.000e+00]  WALL=4.133e-15  DATA=2.588e-04
Invoked: SSBroyden1 approach!
[BFGS] batch=   2  call=   176  total=2.582e-02  PDE=0.000e+00 [colloc=0.000e+00, cfd=0.000e+00]  WALL=4.132e-15  DATA=2.582e-04
Invoked: SSBroyden1 approach!
[BFGS] batch=   2  call=   177  total=2.575e-02  PDE=0.000e+00 [colloc=0.000e+00, cfd=0.000e+00]  WALL=4.126e-15  DATA=2.575e-04
Invoked: SSBroyden1 approach!
[BFGS] batch=   2  call=   178  total=2.567e-02  PDE=0.000e+00 [colloc=0.000e+00, cfd=0.000e+00]  WALL=4.122e-15  DATA=2.567e-04
Invoked: SSBroyden1 approach!
[BFGS] batch=   2  call=   179  total=2.562e-02  PDE=0.000e+00 [colloc=0.000e+00, cfd=0.000e+00]  WALL=4.119e-15  DATA=2.562e-04
Invoked: SSBroyden1 approach!
[BFGS] batch=   2  call=   180  total=2.557e-02  PDE=0.000e+00 [colloc=0.000e+00, cfd=0.000e+00]  WALL=4.128e-15  DATA=2.557e-04
Invoked: SSBroyden1 approach!
[BFGS] batch=   2  call=   181  total=2.552e-02  PDE=0.000e+00 [colloc=0.000e+00, cfd=0.000e+00]  WALL=4.121e-15  DATA=2.552e-04
Invoked: SSBroyden1 approach!
[BFGS] batch=   2  call=   182  total=2.546e-02  PDE=0.000e+00 [colloc=0.000e+00, cfd=0.000e+00]  WALL=4.115e-15  DATA=2.546e-04
Invoked: SSBroyden1 approach!
[BFGS] batch=   2  call=   183  total=2.539e-02  PDE=0.000e+00 [colloc=0.000e+00, cfd=0.000e+00]  WALL=4.122e-15  DATA=2.539e-04
Invoked: SSBroyden1 approach!
[BFGS] batch=   2  call=   184  total=2.533e-02  PDE=0.000e+00 [colloc=0.000e+00, cfd=0.000e+00]  WALL=4.113e-15  DATA=2.533e-04
Invoked: SSBroyden1 approach!
[BFGS] batch=   2  call=   185  total=2.526e-02  PDE=0.000e+00 [colloc=0.000e+00, cfd=0.000e+00]  WALL=4.111e-15  DATA=2.526e-04
Invoked: SSBroyden1 approach!
[BFGS] batch=   2  call=   186  total=2.520e-02  PDE=0.000e+00 [colloc=0.000e+00, cfd=0.000e+00]  WALL=4.108e-15  DATA=2.520e-04
Invoked: SSBroyden1 approach!
[BFGS] batch=   2  call=   187  total=2.514e-02  PDE=0.000e+00 [colloc=0.000e+00, cfd=0.000e+00]  WALL=4.113e-15  DATA=2.514e-04
Invoked: SSBroyden1 approach!
[BFGS] batch=   2  call=   188  total=2.507e-02  PDE=0.000e+00 [colloc=0.000e+00, cfd=0.000e+00]  WALL=4.119e-15  DATA=2.507e-04
Invoked: SSBroyden1 approach!
[BFGS] batch=   2  call=   189  total=2.500e-02  PDE=0.000e+00 [colloc=0.000e+00, cfd=0.000e+00]  WALL=4.106e-15  DATA=2.500e-04
Invoked: SSBroyden1 approach!
[BFGS] batch=   2  call=   190  total=2.496e-02  PDE=0.000e+00 [colloc=0.000e+00, cfd=0.000e+00]  WALL=4.096e-15  DATA=2.496e-04
Invoked: SSBroyden1 approach!
[BFGS] batch=   2  call=   191  total=2.490e-02  PDE=0.000e+00 [colloc=0.000e+00, cfd=0.000e+00]  WALL=4.097e-15  DATA=2.490e-04
Invoked: SSBroyden1 approach!
[BFGS] batch=   2  call=   192  total=2.482e-02  PDE=0.000e+00 [colloc=0.000e+00, cfd=0.000e+00]  WALL=4.095e-15  DATA=2.482e-04
Invoked: SSBroyden1 approach!
[BFGS] batch=   2  call=   193  total=2.473e-02  PDE=0.000e+00 [colloc=0.000e+00, cfd=0.000e+00]  WALL=4.095e-15  DATA=2.473e-04
Invoked: SSBroyden1 approach!
[BFGS] batch=   2  call=   194  total=2.462e-02  PDE=0.000e+00 [colloc=0.000e+00, cfd=0.000e+00]  WALL=4.083e-15  DATA=2.462e-04
Invoked: SSBroyden1 approach!
[BFGS] batch=   2  call=   195  total=2.452e-02  PDE=0.000e+00 [colloc=0.000e+00, cfd=0.000e+00]  WALL=4.070e-15  DATA=2.452e-04
Invoked: SSBroyden1 approach!
[BFGS] batch=   2  call=   196  total=2.438e-02  PDE=0.000e+00 [colloc=0.000e+00, cfd=0.000e+00]  WALL=4.065e-15  DATA=2.438e-04
Invoked: SSBroyden1 approach!
[BFGS] batch=   2  call=   197  total=2.425e-02  PDE=0.000e+00 [colloc=0.000e+00, cfd=0.000e+00]  WALL=4.067e-15  DATA=2.425e-04
Invoked: SSBroyden1 approach!
[BFGS] batch=   2  call=   198  total=2.415e-02  PDE=0.000e+00 [colloc=0.000e+00, cfd=0.000e+00]  WALL=4.068e-15  DATA=2.415e-04
Invoked: SSBroyden1 approach!
[BFGS] batch=   2  call=   199  total=2.405e-02  PDE=0.000e+00 [colloc=0.000e+00, cfd=0.000e+00]  WALL=4.056e-15  DATA=2.405e-04
Invoked: SSBroyden1 approach!
[BFGS] batch=   2  call=   200  total=2.393e-02  PDE=0.000e+00 [colloc=0.000e+00, cfd=0.000e+00]  WALL=4.046e-15  DATA=2.393e-04
Invoked: SSBroyden1 approach!
[BFGS] batch=   2  call=   201  total=2.386e-02  PDE=0.000e+00 [colloc=0.000e+00, cfd=0.000e+00]  WALL=4.039e-15  DATA=2.386e-04
Invoked: SSBroyden1 approach!
[BFGS] batch=   2  call=   202  total=2.376e-02  PDE=0.000e+00 [colloc=0.000e+00, cfd=0.000e+00]  WALL=4.041e-15  DATA=2.376e-04
Invoked: SSBroyden1 approach!
[BFGS] batch=   2  call=   203  total=2.363e-02  PDE=0.000e+00 [colloc=0.000e+00, cfd=0.000e+00]  WALL=4.038e-15  DATA=2.363e-04
Invoked: SSBroyden1 approach!
[BFGS] batch=   2  call=   204  total=2.351e-02  PDE=0.000e+00 [colloc=0.000e+00, cfd=0.000e+00]  WALL=4.029e-15  DATA=2.351e-04
Invoked: SSBroyden1 approach!
[BFGS] batch=   2  call=   205  total=2.336e-02  PDE=0.000e+00 [colloc=0.000e+00, cfd=0.000e+00]  WALL=4.029e-15  DATA=2.336e-04
Invoked: SSBroyden1 approach!
[BFGS] batch=   2  call=   206  total=2.324e-02  PDE=0.000e+00 [colloc=0.000e+00, cfd=0.000e+00]  WALL=4.017e-15  DATA=2.324e-04
Invoked: SSBroyden1 approach!
[BFGS] batch=   2  call=   207  total=2.313e-02  PDE=0.000e+00 [colloc=0.000e+00, cfd=0.000e+00]  WALL=4.017e-15  DATA=2.313e-04
Invoked: SSBroyden1 approach!
[BFGS] batch=   2  call=   208  total=2.300e-02  PDE=0.000e+00 [colloc=0.000e+00, cfd=0.000e+00]  WALL=4.018e-15  DATA=2.300e-04
Invoked: SSBroyden1 approach!
[BFGS] batch=   2  call=   209  total=2.287e-02  PDE=0.000e+00 [colloc=0.000e+00, cfd=0.000e+00]  WALL=4.011e-15  DATA=2.287e-04
Invoked: SSBroyden1 approach!
[BFGS] batch=   2  call=   210  total=2.273e-02  PDE=0.000e+00 [colloc=0.000e+00, cfd=0.000e+00]  WALL=4.010e-15  DATA=2.273e-04
Invoked: SSBroyden1 approach!
[BFGS] batch=   2  call=   211  total=2.262e-02  PDE=0.000e+00 [colloc=0.000e+00, cfd=0.000e+00]  WALL=4.009e-15  DATA=2.262e-04
Invoked: SSBroyden1 approach!
[BFGS] batch=   2  call=   212  total=2.250e-02  PDE=0.000e+00 [colloc=0.000e+00, cfd=0.000e+00]  WALL=4.022e-15  DATA=2.250e-04
Invoked: SSBroyden1 approach!
[BFGS] batch=   2  call=   213  total=2.238e-02  PDE=0.000e+00 [colloc=0.000e+00, cfd=0.000e+00]  WALL=4.026e-15  DATA=2.238e-04
Invoked: SSBroyden1 approach!
[BFGS] batch=   2  call=   214  total=2.227e-02  PDE=0.000e+00 [colloc=0.000e+00, cfd=0.000e+00]  WALL=4.022e-15  DATA=2.227e-04
Invoked: SSBroyden1 approach!
[BFGS] batch=   2  call=   215  total=2.214e-02  PDE=0.000e+00 [colloc=0.000e+00, cfd=0.000e+00]  WALL=4.028e-15  DATA=2.214e-04
Invoked: SSBroyden1 approach!
[BFGS] batch=   2  call=   216  total=2.202e-02  PDE=0.000e+00 [colloc=0.000e+00, cfd=0.000e+00]  WALL=4.029e-15  DATA=2.202e-04
Invoked: SSBroyden1 approach!
[BFGS] batch=   2  call=   217  total=2.190e-02  PDE=0.000e+00 [colloc=0.000e+00, cfd=0.000e+00]  WALL=4.024e-15  DATA=2.190e-04
Invoked: SSBroyden1 approach!
[BFGS] batch=   2  call=   218  total=2.178e-02  PDE=0.000e+00 [colloc=0.000e+00, cfd=0.000e+00]  WALL=4.024e-15  DATA=2.178e-04
Invoked: SSBroyden1 approach!
[BFGS] batch=   2  call=   219  total=2.167e-02  PDE=0.000e+00 [colloc=0.000e+00, cfd=0.000e+00]  WALL=4.019e-15  DATA=2.167e-04
Invoked: SSBroyden1 approach!
[BFGS] batch=   2  call=   220  total=2.155e-02  PDE=0.000e+00 [colloc=0.000e+00, cfd=0.000e+00]  WALL=4.014e-15  DATA=2.155e-04
Invoked: SSBroyden1 approach!
[BFGS] batch=   2  call=   221  total=2.144e-02  PDE=0.000e+00 [colloc=0.000e+00, cfd=0.000e+00]  WALL=4.013e-15  DATA=2.144e-04
Invoked: SSBroyden1 approach!
[BFGS] batch=   2  call=   222  total=2.132e-02  PDE=0.000e+00 [colloc=0.000e+00, cfd=0.000e+00]  WALL=4.015e-15  DATA=2.132e-04
Invoked: SSBroyden1 approach!
[BFGS] batch=   2  call=   223  total=2.118e-02  PDE=0.000e+00 [colloc=0.000e+00, cfd=0.000e+00]  WALL=4.020e-15  DATA=2.118e-04
Invoked: SSBroyden1 approach!
[BFGS] batch=   2  call=   224  total=2.105e-02  PDE=0.000e+00 [colloc=0.000e+00, cfd=0.000e+00]  WALL=4.028e-15  DATA=2.105e-04
Invoked: SSBroyden1 approach!
[BFGS] batch=   2  call=   225  total=2.091e-02  PDE=0.000e+00 [colloc=0.000e+00, cfd=0.000e+00]  WALL=4.029e-15  DATA=2.091e-04
Invoked: SSBroyden1 approach!
[BFGS] batch=   2  call=   226  total=2.074e-02  PDE=0.000e+00 [colloc=0.000e+00, cfd=0.000e+00]  WALL=4.023e-15  DATA=2.074e-04
Invoked: SSBroyden1 approach!
[BFGS] batch=   2  call=   227  total=2.056e-02  PDE=0.000e+00 [colloc=0.000e+00, cfd=0.000e+00]  WALL=4.047e-15  DATA=2.056e-04
Invoked: SSBroyden1 approach!
[BFGS] batch=   2  call=   228  total=2.039e-02  PDE=0.000e+00 [colloc=0.000e+00, cfd=0.000e+00]  WALL=4.045e-15  DATA=2.039e-04
Invoked: SSBroyden1 approach!
[BFGS] batch=   2  call=   229  total=2.022e-02  PDE=0.000e+00 [colloc=0.000e+00, cfd=0.000e+00]  WALL=4.053e-15  DATA=2.022e-04
Invoked: SSBroyden1 approach!
[BFGS] batch=   2  call=   230  total=2.006e-02  PDE=0.000e+00 [colloc=0.000e+00, cfd=0.000e+00]  WALL=4.070e-15  DATA=2.006e-04
Invoked: SSBroyden1 approach!
[BFGS] batch=   2  call=   231  total=1.988e-02  PDE=0.000e+00 [colloc=0.000e+00, cfd=0.000e+00]  WALL=4.076e-15  DATA=1.988e-04
Invoked: SSBroyden1 approach!
[BFGS] batch=   2  call=   232  total=1.968e-02  PDE=0.000e+00 [colloc=0.000e+00, cfd=0.000e+00]  WALL=4.078e-15  DATA=1.968e-04
Invoked: SSBroyden1 approach!
[BFGS] batch=   2  call=   233  total=1.949e-02  PDE=0.000e+00 [colloc=0.000e+00, cfd=0.000e+00]  WALL=4.092e-15  DATA=1.949e-04
Invoked: SSBroyden1 approach!
[BFGS] batch=   2  call=   234  total=1.932e-02  PDE=0.000e+00 [colloc=0.000e+00, cfd=0.000e+00]  WALL=4.107e-15  DATA=1.932e-04
Invoked: SSBroyden1 approach!
[BFGS] batch=   2  call=   235  total=1.915e-02  PDE=0.000e+00 [colloc=0.000e+00, cfd=0.000e+00]  WALL=4.112e-15  DATA=1.915e-04
Invoked: SSBroyden1 approach!
[BFGS] batch=   2  call=   236  total=1.897e-02  PDE=0.000e+00 [colloc=0.000e+00, cfd=0.000e+00]  WALL=4.104e-15  DATA=1.897e-04
Invoked: SSBroyden1 approach!
[BFGS] batch=   2  call=   237  total=1.881e-02  PDE=0.000e+00 [colloc=0.000e+00, cfd=0.000e+00]  WALL=4.102e-15  DATA=1.881e-04
Invoked: SSBroyden1 approach!
[BFGS] batch=   2  call=   238  total=1.861e-02  PDE=0.000e+00 [colloc=0.000e+00, cfd=0.000e+00]  WALL=4.104e-15  DATA=1.861e-04
Invoked: SSBroyden1 approach!
[BFGS] batch=   2  call=   239  total=1.839e-02  PDE=0.000e+00 [colloc=0.000e+00, cfd=0.000e+00]  WALL=4.117e-15  DATA=1.839e-04
Invoked: SSBroyden1 approach!
[BFGS] batch=   2  call=   240  total=1.820e-02  PDE=0.000e+00 [colloc=0.000e+00, cfd=0.000e+00]  WALL=4.120e-15  DATA=1.820e-04
Invoked: SSBroyden1 approach!
[BFGS] batch=   2  call=   241  total=1.796e-02  PDE=0.000e+00 [colloc=0.000e+00, cfd=0.000e+00]  WALL=4.105e-15  DATA=1.796e-04
Invoked: SSBroyden1 approach!
[BFGS] batch=   2  call=   242  total=1.778e-02  PDE=0.000e+00 [colloc=0.000e+00, cfd=0.000e+00]  WALL=4.090e-15  DATA=1.778e-04
Invoked: SSBroyden1 approach!
[BFGS] batch=   2  call=   243  total=1.760e-02  PDE=0.000e+00 [colloc=0.000e+00, cfd=0.000e+00]  WALL=4.096e-15  DATA=1.760e-04
Invoked: SSBroyden1 approach!
[BFGS] batch=   2  call=   244  total=1.740e-02  PDE=0.000e+00 [colloc=0.000e+00, cfd=0.000e+00]  WALL=4.101e-15  DATA=1.740e-04
Invoked: SSBroyden1 approach!
[BFGS] batch=   2  call=   245  total=1.718e-02  PDE=0.000e+00 [colloc=0.000e+00, cfd=0.000e+00]  WALL=4.098e-15  DATA=1.718e-04
Invoked: SSBroyden1 approach!
[BFGS] batch=   2  call=   246  total=1.703e-02  PDE=0.000e+00 [colloc=0.000e+00, cfd=0.000e+00]  WALL=4.096e-15  DATA=1.703e-04
Invoked: SSBroyden1 approach!
[BFGS] batch=   2  call=   247  total=1.686e-02  PDE=0.000e+00 [colloc=0.000e+00, cfd=0.000e+00]  WALL=4.087e-15  DATA=1.686e-04
Invoked: SSBroyden1 approach!
[BFGS] batch=   2  call=   248  total=1.666e-02  PDE=0.000e+00 [colloc=0.000e+00, cfd=0.000e+00]  WALL=4.081e-15  DATA=1.666e-04
Invoked: SSBroyden1 approach!
[BFGS] batch=   2  call=   249  total=1.653e-02  PDE=0.000e+00 [colloc=0.000e+00, cfd=0.000e+00]  WALL=4.075e-15  DATA=1.653e-04
Invoked: SSBroyden1 approach!
[BFGS] batch=   2  call=   250  total=1.638e-02  PDE=0.000e+00 [colloc=0.000e+00, cfd=0.000e+00]  WALL=4.071e-15  DATA=1.638e-04
Invoked: SSBroyden1 approach!
[BFGS] batch=   2  call=   251  total=1.621e-02  PDE=0.000e+00 [colloc=0.000e+00, cfd=0.000e+00]  WALL=4.066e-15  DATA=1.621e-04
Invoked: SSBroyden1 approach!
[BFGS] batch=   2  call=   252  total=1.605e-02  PDE=0.000e+00 [colloc=0.000e+00, cfd=0.000e+00]  WALL=4.066e-15  DATA=1.605e-04
Invoked: SSBroyden1 approach!
[BFGS] batch=   2  call=   253  total=1.590e-02  PDE=0.000e+00 [colloc=0.000e+00, cfd=0.000e+00]  WALL=4.057e-15  DATA=1.590e-04
Invoked: SSBroyden1 approach!
[BFGS] batch=   2  call=   254  total=1.575e-02  PDE=0.000e+00 [colloc=0.000e+00, cfd=0.000e+00]  WALL=4.061e-15  DATA=1.575e-04
Invoked: SSBroyden1 approach!
[BFGS] batch=   2  call=   255  total=1.561e-02  PDE=0.000e+00 [colloc=0.000e+00, cfd=0.000e+00]  WALL=4.068e-15  DATA=1.561e-04
Invoked: SSBroyden1 approach!
[BFGS] batch=   2  call=   256  total=1.545e-02  PDE=0.000e+00 [colloc=0.000e+00, cfd=0.000e+00]  WALL=4.072e-15  DATA=1.545e-04
Invoked: SSBroyden1 approach!
[BFGS] batch=   2  call=   257  total=1.530e-02  PDE=0.000e+00 [colloc=0.000e+00, cfd=0.000e+00]  WALL=4.072e-15  DATA=1.530e-04
Invoked: SSBroyden1 approach!
[BFGS] batch=   2  call=   258  total=1.515e-02  PDE=0.000e+00 [colloc=0.000e+00, cfd=0.000e+00]  WALL=4.080e-15  DATA=1.515e-04
Invoked: SSBroyden1 approach!
[BFGS] batch=   2  call=   259  total=1.500e-02  PDE=0.000e+00 [colloc=0.000e+00, cfd=0.000e+00]  WALL=4.085e-15  DATA=1.500e-04
Invoked: SSBroyden1 approach!
[BFGS] batch=   2  call=   260  total=1.483e-02  PDE=0.000e+00 [colloc=0.000e+00, cfd=0.000e+00]  WALL=4.080e-15  DATA=1.483e-04
Invoked: SSBroyden1 approach!
[BFGS] batch=   2  call=   261  total=1.467e-02  PDE=0.000e+00 [colloc=0.000e+00, cfd=0.000e+00]  WALL=4.082e-15  DATA=1.467e-04
Invoked: SSBroyden1 approach!
[BFGS] batch=   2  call=   262  total=1.448e-02  PDE=0.000e+00 [colloc=0.000e+00, cfd=0.000e+00]  WALL=4.084e-15  DATA=1.448e-04
Invoked: SSBroyden1 approach!
[BFGS] batch=   2  call=   263  total=1.428e-02  PDE=0.000e+00 [colloc=0.000e+00, cfd=0.000e+00]  WALL=4.088e-15  DATA=1.428e-04
Invoked: SSBroyden1 approach!
[BFGS] batch=   2  call=   264  total=1.406e-02  PDE=0.000e+00 [colloc=0.000e+00, cfd=0.000e+00]  WALL=4.092e-15  DATA=1.406e-04
Invoked: SSBroyden1 approach!
[BFGS] batch=   2  call=   265  total=1.385e-02  PDE=0.000e+00 [colloc=0.000e+00, cfd=0.000e+00]  WALL=4.097e-15  DATA=1.385e-04
Invoked: SSBroyden1 approach!
[BFGS] batch=   2  call=   266  total=1.360e-02  PDE=0.000e+00 [colloc=0.000e+00, cfd=0.000e+00]  WALL=4.099e-15  DATA=1.360e-04
Invoked: SSBroyden1 approach!
[BFGS] batch=   2  call=   267  total=1.334e-02  PDE=0.000e+00 [colloc=0.000e+00, cfd=0.000e+00]  WALL=4.111e-15  DATA=1.334e-04
Invoked: SSBroyden1 approach!
[BFGS] batch=   2  call=   268  total=1.309e-02  PDE=0.000e+00 [colloc=0.000e+00, cfd=0.000e+00]  WALL=4.115e-15  DATA=1.309e-04
Invoked: SSBroyden1 approach!
[BFGS] batch=   2  call=   269  total=1.286e-02  PDE=0.000e+00 [colloc=0.000e+00, cfd=0.000e+00]  WALL=4.118e-15  DATA=1.286e-04
Invoked: SSBroyden1 approach!
[BFGS] batch=   2  call=   270  total=1.264e-02  PDE=0.000e+00 [colloc=0.000e+00, cfd=0.000e+00]  WALL=4.106e-15  DATA=1.264e-04
Invoked: SSBroyden1 approach!
[BFGS] batch=   2  call=   271  total=1.242e-02  PDE=0.000e+00 [colloc=0.000e+00, cfd=0.000e+00]  WALL=4.121e-15  DATA=1.242e-04
Invoked: SSBroyden1 approach!
[BFGS] batch=   2  call=   272  total=1.221e-02  PDE=0.000e+00 [colloc=0.000e+00, cfd=0.000e+00]  WALL=4.123e-15  DATA=1.221e-04
Invoked: SSBroyden1 approach!
[BFGS] batch=   2  call=   273  total=1.200e-02  PDE=0.000e+00 [colloc=0.000e+00, cfd=0.000e+00]  WALL=4.124e-15  DATA=1.200e-04
Invoked: SSBroyden1 approach!
[BFGS] batch=   2  call=   274  total=1.182e-02  PDE=0.000e+00 [colloc=0.000e+00, cfd=0.000e+00]  WALL=4.122e-15  DATA=1.182e-04
Invoked: SSBroyden1 approach!
[BFGS] batch=   2  call=   275  total=1.165e-02  PDE=0.000e+00 [colloc=0.000e+00, cfd=0.000e+00]  WALL=4.123e-15  DATA=1.165e-04
Invoked: SSBroyden1 approach!
[BFGS] batch=   2  call=   276  total=1.149e-02  PDE=0.000e+00 [colloc=0.000e+00, cfd=0.000e+00]  WALL=4.116e-15  DATA=1.149e-04
Invoked: SSBroyden1 approach!
[BFGS] batch=   2  call=   277  total=1.130e-02  PDE=0.000e+00 [colloc=0.000e+00, cfd=0.000e+00]  WALL=4.127e-15  DATA=1.130e-04
Invoked: SSBroyden1 approach!
[BFGS] batch=   2  call=   278  total=1.116e-02  PDE=0.000e+00 [colloc=0.000e+00, cfd=0.000e+00]  WALL=4.116e-15  DATA=1.116e-04
Invoked: SSBroyden1 approach!
[BFGS] batch=   2  call=   279  total=1.099e-02  PDE=0.000e+00 [colloc=0.000e+00, cfd=0.000e+00]  WALL=4.133e-15  DATA=1.099e-04
Invoked: SSBroyden1 approach!
[BFGS] batch=   2  call=   280  total=1.084e-02  PDE=0.000e+00 [colloc=0.000e+00, cfd=0.000e+00]  WALL=4.119e-15  DATA=1.084e-04
Invoked: SSBroyden1 approach!
[BFGS] batch=   2  call=   281  total=1.069e-02  PDE=0.000e+00 [colloc=0.000e+00, cfd=0.000e+00]  WALL=4.125e-15  DATA=1.069e-04
Invoked: SSBroyden1 approach!
[BFGS] batch=   2  call=   282  total=1.057e-02  PDE=0.000e+00 [colloc=0.000e+00, cfd=0.000e+00]  WALL=4.142e-15  DATA=1.057e-04
Invoked: SSBroyden1 approach!
[BFGS] batch=   2  call=   283  total=1.045e-02  PDE=0.000e+00 [colloc=0.000e+00, cfd=0.000e+00]  WALL=4.144e-15  DATA=1.045e-04
Invoked: SSBroyden1 approach!
[BFGS] batch=   2  call=   284  total=1.034e-02  PDE=0.000e+00 [colloc=0.000e+00, cfd=0.000e+00]  WALL=4.154e-15  DATA=1.034e-04
Invoked: SSBroyden1 approach!
[BFGS] batch=   2  call=   285  total=1.024e-02  PDE=0.000e+00 [colloc=0.000e+00, cfd=0.000e+00]  WALL=4.155e-15  DATA=1.024e-04
Invoked: SSBroyden1 approach!
[BFGS] batch=   2  call=   286  total=1.014e-02  PDE=0.000e+00 [colloc=0.000e+00, cfd=0.000e+00]  WALL=4.161e-15  DATA=1.014e-04
Invoked: SSBroyden1 approach!
[BFGS] batch=   2  call=   287  total=1.004e-02  PDE=0.000e+00 [colloc=0.000e+00, cfd=0.000e+00]  WALL=4.165e-15  DATA=1.004e-04
Invoked: SSBroyden1 approach!
[BFGS] batch=   2  call=   288  total=9.954e-03  PDE=0.000e+00 [colloc=0.000e+00, cfd=0.000e+00]  WALL=4.158e-15  DATA=9.954e-05
Invoked: SSBroyden1 approach!
[BFGS] batch=   2  call=   289  total=9.867e-03  PDE=0.000e+00 [colloc=0.000e+00, cfd=0.000e+00]  WALL=4.156e-15  DATA=9.867e-05
Invoked: SSBroyden1 approach!
[BFGS] batch=   2  call=   290  total=9.784e-03  PDE=0.000e+00 [colloc=0.000e+00, cfd=0.000e+00]  WALL=4.165e-15  DATA=9.784e-05
Invoked: SSBroyden1 approach!
[BFGS] batch=   2  call=   291  total=9.712e-03  PDE=0.000e+00 [colloc=0.000e+00, cfd=0.000e+00]  WALL=4.172e-15  DATA=9.712e-05
Invoked: SSBroyden1 approach!
[BFGS] batch=   2  call=   292  total=9.638e-03  PDE=0.000e+00 [colloc=0.000e+00, cfd=0.000e+00]  WALL=4.170e-15  DATA=9.638e-05
Invoked: SSBroyden1 approach!
[BFGS] batch=   2  call=   293  total=9.567e-03  PDE=0.000e+00 [colloc=0.000e+00, cfd=0.000e+00]  WALL=4.168e-15  DATA=9.567e-05
Invoked: SSBroyden1 approach!
[BFGS] batch=   2  call=   294  total=9.503e-03  PDE=0.000e+00 [colloc=0.000e+00, cfd=0.000e+00]  WALL=4.175e-15  DATA=9.503e-05
Invoked: SSBroyden1 approach!
[BFGS] batch=   2  call=   295  total=9.441e-03  PDE=0.000e+00 [colloc=0.000e+00, cfd=0.000e+00]  WALL=4.176e-15  DATA=9.441e-05
Invoked: SSBroyden1 approach!
[BFGS] batch=   2  call=   296  total=9.370e-03  PDE=0.000e+00 [colloc=0.000e+00, cfd=0.000e+00]  WALL=4.178e-15  DATA=9.370e-05
Invoked: SSBroyden1 approach!
[BFGS] batch=   2  call=   297  total=9.312e-03  PDE=0.000e+00 [colloc=0.000e+00, cfd=0.000e+00]  WALL=4.183e-15  DATA=9.312e-05
Invoked: SSBroyden1 approach!
[BFGS] batch=   2  call=   298  total=9.252e-03  PDE=0.000e+00 [colloc=0.000e+00, cfd=0.000e+00]  WALL=4.185e-15  DATA=9.252e-05
Invoked: SSBroyden1 approach!
[BFGS] batch=   2  call=   299  total=9.193e-03  PDE=0.000e+00 [colloc=0.000e+00, cfd=0.000e+00]  WALL=4.186e-15  DATA=9.193e-05
Invoked: SSBroyden1 approach!
[BFGS] batch=   2  call=   300  total=9.137e-03  PDE=0.000e+00 [colloc=0.000e+00, cfd=0.000e+00]  WALL=4.185e-15  DATA=9.137e-05
Invoked: SSBroyden1 approach!
[BFGS] batch=   2  call=   301  total=9.084e-03  PDE=0.000e+00 [colloc=0.000e+00, cfd=0.000e+00]  WALL=4.185e-15  DATA=9.084e-05
Invoked: SSBroyden1 approach!
[BFGS] batch=   2  call=   302  total=9.029e-03  PDE=0.000e+00 [colloc=0.000e+00, cfd=0.000e+00]  WALL=4.183e-15  DATA=9.029e-05
Invoked: SSBroyden1 approach!
[BFGS] batch=   2  call=   303  total=8.973e-03  PDE=0.000e+00 [colloc=0.000e+00, cfd=0.000e+00]  WALL=4.187e-15  DATA=8.973e-05
Invoked: SSBroyden1 approach!
[BFGS] batch=   2  call=   304  total=8.917e-03  PDE=0.000e+00 [colloc=0.000e+00, cfd=0.000e+00]  WALL=4.183e-15  DATA=8.917e-05
Invoked: SSBroyden1 approach!
[BFGS] batch=   2  call=   305  total=8.870e-03  PDE=0.000e+00 [colloc=0.000e+00, cfd=0.000e+00]  WALL=4.184e-15  DATA=8.870e-05
Invoked: SSBroyden1 approach!
[BFGS] batch=   2  call=   306  total=8.818e-03  PDE=0.000e+00 [colloc=0.000e+00, cfd=0.000e+00]  WALL=4.186e-15  DATA=8.818e-05
Invoked: SSBroyden1 approach!
[BFGS] batch=   2  call=   307  total=8.767e-03  PDE=0.000e+00 [colloc=0.000e+00, cfd=0.000e+00]  WALL=4.188e-15  DATA=8.767e-05
[BFGS] batch 2: H0 not PD — resetting to identity.
[BFGS-END] batch=   2  last_total=8.767e-03  last_PDE=0.000e+00 [colloc=0.000e+00, cfd=0.000e+00]  last_WALL=4.188e-15  last_DATA=8.767e-05
Invoked: SSBroyden1 approach!
[BFGS] batch=   3  call=   310  total=8.622e-03  PDE=0.000e+00 [colloc=0.000e+00, cfd=0.000e+00]  WALL=4.197e-15  DATA=8.622e-05
Invoked: SSBroyden1 approach!
[BFGS] batch=   3  call=   311  total=8.385e-03  PDE=0.000e+00 [colloc=0.000e+00, cfd=0.000e+00]  WALL=4.186e-15  DATA=8.385e-05
Invoked: SSBroyden1 approach!
[BFGS] batch=   3  call=   312  total=8.137e-03  PDE=0.000e+00 [colloc=0.000e+00, cfd=0.000e+00]  WALL=4.179e-15  DATA=8.137e-05
Invoked: SSBroyden1 approach!
[BFGS] batch=   3  call=   314  total=8.032e-03  PDE=0.000e+00 [colloc=0.000e+00, cfd=0.000e+00]  WALL=4.173e-15  DATA=8.032e-05
Invoked: SSBroyden1 approach!
[BFGS] batch=   3  call=   315  total=8.013e-03  PDE=0.000e+00 [colloc=0.000e+00, cfd=0.000e+00]  WALL=4.142e-15  DATA=8.013e-05
Invoked: SSBroyden1 approach!
[BFGS] batch=   3  call=   316  total=7.986e-03  PDE=0.000e+00 [colloc=0.000e+00, cfd=0.000e+00]  WALL=4.147e-15  DATA=7.986e-05
Invoked: SSBroyden1 approach!
[BFGS] batch=   3  call=   317  total=7.965e-03  PDE=0.000e+00 [colloc=0.000e+00, cfd=0.000e+00]  WALL=4.125e-15  DATA=7.965e-05
Invoked: SSBroyden1 approach!
[BFGS] batch=   3  call=   318  total=7.935e-03  PDE=0.000e+00 [colloc=0.000e+00, cfd=0.000e+00]  WALL=4.129e-15  DATA=7.935e-05
Invoked: SSBroyden1 approach!
[BFGS] batch=   3  call=   319  total=7.900e-03  PDE=0.000e+00 [colloc=0.000e+00, cfd=0.000e+00]  WALL=4.126e-15  DATA=7.900e-05
Invoked: SSBroyden1 approach!
[BFGS] batch=   3  call=   320  total=7.889e-03  PDE=0.000e+00 [colloc=0.000e+00, cfd=0.000e+00]  WALL=4.114e-15  DATA=7.889e-05
Invoked: SSBroyden1 approach!
[BFGS] batch=   3  call=   321  total=7.872e-03  PDE=0.000e+00 [colloc=0.000e+00, cfd=0.000e+00]  WALL=4.116e-15  DATA=7.872e-05
Invoked: SSBroyden1 approach!
[BFGS] batch=   3  call=   322  total=7.854e-03  PDE=0.000e+00 [colloc=0.000e+00, cfd=0.000e+00]  WALL=4.114e-15  DATA=7.854e-05
Invoked: SSBroyden1 approach!
[BFGS] batch=   3  call=   323  total=7.837e-03  PDE=0.000e+00 [colloc=0.000e+00, cfd=0.000e+00]  WALL=4.114e-15  DATA=7.837e-05
Invoked: SSBroyden1 approach!
[BFGS] batch=   3  call=   324  total=7.823e-03  PDE=0.000e+00 [colloc=0.000e+00, cfd=0.000e+00]  WALL=4.115e-15  DATA=7.823e-05
Invoked: SSBroyden1 approach!
[BFGS] batch=   3  call=   325  total=7.805e-03  PDE=0.000e+00 [colloc=0.000e+00, cfd=0.000e+00]  WALL=4.115e-15  DATA=7.805e-05
Invoked: SSBroyden1 approach!
[BFGS] batch=   3  call=   326  total=7.787e-03  PDE=0.000e+00 [colloc=0.000e+00, cfd=0.000e+00]  WALL=4.117e-15  DATA=7.787e-05
Invoked: SSBroyden1 approach!
[BFGS] batch=   3  call=   327  total=7.770e-03  PDE=0.000e+00 [colloc=0.000e+00, cfd=0.000e+00]  WALL=4.120e-15  DATA=7.770e-05
Invoked: SSBroyden1 approach!
[BFGS] batch=   3  call=   328  total=7.755e-03  PDE=0.000e+00 [colloc=0.000e+00, cfd=0.000e+00]  WALL=4.121e-15  DATA=7.755e-05
Invoked: SSBroyden1 approach!
[BFGS] batch=   3  call=   329  total=7.732e-03  PDE=0.000e+00 [colloc=0.000e+00, cfd=0.000e+00]  WALL=4.123e-15  DATA=7.732e-05
Invoked: SSBroyden1 approach!
[BFGS] batch=   3  call=   330  total=7.715e-03  PDE=0.000e+00 [colloc=0.000e+00, cfd=0.000e+00]  WALL=4.121e-15  DATA=7.715e-05
Invoked: SSBroyden1 approach!
[BFGS] batch=   3  call=   331  total=7.699e-03  PDE=0.000e+00 [colloc=0.000e+00, cfd=0.000e+00]  WALL=4.117e-15  DATA=7.699e-05
Invoked: SSBroyden1 approach!
[BFGS] batch=   3  call=   332  total=7.685e-03  PDE=0.000e+00 [colloc=0.000e+00, cfd=0.000e+00]  WALL=4.118e-15  DATA=7.685e-05
Invoked: SSBroyden1 approach!
[BFGS] batch=   3  call=   333  total=7.668e-03  PDE=0.000e+00 [colloc=0.000e+00, cfd=0.000e+00]  WALL=4.114e-15  DATA=7.668e-05
Invoked: SSBroyden1 approach!
[BFGS] batch=   3  call=   334  total=7.650e-03  PDE=0.000e+00 [colloc=0.000e+00, cfd=0.000e+00]  WALL=4.116e-15  DATA=7.650e-05
Invoked: SSBroyden1 approach!
[BFGS] batch=   3  call=   335  total=7.632e-03  PDE=0.000e+00 [colloc=0.000e+00, cfd=0.000e+00]  WALL=4.116e-15  DATA=7.632e-05
Invoked: SSBroyden1 approach!
[BFGS] batch=   3  call=   336  total=7.614e-03  PDE=0.000e+00 [colloc=0.000e+00, cfd=0.000e+00]  WALL=4.118e-15  DATA=7.614e-05
Invoked: SSBroyden1 approach!
[BFGS] batch=   3  call=   337  total=7.594e-03  PDE=0.000e+00 [colloc=0.000e+00, cfd=0.000e+00]  WALL=4.125e-15  DATA=7.594e-05
Invoked: SSBroyden1 approach!
[BFGS] batch=   3  call=   338  total=7.578e-03  PDE=0.000e+00 [colloc=0.000e+00, cfd=0.000e+00]  WALL=4.129e-15  DATA=7.578e-05
Invoked: SSBroyden1 approach!
[BFGS] batch=   3  call=   339  total=7.561e-03  PDE=0.000e+00 [colloc=0.000e+00, cfd=0.000e+00]  WALL=4.127e-15  DATA=7.561e-05
Invoked: SSBroyden1 approach!
[BFGS] batch=   3  call=   340  total=7.543e-03  PDE=0.000e+00 [colloc=0.000e+00, cfd=0.000e+00]  WALL=4.130e-15  DATA=7.543e-05
Invoked: SSBroyden1 approach!
[BFGS] batch=   3  call=   341  total=7.523e-03  PDE=0.000e+00 [colloc=0.000e+00, cfd=0.000e+00]  WALL=4.126e-15  DATA=7.523e-05
Invoked: SSBroyden1 approach!
[BFGS] batch=   3  call=   342  total=7.501e-03  PDE=0.000e+00 [colloc=0.000e+00, cfd=0.000e+00]  WALL=4.127e-15  DATA=7.501e-05
Invoked: SSBroyden1 approach!
[BFGS] batch=   3  call=   343  total=7.475e-03  PDE=0.000e+00 [colloc=0.000e+00, cfd=0.000e+00]  WALL=4.125e-15  DATA=7.475e-05
Invoked: SSBroyden1 approach!
[BFGS] batch=   3  call=   344  total=7.451e-03  PDE=0.000e+00 [colloc=0.000e+00, cfd=0.000e+00]  WALL=4.133e-15  DATA=7.451e-05
Invoked: SSBroyden1 approach!
[BFGS] batch=   3  call=   345  total=7.428e-03  PDE=0.000e+00 [colloc=0.000e+00, cfd=0.000e+00]  WALL=4.131e-15  DATA=7.428e-05
Invoked: SSBroyden1 approach!
[BFGS] batch=   3  call=   346  total=7.414e-03  PDE=0.000e+00 [colloc=0.000e+00, cfd=0.000e+00]  WALL=4.131e-15  DATA=7.414e-05
Invoked: SSBroyden1 approach!
[BFGS] batch=   3  call=   347  total=7.395e-03  PDE=0.000e+00 [colloc=0.000e+00, cfd=0.000e+00]  WALL=4.133e-15  DATA=7.395e-05
Invoked: SSBroyden1 approach!
[BFGS] batch=   3  call=   348  total=7.375e-03  PDE=0.000e+00 [colloc=0.000e+00, cfd=0.000e+00]  WALL=4.129e-15  DATA=7.375e-05
Invoked: SSBroyden1 approach!
[BFGS] batch=   3  call=   349  total=7.351e-03  PDE=0.000e+00 [colloc=0.000e+00, cfd=0.000e+00]  WALL=4.130e-15  DATA=7.351e-05
Invoked: SSBroyden1 approach!
[BFGS] batch=   3  call=   350  total=7.327e-03  PDE=0.000e+00 [colloc=0.000e+00, cfd=0.000e+00]  WALL=4.130e-15  DATA=7.327e-05
Invoked: SSBroyden1 approach!
[BFGS] batch=   3  call=   351  total=7.297e-03  PDE=0.000e+00 [colloc=0.000e+00, cfd=0.000e+00]  WALL=4.130e-15  DATA=7.297e-05
Invoked: SSBroyden1 approach!
[BFGS] batch=   3  call=   352  total=7.267e-03  PDE=0.000e+00 [colloc=0.000e+00, cfd=0.000e+00]  WALL=4.135e-15  DATA=7.267e-05
Invoked: SSBroyden1 approach!
[BFGS] batch=   3  call=   353  total=7.238e-03  PDE=0.000e+00 [colloc=0.000e+00, cfd=0.000e+00]  WALL=4.137e-15  DATA=7.238e-05
Invoked: SSBroyden1 approach!
[BFGS] batch=   3  call=   354  total=7.218e-03  PDE=0.000e+00 [colloc=0.000e+00, cfd=0.000e+00]  WALL=4.135e-15  DATA=7.218e-05
Invoked: SSBroyden1 approach!
[BFGS] batch=   3  call=   355  total=7.197e-03  PDE=0.000e+00 [colloc=0.000e+00, cfd=0.000e+00]  WALL=4.135e-15  DATA=7.197e-05
Invoked: SSBroyden1 approach!
[BFGS] batch=   3  call=   356  total=7.181e-03  PDE=0.000e+00 [colloc=0.000e+00, cfd=0.000e+00]  WALL=4.138e-15  DATA=7.181e-05
Invoked: SSBroyden1 approach!
[BFGS] batch=   3  call=   357  total=7.162e-03  PDE=0.000e+00 [colloc=0.000e+00, cfd=0.000e+00]  WALL=4.138e-15  DATA=7.162e-05
Invoked: SSBroyden1 approach!
[BFGS] batch=   3  call=   358  total=7.143e-03  PDE=0.000e+00 [colloc=0.000e+00, cfd=0.000e+00]  WALL=4.144e-15  DATA=7.143e-05
Invoked: SSBroyden1 approach!
[BFGS] batch=   3  call=   359  total=7.125e-03  PDE=0.000e+00 [colloc=0.000e+00, cfd=0.000e+00]  WALL=4.140e-15  DATA=7.125e-05
Invoked: SSBroyden1 approach!
[BFGS] batch=   3  call=   360  total=7.110e-03  PDE=0.000e+00 [colloc=0.000e+00, cfd=0.000e+00]  WALL=4.137e-15  DATA=7.110e-05
Invoked: SSBroyden1 approach!
[BFGS] batch=   3  call=   361  total=7.088e-03  PDE=0.000e+00 [colloc=0.000e+00, cfd=0.000e+00]  WALL=4.137e-15  DATA=7.088e-05
Invoked: SSBroyden1 approach!
[BFGS] batch=   3  call=   362  total=7.065e-03  PDE=0.000e+00 [colloc=0.000e+00, cfd=0.000e+00]  WALL=4.145e-15  DATA=7.065e-05
Invoked: SSBroyden1 approach!
[BFGS] batch=   3  call=   363  total=7.041e-03  PDE=0.000e+00 [colloc=0.000e+00, cfd=0.000e+00]  WALL=4.150e-15  DATA=7.041e-05
Invoked: SSBroyden1 approach!
[BFGS] batch=   3  call=   364  total=7.020e-03  PDE=0.000e+00 [colloc=0.000e+00, cfd=0.000e+00]  WALL=4.148e-15  DATA=7.020e-05
Invoked: SSBroyden1 approach!
[BFGS] batch=   3  call=   365  total=6.993e-03  PDE=0.000e+00 [colloc=0.000e+00, cfd=0.000e+00]  WALL=4.149e-15  DATA=6.993e-05
Invoked: SSBroyden1 approach!
[BFGS] batch=   3  call=   366  total=6.978e-03  PDE=0.000e+00 [colloc=0.000e+00, cfd=0.000e+00]  WALL=4.155e-15  DATA=6.978e-05
Invoked: SSBroyden1 approach!
[BFGS] batch=   3  call=   367  total=6.961e-03  PDE=0.000e+00 [colloc=0.000e+00, cfd=0.000e+00]  WALL=4.153e-15  DATA=6.961e-05
Invoked: SSBroyden1 approach!
[BFGS] batch=   3  call=   368  total=6.944e-03  PDE=0.000e+00 [colloc=0.000e+00, cfd=0.000e+00]  WALL=4.151e-15  DATA=6.944e-05
Invoked: SSBroyden1 approach!
[BFGS] batch=   3  call=   369  total=6.928e-03  PDE=0.000e+00 [colloc=0.000e+00, cfd=0.000e+00]  WALL=4.154e-15  DATA=6.928e-05
Invoked: SSBroyden1 approach!
[BFGS] batch=   3  call=   370  total=6.910e-03  PDE=0.000e+00 [colloc=0.000e+00, cfd=0.000e+00]  WALL=4.156e-15  DATA=6.910e-05
Invoked: SSBroyden1 approach!
[BFGS] batch=   3  call=   371  total=6.887e-03  PDE=0.000e+00 [colloc=0.000e+00, cfd=0.000e+00]  WALL=4.159e-15  DATA=6.887e-05
Invoked: SSBroyden1 approach!
[BFGS] batch=   3  call=   372  total=6.858e-03  PDE=0.000e+00 [colloc=0.000e+00, cfd=0.000e+00]  WALL=4.158e-15  DATA=6.858e-05
Invoked: SSBroyden1 approach!
[BFGS] batch=   3  call=   373  total=6.826e-03  PDE=0.000e+00 [colloc=0.000e+00, cfd=0.000e+00]  WALL=4.159e-15  DATA=6.826e-05
Invoked: SSBroyden1 approach!
[BFGS] batch=   3  call=   374  total=6.797e-03  PDE=0.000e+00 [colloc=0.000e+00, cfd=0.000e+00]  WALL=4.157e-15  DATA=6.797e-05
Invoked: SSBroyden1 approach!
[BFGS] batch=   3  call=   375  total=6.764e-03  PDE=0.000e+00 [colloc=0.000e+00, cfd=0.000e+00]  WALL=4.154e-15  DATA=6.764e-05
Invoked: SSBroyden1 approach!
[BFGS] batch=   3  call=   376  total=6.726e-03  PDE=0.000e+00 [colloc=0.000e+00, cfd=0.000e+00]  WALL=4.153e-15  DATA=6.726e-05
Invoked: SSBroyden1 approach!
[BFGS] batch=   3  call=   377  total=6.691e-03  PDE=0.000e+00 [colloc=0.000e+00, cfd=0.000e+00]  WALL=4.152e-15  DATA=6.691e-05
Invoked: SSBroyden1 approach!
[BFGS] batch=   3  call=   378  total=6.655e-03  PDE=0.000e+00 [colloc=0.000e+00, cfd=0.000e+00]  WALL=4.160e-15  DATA=6.655e-05
Invoked: SSBroyden1 approach!
[BFGS] batch=   3  call=   379  total=6.617e-03  PDE=0.000e+00 [colloc=0.000e+00, cfd=0.000e+00]  WALL=4.162e-15  DATA=6.617e-05
Invoked: SSBroyden1 approach!
[BFGS] batch=   3  call=   380  total=6.574e-03  PDE=0.000e+00 [colloc=0.000e+00, cfd=0.000e+00]  WALL=4.165e-15  DATA=6.574e-05
Invoked: SSBroyden1 approach!
[BFGS] batch=   3  call=   381  total=6.533e-03  PDE=0.000e+00 [colloc=0.000e+00, cfd=0.000e+00]  WALL=4.162e-15  DATA=6.533e-05
Invoked: SSBroyden1 approach!
[BFGS] batch=   3  call=   382  total=6.499e-03  PDE=0.000e+00 [colloc=0.000e+00, cfd=0.000e+00]  WALL=4.167e-15  DATA=6.499e-05
Invoked: SSBroyden1 approach!
[BFGS] batch=   3  call=   383  total=6.469e-03  PDE=0.000e+00 [colloc=0.000e+00, cfd=0.000e+00]  WALL=4.161e-15  DATA=6.469e-05
Invoked: SSBroyden1 approach!
[BFGS] batch=   3  call=   384  total=6.429e-03  PDE=0.000e+00 [colloc=0.000e+00, cfd=0.000e+00]  WALL=4.162e-15  DATA=6.429e-05
Invoked: SSBroyden1 approach!
[BFGS] batch=   3  call=   385  total=6.381e-03  PDE=0.000e+00 [colloc=0.000e+00, cfd=0.000e+00]  WALL=4.167e-15  DATA=6.381e-05
Invoked: SSBroyden1 approach!
[BFGS] batch=   3  call=   386  total=6.338e-03  PDE=0.000e+00 [colloc=0.000e+00, cfd=0.000e+00]  WALL=4.172e-15  DATA=6.338e-05
Invoked: SSBroyden1 approach!
[BFGS] batch=   3  call=   387  total=6.285e-03  PDE=0.000e+00 [colloc=0.000e+00, cfd=0.000e+00]  WALL=4.172e-15  DATA=6.285e-05
Invoked: SSBroyden1 approach!
[BFGS] batch=   3  call=   388  total=6.238e-03  PDE=0.000e+00 [colloc=0.000e+00, cfd=0.000e+00]  WALL=4.168e-15  DATA=6.238e-05
Invoked: SSBroyden1 approach!
[BFGS] batch=   3  call=   389  total=6.186e-03  PDE=0.000e+00 [colloc=0.000e+00, cfd=0.000e+00]  WALL=4.172e-15  DATA=6.186e-05
Invoked: SSBroyden1 approach!
[BFGS] batch=   3  call=   390  total=6.126e-03  PDE=0.000e+00 [colloc=0.000e+00, cfd=0.000e+00]  WALL=4.173e-15  DATA=6.126e-05
Invoked: SSBroyden1 approach!
[BFGS] batch=   3  call=   391  total=6.061e-03  PDE=0.000e+00 [colloc=0.000e+00, cfd=0.000e+00]  WALL=4.178e-15  DATA=6.061e-05
Invoked: SSBroyden1 approach!
[BFGS] batch=   3  call=   392  total=5.998e-03  PDE=0.000e+00 [colloc=0.000e+00, cfd=0.000e+00]  WALL=4.177e-15  DATA=5.998e-05
Invoked: SSBroyden1 approach!
[BFGS] batch=   3  call=   393  total=5.933e-03  PDE=0.000e+00 [colloc=0.000e+00, cfd=0.000e+00]  WALL=4.177e-15  DATA=5.933e-05
Invoked: SSBroyden1 approach!
[BFGS] batch=   3  call=   394  total=5.897e-03  PDE=0.000e+00 [colloc=0.000e+00, cfd=0.000e+00]  WALL=4.177e-15  DATA=5.897e-05
Invoked: SSBroyden1 approach!
[BFGS] batch=   3  call=   395  total=5.854e-03  PDE=0.000e+00 [colloc=0.000e+00, cfd=0.000e+00]  WALL=4.179e-15  DATA=5.854e-05
Invoked: SSBroyden1 approach!
[BFGS] batch=   3  call=   396  total=5.809e-03  PDE=0.000e+00 [colloc=0.000e+00, cfd=0.000e+00]  WALL=4.175e-15  DATA=5.809e-05
Invoked: SSBroyden1 approach!
[BFGS] batch=   3  call=   397  total=5.764e-03  PDE=0.000e+00 [colloc=0.000e+00, cfd=0.000e+00]  WALL=4.179e-15  DATA=5.764e-05
Invoked: SSBroyden1 approach!
[BFGS] batch=   3  call=   398  total=5.727e-03  PDE=0.000e+00 [colloc=0.000e+00, cfd=0.000e+00]  WALL=4.187e-15  DATA=5.727e-05
Invoked: SSBroyden1 approach!
[BFGS] batch=   3  call=   399  total=5.687e-03  PDE=0.000e+00 [colloc=0.000e+00, cfd=0.000e+00]  WALL=4.184e-15  DATA=5.687e-05
Invoked: SSBroyden1 approach!
[BFGS] batch=   3  call=   400  total=5.659e-03  PDE=0.000e+00 [colloc=0.000e+00, cfd=0.000e+00]  WALL=4.188e-15  DATA=5.659e-05
Invoked: SSBroyden1 approach!
[BFGS] batch=   3  call=   401  total=5.623e-03  PDE=0.000e+00 [colloc=0.000e+00, cfd=0.000e+00]  WALL=4.186e-15  DATA=5.623e-05
Invoked: SSBroyden1 approach!
[BFGS] batch=   3  call=   402  total=5.574e-03  PDE=0.000e+00 [colloc=0.000e+00, cfd=0.000e+00]  WALL=4.182e-15  DATA=5.574e-05
Invoked: SSBroyden1 approach!
[BFGS] batch=   3  call=   403  total=5.521e-03  PDE=0.000e+00 [colloc=0.000e+00, cfd=0.000e+00]  WALL=4.180e-15  DATA=5.521e-05
Invoked: SSBroyden1 approach!
[BFGS] batch=   3  call=   404  total=5.486e-03  PDE=0.000e+00 [colloc=0.000e+00, cfd=0.000e+00]  WALL=4.176e-15  DATA=5.486e-05
Invoked: SSBroyden1 approach!
[BFGS] batch=   3  call=   405  total=5.443e-03  PDE=0.000e+00 [colloc=0.000e+00, cfd=0.000e+00]  WALL=4.174e-15  DATA=5.443e-05
Invoked: SSBroyden1 approach!
[BFGS] batch=   3  call=   406  total=5.408e-03  PDE=0.000e+00 [colloc=0.000e+00, cfd=0.000e+00]  WALL=4.170e-15  DATA=5.408e-05
Invoked: SSBroyden1 approach!
[BFGS] batch=   3  call=   407  total=5.367e-03  PDE=0.000e+00 [colloc=0.000e+00, cfd=0.000e+00]  WALL=4.171e-15  DATA=5.367e-05
Invoked: SSBroyden1 approach!
[BFGS] batch=   3  call=   408  total=5.326e-03  PDE=0.000e+00 [colloc=0.000e+00, cfd=0.000e+00]  WALL=4.172e-15  DATA=5.326e-05
Invoked: SSBroyden1 approach!
[BFGS] batch=   3  call=   409  total=5.294e-03  PDE=0.000e+00 [colloc=0.000e+00, cfd=0.000e+00]  WALL=4.169e-15  DATA=5.294e-05
Invoked: SSBroyden1 approach!
[BFGS] batch=   3  call=   410  total=5.266e-03  PDE=0.000e+00 [colloc=0.000e+00, cfd=0.000e+00]  WALL=4.172e-15  DATA=5.266e-05
Invoked: SSBroyden1 approach!
[BFGS] batch=   3  call=   411  total=5.233e-03  PDE=0.000e+00 [colloc=0.000e+00, cfd=0.000e+00]  WALL=4.171e-15  DATA=5.233e-05
Invoked: SSBroyden1 approach!
[BFGS] batch=   3  call=   412  total=5.202e-03  PDE=0.000e+00 [colloc=0.000e+00, cfd=0.000e+00]  WALL=4.173e-15  DATA=5.202e-05
Invoked: SSBroyden1 approach!
[BFGS] batch=   3  call=   413  total=5.169e-03  PDE=0.000e+00 [colloc=0.000e+00, cfd=0.000e+00]  WALL=4.175e-15  DATA=5.169e-05
Invoked: SSBroyden1 approach!
[BFGS] batch=   3  call=   414  total=5.134e-03  PDE=0.000e+00 [colloc=0.000e+00, cfd=0.000e+00]  WALL=4.174e-15  DATA=5.134e-05
Invoked: SSBroyden1 approach!
[BFGS] batch=   3  call=   415  total=5.104e-03  PDE=0.000e+00 [colloc=0.000e+00, cfd=0.000e+00]  WALL=4.173e-15  DATA=5.104e-05
Invoked: SSBroyden1 approach!
[BFGS] batch=   3  call=   416  total=5.069e-03  PDE=0.000e+00 [colloc=0.000e+00, cfd=0.000e+00]  WALL=4.171e-15  DATA=5.069e-05
Invoked: SSBroyden1 approach!
[BFGS] batch=   3  call=   417  total=5.029e-03  PDE=0.000e+00 [colloc=0.000e+00, cfd=0.000e+00]  WALL=4.173e-15  DATA=5.029e-05
Invoked: SSBroyden1 approach!
[BFGS] batch=   3  call=   418  total=4.990e-03  PDE=0.000e+00 [colloc=0.000e+00, cfd=0.000e+00]  WALL=4.179e-15  DATA=4.990e-05
Invoked: SSBroyden1 approach!
[BFGS] batch=   3  call=   419  total=4.947e-03  PDE=0.000e+00 [colloc=0.000e+00, cfd=0.000e+00]  WALL=4.181e-15  DATA=4.947e-05
Invoked: SSBroyden1 approach!
