Model: width=32, depth=3  (params=2306)
[VTK steady] Re40.vtk  cells=8234
VTK steady IC interpolator ready.

Loading Re60 time series from Re60/Re60_vtks …
  Loaded Re60_3170.vtk  t=80.00s  cells=8234
  Loaded Re60_3177.vtk  t=80.20s  cells=8234
  Loaded Re60_3184.vtk  t=80.40s  cells=8234
  Loaded Re60_3191.vtk  t=80.60s  cells=8234
  Loaded Re60_3198.vtk  t=80.80s  cells=8234
  Loaded Re60_3205.vtk  t=81.00s  cells=8234
  Loaded Re60_3212.vtk  t=81.20s  cells=8234
  Loaded Re60_3219.vtk  t=81.40s  cells=8234
  Loaded Re60_3226.vtk  t=81.60s  cells=8234
  Loaded Re60_3233.vtk  t=81.80s  cells=8234
  Loaded Re60_3240.vtk  t=82.00s  cells=8234
  Loaded Re60_3247.vtk  t=82.20s  cells=8234
  Loaded Re60_3254.vtk  t=82.40s  cells=8234
  Loaded Re60_3261.vtk  t=82.60s  cells=8234
  Loaded Re60_3268.vtk  t=82.80s  cells=8234
  Loaded Re60_3275.vtk  t=83.00s  cells=8234
  Loaded Re60_3282.vtk  t=83.20s  cells=8234
  Loaded Re60_3289.vtk  t=83.40s  cells=8234
  Loaded Re60_3296.vtk  t=83.60s  cells=8234
  Loaded Re60_3303.vtk  t=83.80s  cells=8234
  Loaded Re60_3310.vtk  t=84.00s  cells=8234
  Loaded Re60_3317.vtk  t=84.20s  cells=8234
  Loaded Re60_3324.vtk  t=84.40s  cells=8234
  Loaded Re60_3331.vtk  t=84.60s  cells=8234
  Loaded Re60_3338.vtk  t=84.80s  cells=8234
  Loaded Re60_3345.vtk  t=85.00s  cells=8234
  Loaded Re60_3352.vtk  t=85.20s  cells=8234
  Loaded Re60_3359.vtk  t=85.40s  cells=8234
  Loaded Re60_3366.vtk  t=85.60s  cells=8234
  Loaded Re60_3373.vtk  t=85.80s  cells=8234
  Loaded Re60_3380.vtk  t=86.00s  cells=8234
  Loaded Re60_3387.vtk  t=86.20s  cells=8234
  Loaded Re60_3394.vtk  t=86.40s  cells=8234
  Loaded Re60_3401.vtk  t=86.60s  cells=8234
  Loaded Re60_3408.vtk  t=86.80s  cells=8234
  Loaded Re60_3415.vtk  t=87.00s  cells=8234
  Loaded Re60_3422.vtk  t=87.20s  cells=8234
  Loaded Re60_3429.vtk  t=87.40s  cells=8234
  Loaded Re60_3436.vtk  t=87.60s  cells=8234
  Loaded Re60_3443.vtk  t=87.80s  cells=8234
  Loaded Re60_3450.vtk  t=88.00s  cells=8234
  Loaded Re60_3457.vtk  t=88.20s  cells=8234
  Loaded Re60_3464.vtk  t=88.40s  cells=8234
  Loaded Re60_3471.vtk  t=88.60s  cells=8234
  Loaded Re60_3478.vtk  t=88.80s  cells=8234
  Loaded Re60_3485.vtk  t=89.00s  cells=8234
  Loaded Re60_3492.vtk  t=89.20s  cells=8234
  Loaded Re60_3499.vtk  t=89.40s  cells=8234
  Loaded Re60_3506.vtk  t=89.60s  cells=8234
  Loaded Re60_3513.vtk  t=89.80s  cells=8234
  Loaded Re60_3520.vtk  t=90.00s  cells=8234
[Series] 51 snapshots, t ∈ [80.00, 90.00] s
  → 51 data batches ready for Re=60 supervision.
Starting from scratch.

======================================================================
Training Re=5
======================================================================
  [Phase 1] Adam  (3000 steps)
  [Adam  Re=  5.0] ep=    0  L=3.437e+01  PDE=6.406e-03  BC=2.185e+00  IC=1.192e+00
  [Adam  Re=  5.0] ep=  200  L=2.308e+00  PDE=1.068e-01  BC=1.806e-01  IC=3.887e-02
  [Adam  Re=  5.0] ep=  400  L=2.472e-01  PDE=9.263e-02  BC=1.099e-02  IC=4.192e-03
  [Adam  Re=  5.0] ep=  600  L=1.599e-01  PDE=7.409e-02  BC=6.035e-03  IC=2.361e-03
  [Adam  Re=  5.0] ep=  800  L=1.197e-01  PDE=4.888e-02  BC=4.426e-03  IC=2.486e-03
  [Adam  Re=  5.0] ep= 1000  L=1.153e-01  PDE=5.701e-02  BC=3.822e-03  IC=1.893e-03
  [Adam  Re=  5.0] ep= 1200  L=1.022e-01  PDE=4.954e-02  BC=3.317e-03  IC=1.845e-03
  [Adam  Re=  5.0] ep= 1400  L=1.027e-01  PDE=5.405e-02  BC=3.166e-03  IC=1.619e-03
  [Adam  Re=  5.0] ep= 1600  L=9.998e-02  PDE=5.624e-02  BC=2.740e-03  IC=1.553e-03
  [Adam  Re=  5.0] ep= 1800  L=9.749e-02  PDE=5.373e-02  BC=2.849e-03  IC=1.459e-03
  [Adam  Re=  5.0] ep= 2000  L=9.319e-02  PDE=5.428e-02  BC=2.434e-03  IC=1.388e-03
  [Adam  Re=  5.0] ep= 2200  L=9.959e-02  PDE=6.100e-02  BC=2.510e-03  IC=1.289e-03
  [Adam  Re=  5.0] ep= 2400  L=1.011e-01  PDE=6.653e-02  BC=2.180e-03  IC=1.220e-03
  [Adam  Re=  5.0] ep= 2600  L=9.827e-02  PDE=6.151e-02  BC=2.339e-03  IC=1.287e-03
  [Adam  Re=  5.0] ep= 2800  L=9.577e-02  PDE=6.359e-02  BC=1.988e-03  IC=1.174e-03
  [Phase 2] Custom BFGS (BFGS, max 1000 iters)
  [BFGS Re=  5.0] call=  100  L=6.948e-02
  [BFGS Re=  5.0] call=  200  L=8.279e-02
  [BFGS] converged after 216 calls.
Saved: checkpoints/pinn_Re5.pt

======================================================================
Training Re=10
======================================================================
  [Phase 1] Adam  (3000 steps)
  [Adam  Re= 10.0] ep=    0  L=4.119e-02  PDE=5.633e-03  BC=2.212e-03  IC=1.228e-03
  [Adam  Re= 10.0] ep=  200  L=1.768e-01  PDE=1.536e-01  BC=1.618e-03  IC=6.696e-04
  [Adam  Re= 10.0] ep=  400  L=5.604e-02  PDE=1.813e-02  BC=2.222e-03  IC=1.522e-03
  [Adam  Re= 10.0] ep=  600  L=1.444e-01  PDE=1.191e-01  BC=1.685e-03  IC=8.118e-04
  [Adam  Re= 10.0] ep=  800  L=5.415e-02  PDE=2.125e-02  BC=1.933e-03  IC=1.318e-03
  [Adam  Re= 10.0] ep= 1000  L=1.232e-01  PDE=9.991e-02  BC=1.524e-03  IC=7.764e-04
  [Adam  Re= 10.0] ep= 1200  L=5.636e-02  PDE=2.434e-02  BC=1.822e-03  IC=1.340e-03
  [Adam  Re= 10.0] ep= 1400  L=1.290e-01  PDE=1.073e-01  BC=1.375e-03  IC=7.637e-04
  [Adam  Re= 10.0] ep= 1600  L=6.325e-02  PDE=3.370e-02  BC=1.665e-03  IC=1.251e-03
  [Adam  Re= 10.0] ep= 1800  L=1.669e-01  PDE=1.472e-01  BC=1.279e-03  IC=6.500e-04
  [Adam  Re= 10.0] ep= 2000  L=6.939e-02  PDE=3.868e-02  BC=1.653e-03  IC=1.384e-03
  [Adam  Re= 10.0] ep= 2200  L=1.916e-01  PDE=1.737e-01  BC=1.163e-03  IC=5.973e-04
  [Adam  Re= 10.0] ep= 2400  L=7.751e-02  PDE=4.871e-02  BC=1.524e-03  IC=1.324e-03
  [Adam  Re= 10.0] ep= 2600  L=1.772e-01  PDE=1.601e-01  BC=1.112e-03  IC=5.698e-04
  [Adam  Re= 10.0] ep= 2800  L=8.440e-02  PDE=5.554e-02  BC=1.679e-03  IC=1.173e-03
  [Phase 2] Custom BFGS (BFGS, max 1000 iters)
  [BFGS Re= 10.0] call=  100  L=8.509e-02
  [BFGS Re= 10.0] call=  200  L=6.244e-02
  [BFGS] converged after 216 calls.
Saved: checkpoints/pinn_Re10.pt

======================================================================
Training Re=15
======================================================================
  [Phase 1] Adam  (3000 steps)
  [Adam  Re= 15.0] ep=    0  L=3.369e-02  PDE=4.429e-03  BC=1.483e-03  IC=1.369e-03
  [Adam  Re= 15.0] ep=  200  L=1.575e-01  PDE=1.504e-01  BC=4.574e-04  IC=2.209e-04
  [Adam  Re= 15.0] ep=  400  L=3.873e-02  PDE=2.027e-02  BC=9.674e-04  IC=8.435e-04
  [Adam  Re= 15.0] ep=  600  L=1.242e-01  PDE=1.144e-01  BC=6.046e-04  IC=3.576e-04
  [Adam  Re= 15.0] ep=  800  L=4.139e-02  PDE=2.287e-02  BC=9.599e-04  IC=8.653e-04
  [Adam  Re= 15.0] ep= 1000  L=1.135e-01  PDE=1.051e-01  BC=5.038e-04  IC=3.149e-04
  [Adam  Re= 15.0] ep= 1200  L=5.176e-02  PDE=3.448e-02  BC=8.837e-04  IC=8.205e-04
  [Adam  Re= 15.0] ep= 1400  L=1.737e-01  PDE=1.669e-01  BC=4.114e-04  IC=2.521e-04
  [Adam  Re= 15.0] ep= 1600  L=5.096e-02  PDE=3.366e-02  BC=8.207e-04  IC=8.868e-04
  [Adam  Re= 15.0] ep= 1800  L=1.727e-01  PDE=1.662e-01  BC=3.960e-04  IC=2.326e-04
  [Adam  Re= 15.0] ep= 2000  L=5.565e-02  PDE=3.991e-02  BC=7.321e-04  IC=8.184e-04
  [Adam  Re= 15.0] ep= 2200  L=1.535e-01  PDE=1.471e-01  BC=3.928e-04  IC=2.250e-04
  [Adam  Re= 15.0] ep= 2400  L=5.365e-02  PDE=3.757e-02  BC=7.414e-04  IC=8.440e-04
  [Adam  Re= 15.0] ep= 2600  L=1.383e-01  PDE=1.304e-01  BC=5.285e-04  IC=2.475e-04
  [Adam  Re= 15.0] ep= 2800  L=5.900e-02  PDE=4.531e-02  BC=6.338e-04  IC=7.140e-04
  [Phase 2] Custom BFGS (BFGS, max 1000 iters)
  [BFGS Re= 15.0] call=  100  L=5.776e-02
  [BFGS Re= 15.0] call=  200  L=3.986e-02
  [BFGS] converged after 217 calls.
Saved: checkpoints/pinn_Re15.pt

======================================================================
Training Re=20
======================================================================
  [Phase 1] Adam  (3000 steps)
  [Adam  Re= 20.0] ep=    0  L=4.076e-02  PDE=3.689e-03  BC=2.492e-03  IC=1.169e-03
  [Adam  Re= 20.0] ep=  200  L=2.721e-01  PDE=2.560e-01  BC=9.962e-04  IC=5.953e-04
  [Adam  Re= 20.0] ep=  400  L=4.439e-02  PDE=1.676e-02  BC=1.367e-03  IC=1.373e-03
  [Adam  Re= 20.0] ep=  600  L=1.679e-01  PDE=1.498e-01  BC=1.048e-03  IC=7.423e-04
  [Adam  Re= 20.0] ep=  800  L=4.766e-02  PDE=2.186e-02  BC=1.274e-03  IC=1.289e-03
  [Adam  Re= 20.0] ep= 1000  L=1.455e-01  PDE=1.118e-01  BC=2.649e-03  IC=7.040e-04
  [Adam  Re= 20.0] ep= 1200  L=4.695e-02  PDE=2.139e-02  BC=1.215e-03  IC=1.327e-03
  [Adam  Re= 20.0] ep= 1400  L=1.061e-01  PDE=8.838e-02  BC=1.019e-03  IC=7.336e-04
  [Adam  Re= 20.0] ep= 1600  L=5.953e-02  PDE=2.856e-02  BC=1.820e-03  IC=1.258e-03
  [Adam  Re= 20.0] ep= 1800  L=1.384e-01  PDE=1.223e-01  BC=9.487e-04  IC=6.485e-04
  [Adam  Re= 20.0] ep= 2000  L=5.789e-02  PDE=3.330e-02  BC=1.198e-03  IC=1.245e-03
  [Adam  Re= 20.0] ep= 2200  L=1.698e-01  PDE=1.540e-01  BC=9.410e-04  IC=6.185e-04
  [Adam  Re= 20.0] ep= 2400  L=5.717e-02  PDE=3.305e-02  BC=1.144e-03  IC=1.252e-03
  [Adam  Re= 20.0] ep= 2600  L=1.204e-01  PDE=1.046e-01  BC=9.227e-04  IC=6.337e-04
  [Adam  Re= 20.0] ep= 2800  L=6.033e-02  PDE=3.702e-02  BC=1.118e-03  IC=1.198e-03
  [Phase 2] Custom BFGS (BFGS, max 1000 iters)
  [BFGS Re= 20.0] call=  100  L=5.588e-02
  [BFGS Re= 20.0] call=  200  L=4.794e-02
  [BFGS] converged after 217 calls.
Saved: checkpoints/pinn_Re20.pt

======================================================================
Training Re=25
======================================================================
  [Phase 1] Adam  (3000 steps)
  [Adam  Re= 25.0] ep=    0  L=2.828e-02  PDE=3.342e-03  BC=8.470e-04  IC=1.594e-03
  [Adam  Re= 25.0] ep=  200  L=3.332e-01  PDE=3.283e-01  BC=3.127e-04  IC=1.618e-04
  [Adam  Re= 25.0] ep=  400  L=3.224e-02  PDE=1.576e-02  BC=8.505e-04  IC=7.735e-04
  [Adam  Re= 25.0] ep=  600  L=1.178e-01  PDE=1.097e-01  BC=4.666e-04  IC=3.306e-04
  [Adam  Re= 25.0] ep=  800  L=4.168e-02  PDE=2.541e-02  BC=8.021e-04  IC=8.054e-04
  [Adam  Re= 25.0] ep= 1000  L=1.592e-01  PDE=1.509e-01  BC=4.836e-04  IC=3.278e-04
  [Adam  Re= 25.0] ep= 1200  L=3.560e-02  PDE=1.998e-02  BC=7.580e-04  IC=7.847e-04
  [Adam  Re= 25.0] ep= 1400  L=1.728e-01  PDE=1.659e-01  BC=4.227e-04  IC=2.504e-04
  [Adam  Re= 25.0] ep= 1600  L=4.184e-02  PDE=2.787e-02  BC=6.758e-04  IC=7.027e-04
  [Adam  Re= 25.0] ep= 1800  L=1.670e-01  PDE=1.596e-01  BC=4.491e-04  IC=2.702e-04
  [Adam  Re= 25.0] ep= 2000  L=4.257e-02  PDE=2.343e-02  BC=1.147e-03  IC=7.463e-04
  [Adam  Re= 25.0] ep= 2200  L=1.518e-01  PDE=1.448e-01  BC=4.101e-04  IC=2.757e-04
  [Adam  Re= 25.0] ep= 2400  L=4.283e-02  PDE=2.769e-02  BC=7.199e-04  IC=7.772e-04
  [Adam  Re= 25.0] ep= 2600  L=2.038e-01  PDE=1.980e-01  BC=3.693e-04  IC=1.980e-04
  [Adam  Re= 25.0] ep= 2800  L=4.383e-02  PDE=2.891e-02  BC=7.396e-04  IC=7.367e-04
  [Phase 2] Custom BFGS (BFGS, max 1000 iters)
  [BFGS Re= 25.0] call=  100  L=4.356e-02
  [BFGS Re= 25.0] call=  200  L=3.773e-02
  [BFGS] converged after 216 calls.
Saved: checkpoints/pinn_Re25.pt

======================================================================
Training Re=30
======================================================================
  [Phase 1] Adam  (3000 steps)
  [Adam  Re= 30.0] ep=    0  L=2.757e-02  PDE=3.357e-03  BC=1.634e-03  IC=7.583e-04
  [Adam  Re= 30.0] ep=  200  L=3.831e-01  PDE=3.748e-01  BC=5.521e-04  IC=2.573e-04
  [Adam  Re= 30.0] ep=  400  L=3.742e-02  PDE=1.597e-02  BC=1.143e-03  IC=9.800e-04
  [Adam  Re= 30.0] ep=  600  L=2.389e-01  PDE=2.280e-01  BC=6.630e-04  IC=4.111e-04
  [Adam  Re= 30.0] ep=  800  L=3.531e-02  PDE=1.604e-02  BC=1.006e-03  IC=9.029e-04
  [Adam  Re= 30.0] ep= 1000  L=2.025e-01  PDE=1.922e-01  BC=6.200e-04  IC=4.001e-04
  [Adam  Re= 30.0] ep= 1200  L=3.545e-02  PDE=1.781e-02  BC=8.978e-04  IC=8.495e-04
  [Adam  Re= 30.0] ep= 1400  L=1.368e-01  PDE=1.257e-01  BC=6.251e-04  IC=4.744e-04
  [Adam  Re= 30.0] ep= 1600  L=3.742e-02  PDE=1.954e-02  BC=9.276e-04  IC=8.450e-04
  [Adam  Re= 30.0] ep= 1800  L=1.857e-01  PDE=1.763e-01  BC=5.550e-04  IC=3.693e-04
  [Adam  Re= 30.0] ep= 2000  L=4.459e-02  PDE=2.802e-02  BC=8.689e-04  IC=7.692e-04
  [Adam  Re= 30.0] ep= 2200  L=3.249e-01  PDE=3.157e-01  BC=5.617e-04  IC=3.472e-04
  [Adam  Re= 30.0] ep= 2400  L=4.358e-02  PDE=2.608e-02  BC=8.855e-04  IC=8.464e-04
  [Adam  Re= 30.0] ep= 2600  L=2.247e-01  PDE=2.146e-01  BC=5.726e-04  IC=4.146e-04
  [Adam  Re= 30.0] ep= 2800  L=4.301e-02  PDE=2.627e-02  BC=8.417e-04  IC=8.133e-04
  [Phase 2] Custom BFGS (BFGS, max 1000 iters)
  [BFGS Re= 30.0] call=  100  L=4.319e-02
  [BFGS Re= 30.0] call=  200  L=3.788e-02
  [BFGS] converged after 216 calls.
Saved: checkpoints/pinn_Re30.pt

======================================================================
Training Re=35
======================================================================
  [Phase 1] Adam  (3000 steps)
  [Adam  Re= 35.0] ep=    0  L=1.615e-01  PDE=2.902e-03  BC=1.039e-03  IC=1.477e-02
  [Adam  Re= 35.0] ep=  200  L=7.702e-02  PDE=6.744e-02  BC=1.938e-04  IC=7.418e-04
  [Adam  Re= 35.0] ep=  400  L=2.397e-02  PDE=1.188e-02  BC=3.846e-04  IC=8.058e-04
  [Adam  Re= 35.0] ep=  600  L=2.953e-02  PDE=2.069e-02  BC=2.066e-04  IC=6.615e-04
  [Adam  Re= 35.0] ep=  800  L=2.221e-02  PDE=1.203e-02  BC=3.166e-04  IC=6.896e-04
  [Adam  Re= 35.0] ep= 1000  L=3.224e-02  PDE=2.410e-02  BC=1.757e-04  IC=6.270e-04
  [Adam  Re= 35.0] ep= 1200  L=2.307e-02  PDE=1.305e-02  BC=3.205e-04  IC=6.709e-04
  [Adam  Re= 35.0] ep= 1400  L=3.448e-02  PDE=2.665e-02  BC=1.610e-04  IC=6.104e-04
  [Adam  Re= 35.0] ep= 1600  L=2.193e-02  PDE=1.273e-02  BC=2.600e-04  IC=6.503e-04
  [Adam  Re= 35.0] ep= 1800  L=3.315e-02  PDE=2.543e-02  BC=1.564e-04  IC=6.044e-04
  [Adam  Re= 35.0] ep= 2000  L=2.356e-02  PDE=1.483e-02  BC=2.326e-04  IC=6.308e-04
  [Adam  Re= 35.0] ep= 2200  L=3.722e-02  PDE=2.958e-02  BC=1.580e-04  IC=5.947e-04
  [Adam  Re= 35.0] ep= 2400  L=2.171e-02  PDE=1.319e-02  BC=2.265e-04  IC=6.168e-04
  [Adam  Re= 35.0] ep= 2600  L=3.241e-02  PDE=2.476e-02  BC=1.603e-04  IC=5.946e-04
  [Adam  Re= 35.0] ep= 2800  L=2.205e-02  PDE=1.363e-02  BC=2.213e-04  IC=6.115e-04
  [Phase 2] Custom BFGS (BFGS, max 1000 iters)
  [BFGS Re= 35.0] call=  100  L=2.428e-02
  [BFGS Re= 35.0] call=  200  L=2.220e-02
  [BFGS] converged after 216 calls.
Saved: checkpoints/pinn_Re35.pt

======================================================================
Training Re=40
======================================================================
  [Phase 1] Adam  (3000 steps)
  [Adam  Re= 40.0] ep=    0  L=1.715e-02  PDE=2.482e-03  BC=6.533e-04  IC=7.673e-04
  [Adam  Re= 40.0] ep=  200  L=3.803e-02  PDE=2.804e-02  BC=3.155e-04  IC=6.744e-04
  [Adam  Re= 40.0] ep=  400  L=2.183e-02  PDE=9.631e-03  BC=4.350e-04  IC=7.753e-04
  [Adam  Re= 40.0] ep=  600  L=4.414e-02  PDE=3.423e-02  BC=2.841e-04  IC=6.982e-04
  [Adam  Re= 40.0] ep=  800  L=2.434e-02  PDE=1.268e-02  BC=4.101e-04  IC=7.470e-04
  [Adam  Re= 40.0] ep= 1000  L=5.084e-02  PDE=4.137e-02  BC=2.580e-04  IC=6.798e-04
  [Adam  Re= 40.0] ep= 1200  L=2.725e-02  PDE=1.584e-02  BC=3.965e-04  IC=7.358e-04
  [Adam  Re= 40.0] ep= 1400  L=4.470e-02  PDE=3.551e-02  BC=2.449e-04  IC=6.653e-04
  [Adam  Re= 40.0] ep= 1600  L=2.634e-02  PDE=1.521e-02  BC=3.710e-04  IC=7.348e-04
  [Adam  Re= 40.0] ep= 1800  L=5.151e-02  PDE=4.250e-02  BC=2.332e-04  IC=6.585e-04
  [Adam  Re= 40.0] ep= 2000  L=2.637e-02  PDE=1.623e-02  BC=3.155e-04  IC=6.913e-04
  [Adam  Re= 40.0] ep= 2200  L=4.261e-02  PDE=3.394e-02  BC=2.153e-04  IC=6.420e-04
  [Adam  Re= 40.0] ep= 2400  L=2.637e-02  PDE=1.614e-02  BC=3.225e-04  IC=6.927e-04
  [Adam  Re= 40.0] ep= 2600  L=3.662e-02  PDE=2.729e-02  BC=2.421e-04  IC=6.810e-04
  [Adam  Re= 40.0] ep= 2800  L=2.446e-02  PDE=1.488e-02  BC=2.989e-04  IC=6.509e-04
  [Phase 2] Custom BFGS (BFGS, max 1000 iters)
  [BFGS Re= 40.0] call=  100  L=2.549e-02
  [BFGS Re= 40.0] call=  200  L=2.413e-02
  [BFGS] converged after 216 calls.
Saved: checkpoints/pinn_Re40.pt

======================================================================
Training Re=41
======================================================================
  [Phase 1] Adam  (3000 steps)
  [Adam  Re= 41.0] ep=    0  L=1.298e-02  PDE=2.520e-03  BC=2.835e-04  IC=7.225e-04
  [Adam  Re= 41.0] ep=  200  L=3.828e-02  PDE=3.117e-02  BC=1.117e-04  IC=5.919e-04
  [Adam  Re= 41.0] ep=  400  L=1.948e-02  PDE=1.010e-02  BC=2.404e-04  IC=6.906e-04
  [Adam  Re= 41.0] ep=  600  L=2.964e-02  PDE=2.221e-02  BC=1.247e-04  IC=6.106e-04
  [Adam  Re= 41.0] ep=  800  L=2.144e-02  PDE=1.281e-02  BC=2.140e-04  IC=6.427e-04
  [Adam  Re= 41.0] ep= 1000  L=4.015e-02  PDE=3.284e-02  BC=1.294e-04  IC=5.937e-04
  [Adam  Re= 41.0] ep= 1200  L=2.436e-02  PDE=1.592e-02  BC=2.055e-04  IC=6.310e-04
  [Adam  Re= 41.0] ep= 1400  L=4.152e-02  PDE=3.420e-02  BC=1.269e-04  IC=5.964e-04
  [Adam  Re= 41.0] ep= 1600  L=2.364e-02  PDE=1.539e-02  BC=1.922e-04  IC=6.257e-04
  [Adam  Re= 41.0] ep= 1800  L=4.501e-02  PDE=3.776e-02  BC=1.308e-04  IC=5.863e-04
  [Adam  Re= 41.0] ep= 2000  L=2.464e-02  PDE=1.643e-02  BC=1.819e-04  IC=6.327e-04
  [Adam  Re= 41.0] ep= 2200  L=3.701e-02  PDE=2.946e-02  BC=1.443e-04  IC=6.038e-04
  [Adam  Re= 41.0] ep= 2400  L=2.973e-02  PDE=2.192e-02  BC=1.703e-04  IC=6.005e-04
  [Adam  Re= 41.0] ep= 2600  L=3.524e-02  PDE=2.759e-02  BC=1.460e-04  IC=6.107e-04
  [Adam  Re= 41.0] ep= 2800  L=2.726e-02  PDE=1.942e-02  BC=1.811e-04  IC=5.956e-04
  [Phase 2] Custom BFGS (BFGS, max 1000 iters)
  [BFGS Re= 41.0] call=  100  L=2.000e-02
  [BFGS Re= 41.0] call=  200  L=2.271e-02
  [BFGS] converged after 216 calls.
Saved: checkpoints/pinn_Re41.pt

======================================================================
Training Re=42
======================================================================
  [Phase 1] Adam  (3000 steps)
  [Adam  Re= 42.0] ep=    0  L=1.113e-02  PDE=1.888e-03  BC=1.944e-04  IC=6.803e-04
  [Adam  Re= 42.0] ep=  200  L=2.839e-02  PDE=2.210e-02  BC=9.211e-05  IC=5.293e-04
  [Adam  Re= 42.0] ep=  400  L=1.746e-02  PDE=9.435e-03  BC=1.977e-04  IC=5.967e-04
  [Adam  Re= 42.0] ep=  600  L=2.713e-02  PDE=2.041e-02  BC=1.054e-04  IC=5.598e-04
  [Adam  Re= 42.0] ep=  800  L=2.418e-02  PDE=1.676e-02  BC=1.682e-04  IC=5.654e-04
  [Adam  Re= 42.0] ep= 1000  L=3.378e-02  PDE=2.718e-02  BC=1.086e-04  IC=5.459e-04
  [Adam  Re= 42.0] ep= 1200  L=2.903e-02  PDE=2.174e-02  BC=1.548e-04  IC=5.659e-04
  [Adam  Re= 42.0] ep= 1400  L=3.743e-02  PDE=3.091e-02  BC=9.988e-05  IC=5.454e-04
  [Adam  Re= 42.0] ep= 1600  L=3.580e-02  PDE=2.879e-02  BC=1.437e-04  IC=5.485e-04
  [Adam  Re= 42.0] ep= 1800  L=3.509e-02  PDE=2.860e-02  BC=1.023e-04  IC=5.408e-04
  [Adam  Re= 42.0] ep= 2000  L=3.588e-02  PDE=2.890e-02  BC=1.401e-04  IC=5.491e-04
  [Adam  Re= 42.0] ep= 2200  L=3.252e-02  PDE=2.607e-02  BC=1.042e-04  IC=5.352e-04
  [Adam  Re= 42.0] ep= 2400  L=3.545e-02  PDE=2.864e-02  BC=1.205e-04  IC=5.521e-04
  [Adam  Re= 42.0] ep= 2600  L=3.158e-02  PDE=2.525e-02  BC=1.059e-04  IC=5.204e-04
  [Adam  Re= 42.0] ep= 2800  L=3.369e-02  PDE=2.722e-02  BC=1.114e-04  IC=5.274e-04
  [Phase 2] Custom BFGS (BFGS, max 1000 iters)
  [BFGS Re= 42.0] call=  100  L=1.671e-02
  [BFGS Re= 42.0] call=  200  L=2.188e-02
  [BFGS] converged after 216 calls.
Saved: checkpoints/pinn_Re42.pt

======================================================================
Training Re=43
======================================================================
  [Phase 1] Adam  (3000 steps)
  [Adam  Re= 43.0] ep=    0  L=1.333e-02  PDE=1.886e-03  BC=4.184e-04  IC=7.066e-04
  [Adam  Re= 43.0] ep=  200  L=2.870e-02  PDE=2.183e-02  BC=1.411e-04  IC=5.390e-04
  [Adam  Re= 43.0] ep=  400  L=1.854e-02  PDE=9.447e-03  BC=2.674e-04  IC=6.338e-04
  [Adam  Re= 43.0] ep=  600  L=2.499e-02  PDE=1.769e-02  BC=1.600e-04  IC=5.617e-04
  [Adam  Re= 43.0] ep=  800  L=1.817e-02  PDE=9.242e-03  BC=2.637e-04  IC=6.209e-04
  [Adam  Re= 43.0] ep= 1000  L=2.713e-02  PDE=2.006e-02  BC=1.526e-04  IC=5.466e-04
  [Adam  Re= 43.0] ep= 1200  L=2.515e-02  PDE=1.729e-02  BC=1.990e-04  IC=5.792e-04
  [Adam  Re= 43.0] ep= 1400  L=2.735e-02  PDE=2.011e-02  BC=1.546e-04  IC=5.611e-04
  [Adam  Re= 43.0] ep= 1600  L=2.952e-02  PDE=2.185e-02  BC=1.889e-04  IC=5.689e-04
  [Adam  Re= 43.0] ep= 1800  L=2.966e-02  PDE=2.237e-02  BC=1.559e-04  IC=5.661e-04
  [Adam  Re= 43.0] ep= 2000  L=3.325e-02  PDE=2.591e-02  BC=1.665e-04  IC=5.570e-04
  [Adam  Re= 43.0] ep= 2200  L=3.178e-02  PDE=2.461e-02  BC=1.575e-04  IC=5.519e-04
  [Adam  Re= 43.0] ep= 2400  L=3.672e-02  PDE=2.945e-02  BC=1.712e-04  IC=5.467e-04
  [Adam  Re= 43.0] ep= 2600  L=2.873e-02  PDE=2.134e-02  BC=1.631e-04  IC=5.674e-04
  [Adam  Re= 43.0] ep= 2800  L=4.026e-02  PDE=3.213e-02  BC=2.112e-04  IC=5.842e-04
  [Phase 2] Custom BFGS (BFGS, max 1000 iters)
  [BFGS Re= 43.0] call=  100  L=1.717e-02
  [BFGS Re= 43.0] call=  200  L=2.294e-02
  [BFGS] converged after 216 calls.
Saved: checkpoints/pinn_Re43.pt

======================================================================
Training Re=44
======================================================================
  [Phase 1] Adam  (3000 steps)
  [Adam  Re= 44.0] ep=    0  L=1.088e-02  PDE=1.665e-03  BC=3.734e-04  IC=5.243e-04
  [Adam  Re= 44.0] ep=  200  L=2.908e-02  PDE=2.294e-02  BC=1.305e-04  IC=4.736e-04
  [Adam  Re= 44.0] ep=  400  L=1.743e-02  PDE=9.127e-03  BC=2.406e-04  IC=5.810e-04
  [Adam  Re= 44.0] ep=  600  L=2.034e-02  PDE=1.397e-02  BC=1.249e-04  IC=5.036e-04
  [Adam  Re= 44.0] ep=  800  L=1.831e-02  PDE=1.049e-02  BC=2.128e-04  IC=5.604e-04
  [Adam  Re= 44.0] ep= 1000  L=2.611e-02  PDE=1.988e-02  BC=1.188e-04  IC=4.967e-04
  [Adam  Re= 44.0] ep= 1200  L=2.534e-02  PDE=1.796e-02  BC=1.729e-04  IC=5.571e-04
  [Adam  Re= 44.0] ep= 1400  L=3.080e-02  PDE=2.444e-02  BC=1.277e-04  IC=5.000e-04
  [Adam  Re= 44.0] ep= 1600  L=2.883e-02  PDE=2.226e-02  BC=1.295e-04  IC=5.203e-04
  [Adam  Re= 44.0] ep= 1800  L=3.143e-02  PDE=2.527e-02  BC=1.124e-04  IC=4.956e-04
  [Adam  Re= 44.0] ep= 2000  L=3.848e-02  PDE=3.201e-02  BC=1.257e-04  IC=5.117e-04
  [Adam  Re= 44.0] ep= 2200  L=3.375e-02  PDE=2.741e-02  BC=1.175e-04  IC=5.083e-04
  [Adam  Re= 44.0] ep= 2400  L=4.152e-02  PDE=3.543e-02  BC=1.202e-04  IC=4.806e-04
  [Adam  Re= 44.0] ep= 2600  L=3.175e-02  PDE=2.552e-02  BC=1.109e-04  IC=5.021e-04
  [Adam  Re= 44.0] ep= 2800  L=3.402e-02  PDE=2.780e-02  BC=1.124e-04  IC=5.021e-04
  [Phase 2] Custom BFGS (BFGS, max 1000 iters)
  [BFGS Re= 44.0] call=  100  L=1.887e-02
  [BFGS Re= 44.0] call=  200  L=2.776e-02
  [BFGS] converged after 216 calls.
Saved: checkpoints/pinn_Re44.pt

======================================================================
Training Re=45
======================================================================
  [Phase 1] Adam  (3000 steps)
  [Adam  Re= 45.0] ep=    0  L=1.197e-02  PDE=2.627e-03  BC=3.139e-04  IC=5.890e-04
  [Adam  Re= 45.0] ep=  200  L=5.559e-02  PDE=4.939e-02  BC=1.004e-04  IC=5.107e-04
  [Adam  Re= 45.0] ep=  400  L=1.873e-02  PDE=8.158e-03  BC=3.755e-04  IC=6.749e-04
  [Adam  Re= 45.0] ep=  600  L=3.787e-02  PDE=3.117e-02  BC=1.167e-04  IC=5.434e-04
  [Adam  Re= 45.0] ep=  800  L=2.022e-02  PDE=1.217e-02  BC=1.888e-04  IC=6.087e-04
  [Adam  Re= 45.0] ep= 1000  L=4.023e-02  PDE=3.357e-02  BC=1.141e-04  IC=5.438e-04
  [Adam  Re= 45.0] ep= 1200  L=2.698e-02  PDE=1.940e-02  BC=1.666e-04  IC=5.832e-04
  [Adam  Re= 45.0] ep= 1400  L=3.461e-02  PDE=2.782e-02  BC=1.250e-04  IC=5.463e-04
  [Adam  Re= 45.0] ep= 1600  L=3.319e-02  PDE=2.599e-02  BC=1.403e-04  IC=5.709e-04
  [Adam  Re= 45.0] ep= 1800  L=3.458e-02  PDE=2.789e-02  BC=1.259e-04  IC=5.364e-04
  [Adam  Re= 45.0] ep= 2000  L=3.135e-02  PDE=2.476e-02  BC=1.216e-04  IC=5.296e-04
  [Adam  Re= 45.0] ep= 2200  L=3.850e-02  PDE=3.131e-02  BC=1.709e-04  IC=5.400e-04
  [Adam  Re= 45.0] ep= 2400  L=3.043e-02  PDE=2.407e-02  BC=1.048e-04  IC=5.233e-04
  [Adam  Re= 45.0] ep= 2600  L=3.286e-02  PDE=2.638e-02  BC=1.160e-04  IC=5.238e-04
  [Adam  Re= 45.0] ep= 2800  L=3.165e-02  PDE=2.563e-02  BC=9.399e-05  IC=4.995e-04
  [Phase 2] Custom BFGS (BFGS, max 1000 iters)
  [BFGS Re= 45.0] call=  100  L=1.714e-02
  [BFGS Re= 45.0] call=  200  L=2.306e-02
  [BFGS] converged after 216 calls.
Saved: checkpoints/pinn_Re45.pt

======================================================================
Training Re=46
======================================================================
  [Phase 1] Adam  (3000 steps)
  [Adam  Re= 46.0] ep=    0  L=1.820e-01  PDE=1.932e-03  BC=1.244e-04  IC=1.784e-02
  [Adam  Re= 46.0] ep=  200  L=9.187e-01  PDE=9.128e-01  BC=2.951e-04  IC=2.862e-04
  [Adam  Re= 46.0] ep=  400  L=3.743e-02  PDE=1.527e-02  BC=9.129e-04  IC=1.265e-03
  [Adam  Re= 46.0] ep=  600  L=1.674e-01  PDE=1.584e-01  BC=4.498e-04  IC=4.372e-04
  [Adam  Re= 46.0] ep=  800  L=3.792e-02  PDE=2.219e-02  BC=7.002e-04  IC=8.339e-04
  [Adam  Re= 46.0] ep= 1000  L=1.027e-01  PDE=9.450e-02  BC=4.012e-04  IC=4.033e-04
  [Adam  Re= 46.0] ep= 1200  L=4.170e-02  PDE=2.942e-02  BC=5.737e-04  IC=6.167e-04
  [Adam  Re= 46.0] ep= 1400  L=1.236e-01  PDE=1.156e-01  BC=3.794e-04  IC=4.026e-04
  [Adam  Re= 46.0] ep= 1600  L=4.830e-02  PDE=3.679e-02  BC=5.317e-04  IC=5.889e-04
  [Adam  Re= 46.0] ep= 1800  L=1.002e-01  PDE=9.194e-02  BC=3.794e-04  IC=4.274e-04
  [Adam  Re= 46.0] ep= 2000  L=4.297e-02  PDE=3.192e-02  BC=5.208e-04  IC=5.547e-04
  [Adam  Re= 46.0] ep= 2200  L=8.971e-02  PDE=8.169e-02  BC=3.874e-04  IC=3.959e-04
  [Adam  Re= 46.0] ep= 2400  L=4.909e-02  PDE=3.906e-02  BC=4.635e-04  IC=5.143e-04
  [Adam  Re= 46.0] ep= 2600  L=9.021e-02  PDE=8.229e-02  BC=3.724e-04  IC=4.019e-04
  [Adam  Re= 46.0] ep= 2800  L=5.587e-02  PDE=4.727e-02  BC=4.044e-04  IC=4.317e-04
  [Phase 2] Custom BFGS (BFGS, max 1000 iters)
  [BFGS Re= 46.0] call=  100  L=2.919e-02
  [BFGS Re= 46.0] call=  200  L=3.502e-02
  [BFGS] converged after 216 calls.
Saved: checkpoints/pinn_Re46.pt

======================================================================
Training Re=47
======================================================================
  [Phase 1] Adam  (3000 steps)
  [Adam  Re= 47.0] ep=    0  L=2.191e-02  PDE=2.696e-03  BC=1.146e-03  IC=7.288e-04
  [Adam  Re= 47.0] ep=  200  L=3.076e-01  PDE=2.974e-01  BC=6.018e-04  IC=3.981e-04
  [Adam  Re= 47.0] ep=  400  L=3.469e-02  PDE=1.584e-02  BC=8.904e-04  IC=9.788e-04
  [Adam  Re= 47.0] ep=  600  L=1.304e-01  PDE=1.186e-01  BC=6.198e-04  IC=5.467e-04
  [Adam  Re= 47.0] ep=  800  L=3.826e-02  PDE=2.197e-02  BC=7.726e-04  IC=8.372e-04
  [Adam  Re= 47.0] ep= 1000  L=1.149e-01  PDE=1.017e-01  BC=7.285e-04  IC=5.716e-04
  [Adam  Re= 47.0] ep= 1200  L=4.296e-02  PDE=2.801e-02  BC=7.265e-04  IC=7.517e-04
  [Adam  Re= 47.0] ep= 1400  L=1.312e-01  PDE=1.191e-01  BC=5.902e-04  IC=5.979e-04
  [Adam  Re= 47.0] ep= 1600  L=4.236e-02  PDE=2.809e-02  BC=6.927e-04  IC=7.170e-04
  [Adam  Re= 47.0] ep= 1800  L=9.648e-02  PDE=8.528e-02  BC=5.473e-04  IC=5.509e-04
  [Adam  Re= 47.0] ep= 2000  L=4.452e-02  PDE=3.161e-02  BC=6.342e-04  IC=6.393e-04
  [Adam  Re= 47.0] ep= 2200  L=7.896e-02  PDE=6.751e-02  BC=5.703e-04  IC=5.587e-04
  [Adam  Re= 47.0] ep= 2400  L=4.893e-02  PDE=3.653e-02  BC=6.257e-04  IC=5.979e-04
  [Adam  Re= 47.0] ep= 2600  L=6.428e-02  PDE=5.209e-02  BC=6.038e-04  IC=6.024e-04
  [Adam  Re= 47.0] ep= 2800  L=4.449e-02  PDE=3.248e-02  BC=5.793e-04  IC=6.027e-04
  [Phase 2] Custom BFGS (BFGS, max 1000 iters)
  [BFGS Re= 47.0] call=  100  L=2.973e-02
  [BFGS Re= 47.0] call=  200  L=3.371e-02
  [BFGS] converged after 216 calls.
Saved: checkpoints/pinn_Re47.pt

======================================================================
Training Re=48
======================================================================
  [Phase 1] Adam  (3000 steps)
  [Adam  Re= 48.0] ep=    0  L=2.784e-02  PDE=2.683e-03  BC=1.741e-03  IC=7.344e-04
  [Adam  Re= 48.0] ep=  200  L=6.130e-01  PDE=6.053e-01  BC=3.939e-04  IC=3.665e-04
  [Adam  Re= 48.0] ep=  400  L=3.774e-02  PDE=2.050e-02  BC=7.395e-04  IC=9.654e-04
  [Adam  Re= 48.0] ep=  600  L=1.402e-01  PDE=1.294e-01  BC=4.885e-04  IC=5.731e-04
  [Adam  Re= 48.0] ep=  800  L=5.795e-02  PDE=4.271e-02  BC=6.400e-04  IC=8.673e-04
  [Adam  Re= 48.0] ep= 1000  L=9.579e-02  PDE=8.441e-02  BC=5.037e-04  IC=6.206e-04
  [Adam  Re= 48.0] ep= 1200  L=4.254e-02  PDE=2.897e-02  BC=5.831e-04  IC=7.567e-04
  [Adam  Re= 48.0] ep= 1400  L=1.038e-01  PDE=9.324e-02  BC=4.929e-04  IC=5.467e-04
  [Adam  Re= 48.0] ep= 1600  L=4.300e-02  PDE=3.044e-02  BC=5.486e-04  IC=6.886e-04
  [Adam  Re= 48.0] ep= 1800  L=1.033e-01  PDE=9.307e-02  BC=4.625e-04  IC=5.405e-04
  [Adam  Re= 48.0] ep= 2000  L=4.295e-02  PDE=3.149e-02  BC=5.242e-04  IC=6.040e-04
  [Adam  Re= 48.0] ep= 2200  L=7.682e-02  PDE=6.662e-02  BC=4.796e-04  IC=5.238e-04
  [Adam  Re= 48.0] ep= 2400  L=5.281e-02  PDE=4.231e-02  BC=4.877e-04  IC=5.470e-04
  [Adam  Re= 48.0] ep= 2600  L=7.205e-02  PDE=6.150e-02  BC=4.593e-04  IC=5.819e-04
  [Adam  Re= 48.0] ep= 2800  L=4.794e-02  PDE=3.731e-02  BC=4.945e-04  IC=5.532e-04
  [Phase 2] Custom BFGS (BFGS, max 1000 iters)
  [BFGS Re= 48.0] call=  100  L=3.035e-02
  [BFGS Re= 48.0] call=  200  L=3.490e-02
  [BFGS] converged after 216 calls.
Saved: checkpoints/pinn_Re48.pt

======================================================================
Training Re=49
======================================================================
  [Phase 1] Adam  (3000 steps)
  [Adam  Re= 49.0] ep=    0  L=3.412e-02  PDE=2.630e-03  BC=2.261e-03  IC=8.432e-04
  [Adam  Re= 49.0] ep=  200  L=5.443e-01  PDE=5.349e-01  BC=4.829e-04  IC=4.418e-04
  [Adam  Re= 49.0] ep=  400  L=3.305e-02  PDE=1.343e-02  BC=7.134e-04  IC=1.226e-03
  [Adam  Re= 49.0] ep=  600  L=1.199e-01  PDE=1.070e-01  BC=5.425e-04  IC=7.389e-04
  [Adam  Re= 49.0] ep=  800  L=4.023e-02  PDE=2.266e-02  BC=6.315e-04  IC=1.107e-03
  [Adam  Re= 49.0] ep= 1000  L=1.676e-01  PDE=1.546e-01  BC=5.070e-04  IC=7.806e-04
  [Adam  Re= 49.0] ep= 1200  L=4.330e-02  PDE=2.765e-02  BC=5.679e-04  IC=9.794e-04
  [Adam  Re= 49.0] ep= 1400  L=1.469e-01  PDE=1.342e-01  BC=4.888e-04  IC=7.673e-04
  [Adam  Re= 49.0] ep= 1600  L=5.339e-02  PDE=3.886e-02  BC=5.417e-04  IC=8.958e-04
  [Adam  Re= 49.0] ep= 1800  L=1.600e-01  PDE=1.482e-01  BC=4.805e-04  IC=6.827e-04
  [Adam  Re= 49.0] ep= 2000  L=4.467e-02  PDE=2.962e-02  BC=5.615e-04  IC=9.220e-04
  [Adam  Re= 49.0] ep= 2200  L=1.069e-01  PDE=9.575e-02  BC=4.255e-04  IC=6.726e-04
  [Adam  Re= 49.0] ep= 2400  L=4.461e-02  PDE=3.052e-02  BC=5.002e-04  IC=8.905e-04
  [Adam  Re= 49.0] ep= 2600  L=1.530e-01  PDE=1.415e-01  BC=4.226e-04  IC=7.134e-04
  [Adam  Re= 49.0] ep= 2800  L=5.422e-02  PDE=4.113e-02  BC=4.980e-04  IC=7.933e-04
  [Phase 2] Custom BFGS (BFGS, max 1000 iters)
  [BFGS Re= 49.0] call=  100  L=3.302e-02
  [BFGS Re= 49.0] call=  200  L=4.176e-02
  [BFGS] converged after 216 calls.
Saved: checkpoints/pinn_Re49.pt

======================================================================
Training Re=50
======================================================================
  [Phase 1] Adam  (3000 steps)
  [Adam  Re= 50.0] ep=    0  L=2.324e-02  PDE=2.240e-03  BC=9.474e-04  IC=1.100e-03
  [Adam  Re= 50.0] ep=  200  L=2.758e-01  PDE=2.689e-01  BC=3.521e-04  IC=3.196e-04
  [Adam  Re= 50.0] ep=  400  L=3.025e-02  PDE=1.327e-02  BC=7.300e-04  IC=9.491e-04
  [Adam  Re= 50.0] ep=  600  L=2.122e-01  PDE=2.042e-01  BC=3.514e-04  IC=4.431e-04
  [Adam  Re= 50.0] ep=  800  L=3.232e-02  PDE=1.811e-02  BC=6.058e-04  IC=7.970e-04
  [Adam  Re= 50.0] ep= 1000  L=9.467e-02  PDE=8.522e-02  BC=4.135e-04  IC=5.175e-04
  [Adam  Re= 50.0] ep= 1200  L=3.436e-02  PDE=2.243e-02  BC=4.895e-04  IC=6.882e-04
  [Adam  Re= 50.0] ep= 1400  L=1.227e-01  PDE=1.147e-01  BC=3.468e-04  IC=4.463e-04
  [Adam  Re= 50.0] ep= 1600  L=5.341e-02  PDE=4.293e-02  BC=4.385e-04  IC=5.939e-04
  [Adam  Re= 50.0] ep= 1800  L=1.280e-01  PDE=1.196e-01  BC=3.569e-04  IC=4.636e-04
  [Adam  Re= 50.0] ep= 2000  L=4.573e-02  PDE=3.456e-02  BC=4.806e-04  IC=6.165e-04
  [Adam  Re= 50.0] ep= 2200  L=8.339e-02  PDE=7.464e-02  BC=3.749e-04  IC=4.841e-04
  [Adam  Re= 50.0] ep= 2400  L=4.383e-02  PDE=3.404e-02  BC=4.167e-04  IC=5.449e-04
  [Adam  Re= 50.0] ep= 2600  L=8.195e-02  PDE=7.319e-02  BC=3.650e-04  IC=4.977e-04
  [Adam  Re= 50.0] ep= 2800  L=4.730e-02  PDE=3.822e-02  BC=3.841e-04  IC=5.091e-04
  [Phase 2] Custom BFGS (BFGS, max 1000 iters)
  [BFGS Re= 50.0] call=  100  L=3.042e-02
  [BFGS Re= 50.0] call=  200  L=3.765e-02
  [BFGS] converged after 216 calls.
Saved: checkpoints/pinn_Re50.pt

======================================================================
Training Re=51
======================================================================
  [Phase 1] Adam  (3000 steps)
  [Adam  Re= 51.0] ep=    0  L=2.130e-02  PDE=2.665e-03  BC=1.078e-03  IC=7.417e-04
  [Adam  Re= 51.0] ep=  200  L=2.765e-01  PDE=2.689e-01  BC=4.031e-04  IC=3.432e-04
  [Adam  Re= 51.0] ep=  400  L=3.253e-02  PDE=1.715e-02  BC=5.960e-04  IC=9.255e-04
  [Adam  Re= 51.0] ep=  600  L=8.387e-02  PDE=7.460e-02  BC=3.988e-04  IC=5.122e-04
  [Adam  Re= 51.0] ep=  800  L=3.832e-02  PDE=2.508e-02  BC=5.000e-04  IC=8.105e-04
  [Adam  Re= 51.0] ep= 1000  L=8.316e-02  PDE=7.327e-02  BC=3.904e-04  IC=5.816e-04
  [Adam  Re= 51.0] ep= 1200  L=4.743e-02  PDE=3.471e-02  BC=4.489e-04  IC=8.061e-04
  [Adam  Re= 51.0] ep= 1400  L=5.344e-02  PDE=4.317e-02  BC=3.912e-04  IC=6.222e-04
  [Adam  Re= 51.0] ep= 1600  L=4.862e-02  PDE=3.747e-02  BC=4.091e-04  IC=6.882e-04
  [Adam  Re= 51.0] ep= 1800  L=4.261e-02  PDE=3.253e-02  BC=3.800e-04  IC=6.134e-04
  [Adam  Re= 51.0] ep= 2000  L=5.822e-02  PDE=4.829e-02  BC=3.863e-04  IC=5.927e-04
  [Adam  Re= 51.0] ep= 2200  L=4.361e-02  PDE=3.253e-02  BC=4.077e-04  IC=6.850e-04
  [Adam  Re= 51.0] ep= 2400  L=5.321e-02  PDE=4.336e-02  BC=3.991e-04  IC=5.706e-04
  [Adam  Re= 51.0] ep= 2600  L=5.149e-02  PDE=4.138e-02  BC=3.835e-04  IC=6.163e-04
  [Adam  Re= 51.0] ep= 2800  L=4.665e-02  PDE=3.642e-02  BC=3.600e-04  IC=6.466e-04
  [Phase 2] Custom BFGS (BFGS, max 1000 iters)
  [BFGS Re= 51.0] call=  100  L=3.137e-02
  [BFGS Re= 51.0] call=  200  L=4.124e-02
  [BFGS] converged after 216 calls.
Saved: checkpoints/pinn_Re51.pt

======================================================================
Training Re=52
======================================================================
  [Phase 1] Adam  (3000 steps)
  [Adam  Re= 52.0] ep=    0  L=4.571e-02  PDE=2.844e-03  BC=3.334e-03  IC=9.212e-04
  [Adam  Re= 52.0] ep=  200  L=3.048e-01  PDE=2.993e-01  BC=2.426e-04  IC=2.961e-04
  [Adam  Re= 52.0] ep=  400  L=3.358e-02  PDE=1.753e-02  BC=5.501e-04  IC=1.039e-03
  [Adam  Re= 52.0] ep=  600  L=9.832e-02  PDE=8.990e-02  BC=3.183e-04  IC=5.104e-04
  [Adam  Re= 52.0] ep=  800  L=3.211e-02  PDE=1.871e-02  BC=4.818e-04  IC=8.440e-04
  [Adam  Re= 52.0] ep= 1000  L=1.288e-01  PDE=1.214e-01  BC=2.854e-04  IC=4.456e-04
  [Adam  Re= 52.0] ep= 1200  L=3.938e-02  PDE=2.880e-02  BC=3.846e-04  IC=6.617e-04
  [Adam  Re= 52.0] ep= 1400  L=7.780e-02  PDE=6.930e-02  BC=3.531e-04  IC=4.866e-04
  [Adam  Re= 52.0] ep= 1600  L=6.777e-02  PDE=5.934e-02  BC=3.406e-04  IC=4.904e-04
  [Adam  Re= 52.0] ep= 1800  L=7.553e-02  PDE=6.505e-02  BC=4.201e-04  IC=6.170e-04
  [Adam  Re= 52.0] ep= 2000  L=5.563e-02  PDE=4.795e-02  BC=3.158e-04  IC=4.397e-04
  [Adam  Re= 52.0] ep= 2200  L=9.677e-02  PDE=8.746e-02  BC=3.543e-04  IC=5.634e-04
  [Adam  Re= 52.0] ep= 2400  L=4.793e-02  PDE=3.914e-02  BC=3.424e-04  IC=5.250e-04
  [Adam  Re= 52.0] ep= 2600  L=7.453e-02  PDE=6.626e-02  BC=3.238e-04  IC=4.930e-04
  [Adam  Re= 52.0] ep= 2800  L=4.833e-02  PDE=4.001e-02  BC=3.322e-04  IC=4.848e-04
  [Phase 2] Custom BFGS (BFGS, max 1000 iters)
  [BFGS Re= 52.0] call=  100  L=3.151e-02
  [BFGS Re= 52.0] call=  200  L=3.977e-02
  [BFGS] converged after 216 calls.
Saved: checkpoints/pinn_Re52.pt

======================================================================
Training Re=53
======================================================================
  [Phase 1] Adam  (3000 steps)
  [Adam  Re= 53.0] ep=    0  L=1.542e-02  PDE=2.711e-03  BC=5.691e-04  IC=6.583e-04
  [Adam  Re= 53.0] ep=  200  L=1.660e-01  PDE=1.617e-01  BC=1.724e-04  IC=2.426e-04
  [Adam  Re= 53.0] ep=  400  L=2.737e-02  PDE=1.522e-02  BC=4.977e-04  IC=7.050e-04
  [Adam  Re= 53.0] ep=  600  L=1.091e-01  PDE=1.029e-01  BC=2.419e-04  IC=3.691e-04
  [Adam  Re= 53.0] ep=  800  L=4.424e-02  PDE=3.412e-02  BC=4.455e-04  IC=5.547e-04
  [Adam  Re= 53.0] ep= 1000  L=8.832e-02  PDE=8.161e-02  BC=2.640e-04  IC=3.980e-04
  [Adam  Re= 53.0] ep= 1200  L=3.849e-02  PDE=3.032e-02  BC=3.248e-04  IC=4.809e-04
  [Adam  Re= 53.0] ep= 1400  L=8.571e-02  PDE=7.849e-02  BC=3.088e-04  IC=4.049e-04
  [Adam  Re= 53.0] ep= 1600  L=4.980e-02  PDE=4.263e-02  BC=2.973e-04  IC=4.057e-04
  [Adam  Re= 53.0] ep= 1800  L=9.631e-02  PDE=8.903e-02  BC=3.185e-04  IC=4.013e-04
  [Adam  Re= 53.0] ep= 2000  L=3.944e-02  PDE=3.109e-02  BC=3.340e-04  IC=4.901e-04
  [Adam  Re= 53.0] ep= 2200  L=8.008e-02  PDE=7.392e-02  BC=2.470e-04  IC=3.608e-04
  [Adam  Re= 53.0] ep= 2400  L=4.752e-02  PDE=4.053e-02  BC=2.817e-04  IC=4.076e-04
  [Adam  Re= 53.0] ep= 2600  L=1.349e-01  PDE=1.284e-01  BC=2.628e-04  IC=3.869e-04
  [Adam  Re= 53.0] ep= 2800  L=4.507e-02  PDE=3.701e-02  BC=3.402e-04  IC=4.566e-04
  [Phase 2] Custom BFGS (BFGS, max 1000 iters)
  [BFGS Re= 53.0] call=  100  L=2.818e-02
  [BFGS Re= 53.0] call=  200  L=2.989e-02
  [BFGS] converged after 216 calls.
Saved: checkpoints/pinn_Re53.pt

======================================================================
Training Re=54
======================================================================
  [Phase 1] Adam  (3000 steps)
  [Adam  Re= 54.0] ep=    0  L=2.396e-02  PDE=2.215e-03  BC=1.568e-03  IC=5.688e-04
  [Adam  Re= 54.0] ep=  200  L=2.420e-01  PDE=2.368e-01  BC=2.375e-04  IC=2.674e-04
  [Adam  Re= 54.0] ep=  400  L=2.809e-02  PDE=1.472e-02  BC=4.912e-04  IC=8.357e-04
  [Adam  Re= 54.0] ep=  600  L=9.556e-02  PDE=8.732e-02  BC=2.988e-04  IC=5.142e-04
  [Adam  Re= 54.0] ep=  800  L=3.285e-02  PDE=2.198e-02  BC=4.282e-04  IC=6.484e-04
  [Adam  Re= 54.0] ep= 1000  L=6.662e-02  PDE=5.892e-02  BC=3.003e-04  IC=4.606e-04
  [Adam  Re= 54.0] ep= 1200  L=3.579e-02  PDE=2.622e-02  BC=3.479e-04  IC=5.971e-04
  [Adam  Re= 54.0] ep= 1400  L=1.636e-01  PDE=1.569e-01  BC=2.688e-04  IC=3.960e-04
  [Adam  Re= 54.0] ep= 1600  L=3.648e-02  PDE=2.685e-02  BC=3.524e-04  IC=5.988e-04
  [Adam  Re= 54.0] ep= 1800  L=1.747e-01  PDE=1.674e-01  BC=2.683e-04  IC=4.607e-04
  [Adam  Re= 54.0] ep= 2000  L=3.912e-02  PDE=2.896e-02  BC=3.702e-04  IC=6.354e-04
  [Adam  Re= 54.0] ep= 2200  L=1.062e-01  PDE=9.936e-02  BC=2.564e-04  IC=4.210e-04
  [Adam  Re= 54.0] ep= 2400  L=4.632e-02  PDE=3.763e-02  BC=3.324e-04  IC=5.256e-04
  [Adam  Re= 54.0] ep= 2600  L=6.624e-02  PDE=5.874e-02  BC=2.791e-04  IC=4.634e-04
  [Adam  Re= 54.0] ep= 2800  L=3.737e-02  PDE=2.882e-02  BC=3.319e-04  IC=5.088e-04
  [Phase 2] Custom BFGS (BFGS, max 1000 iters)
  [BFGS Re= 54.0] call=  100  L=3.032e-02
  [BFGS Re= 54.0] call=  200  L=4.906e-02
  [BFGS] converged after 215 calls.
Saved: checkpoints/pinn_Re54.pt

======================================================================
Training Re=55
======================================================================
  [Phase 1] Adam  (3000 steps)
  [Adam  Re= 55.0] ep=    0  L=2.271e-02  PDE=2.177e-03  BC=9.758e-04  IC=1.046e-03
  [Adam  Re= 55.0] ep=  200  L=3.437e-01  PDE=3.340e-01  BC=4.822e-04  IC=4.750e-04
  [Adam  Re= 55.0] ep=  400  L=4.636e-02  PDE=2.827e-02  BC=7.916e-04  IC=1.003e-03
  [Adam  Re= 55.0] ep=  600  L=7.300e-02  PDE=6.079e-02  BC=5.573e-04  IC=6.530e-04
  [Adam  Re= 55.0] ep=  800  L=3.750e-02  PDE=2.168e-02  BC=6.853e-04  IC=8.841e-04
  [Adam  Re= 55.0] ep= 1000  L=1.703e-01  PDE=1.594e-01  BC=4.963e-04  IC=5.843e-04
  [Adam  Re= 55.0] ep= 1200  L=3.670e-02  PDE=2.160e-02  BC=6.595e-04  IC=8.376e-04
  [Adam  Re= 55.0] ep= 1400  L=1.087e-01  PDE=9.750e-02  BC=4.993e-04  IC=6.070e-04
  [Adam  Re= 55.0] ep= 1600  L=5.199e-02  PDE=3.799e-02  BC=5.916e-04  IC=7.945e-04
  [Adam  Re= 55.0] ep= 1800  L=1.034e-01  PDE=9.179e-02  BC=4.655e-04  IC=6.855e-04
  [Adam  Re= 55.0] ep= 2000  L=4.582e-02  PDE=3.199e-02  BC=6.064e-04  IC=7.642e-04
  [Adam  Re= 55.0] ep= 2200  L=1.754e-01  PDE=1.643e-01  BC=5.014e-04  IC=5.971e-04
  [Adam  Re= 55.0] ep= 2400  L=3.309e-02  PDE=1.892e-02  BC=5.797e-04  IC=8.244e-04
  [Adam  Re= 55.0] ep= 2600  L=7.115e-02  PDE=6.055e-02  BC=4.653e-04  IC=5.823e-04
  [Adam  Re= 55.0] ep= 2800  L=4.958e-02  PDE=3.551e-02  BC=6.057e-04  IC=7.883e-04
  [Phase 2] Custom BFGS (BFGS, max 1000 iters)
  [BFGS Re= 55.0] call=  100  L=3.454e-02
  [BFGS Re= 55.0] call=  200  L=3.551e-02
  [BFGS] converged after 216 calls.
Saved: checkpoints/pinn_Re55.pt

======================================================================
Training Re=56
======================================================================
  [Phase 1] Adam  (3000 steps)
  [Adam  Re= 56.0] ep=    0  L=2.645e-02  PDE=1.639e-03  BC=1.564e-03  IC=8.819e-04
  [Adam  Re= 56.0] ep=  200  L=8.377e-01  PDE=8.303e-01  BC=3.992e-04  IC=3.334e-04
  [Adam  Re= 56.0] ep=  400  L=3.948e-02  PDE=2.103e-02  BC=8.258e-04  IC=1.004e-03
  [Adam  Re= 56.0] ep=  600  L=7.099e-02  PDE=5.871e-02  BC=5.225e-04  IC=6.918e-04
  [Adam  Re= 56.0] ep=  800  L=4.277e-02  PDE=2.882e-02  BC=5.609e-04  IC=8.207e-04
  [Adam  Re= 56.0] ep= 1000  L=6.153e-02  PDE=4.924e-02  BC=5.270e-04  IC=6.878e-04
  [Adam  Re= 56.0] ep= 1200  L=5.078e-02  PDE=3.832e-02  BC=5.070e-04  IC=7.276e-04
  [Adam  Re= 56.0] ep= 1400  L=9.271e-02  PDE=8.028e-02  BC=5.121e-04  IC=7.169e-04
  [Adam  Re= 56.0] ep= 1600  L=6.137e-02  PDE=4.939e-02  BC=5.033e-04  IC=6.819e-04
  [Adam  Re= 56.0] ep= 1800  L=4.912e-02  PDE=3.612e-02  BC=5.396e-04  IC=7.457e-04
  [Adam  Re= 56.0] ep= 2000  L=4.674e-02  PDE=3.569e-02  BC=4.635e-04  IC=6.293e-04
  [Adam  Re= 56.0] ep= 2200  L=5.052e-02  PDE=3.920e-02  BC=4.630e-04  IC=6.566e-04
  [Adam  Re= 56.0] ep= 2400  L=4.409e-02  PDE=3.291e-02  BC=4.573e-04  IC=6.486e-04
  [Adam  Re= 56.0] ep= 2600  L=7.363e-02  PDE=6.309e-02  BC=4.544e-04  IC=5.866e-04
  [Adam  Re= 56.0] ep= 2800  L=5.386e-02  PDE=4.253e-02  BC=4.729e-04  IC=6.479e-04
  [Phase 2] Custom BFGS (BFGS, max 1000 iters)
  [BFGS Re= 56.0] call=  100  L=2.453e-02
  [BFGS Re= 56.0] call=  200  L=4.277e-02
  [BFGS] converged after 216 calls.
Saved: checkpoints/pinn_Re56.pt

======================================================================
Training Re=57
======================================================================
  [Phase 1] Adam  (3000 steps)
  [Adam  Re= 57.0] ep=    0  L=1.267e-02  PDE=2.387e-03  BC=3.389e-04  IC=6.620e-04
  [Adam  Re= 57.0] ep=  200  L=1.746e-01  PDE=1.718e-01  BC=1.044e-04  IC=1.581e-04
  [Adam  Re= 57.0] ep=  400  L=2.995e-02  PDE=2.162e-02  BC=3.480e-04  IC=4.684e-04
  [Adam  Re= 57.0] ep=  600  L=3.286e-02  PDE=2.734e-02  BC=2.386e-04  IC=3.039e-04
  [Adam  Re= 57.0] ep=  800  L=4.143e-02  PDE=3.531e-02  BC=2.416e-04  IC=3.575e-04
  [Adam  Re= 57.0] ep= 1000  L=3.316e-02  PDE=2.673e-02  BC=2.938e-04  IC=3.388e-04
  [Adam  Re= 57.0] ep= 1200  L=7.443e-02  PDE=6.928e-02  BC=2.004e-04  IC=3.003e-04
  [Adam  Re= 57.0] ep= 1400  L=5.917e-02  PDE=5.260e-02  BC=2.944e-04  IC=3.502e-04
  [Adam  Re= 57.0] ep= 1600  L=2.511e-02  PDE=1.987e-02  BC=2.275e-04  IC=2.850e-04
  [Adam  Re= 57.0] ep= 1800  L=5.125e-02  PDE=4.671e-02  BC=2.049e-04  IC=2.398e-04
  [Adam  Re= 57.0] ep= 2000  L=3.500e-02  PDE=3.038e-02  BC=1.884e-04  IC=2.622e-04
  [Adam  Re= 57.0] ep= 2200  L=6.423e-02  PDE=5.816e-02  BC=3.719e-04  IC=2.235e-04
  [Adam  Re= 57.0] ep= 2400  L=5.088e-02  PDE=4.672e-02  BC=1.733e-04  IC=2.322e-04
  [Adam  Re= 57.0] ep= 2600  L=6.481e-02  PDE=5.650e-02  BC=5.924e-04  IC=2.270e-04
  [Adam  Re= 57.0] ep= 2800  L=3.710e-02  PDE=3.232e-02  BC=1.981e-04  IC=2.668e-04
  [Phase 2] Custom BFGS (BFGS, max 1000 iters)
  [BFGS Re= 57.0] call=  100  L=2.258e-02
  [BFGS Re= 57.0] call=  200  L=2.711e-02
  [BFGS] converged after 216 calls.
Saved: checkpoints/pinn_Re57.pt

======================================================================
Training Re=58
======================================================================
  [Phase 1] Adam  (3000 steps)
  [Adam  Re= 58.0] ep=    0  L=2.264e-02  PDE=2.448e-03  BC=1.209e-03  IC=7.705e-04
  [Adam  Re= 58.0] ep=  200  L=3.969e-01  PDE=3.921e-01  BC=2.370e-04  IC=2.336e-04
  [Adam  Re= 58.0] ep=  400  L=4.194e-02  PDE=2.792e-02  BC=5.974e-04  IC=7.865e-04
  [Adam  Re= 58.0] ep=  600  L=1.130e-01  PDE=1.053e-01  BC=3.465e-04  IC=4.052e-04
  [Adam  Re= 58.0] ep=  800  L=3.629e-02  PDE=2.346e-02  BC=5.388e-04  IC=7.256e-04
  [Adam  Re= 58.0] ep= 1000  L=1.372e-01  PDE=1.292e-01  BC=4.413e-04  IC=3.442e-04
  [Adam  Re= 58.0] ep= 1200  L=4.564e-02  PDE=3.334e-02  BC=5.562e-04  IC=6.571e-04
  [Adam  Re= 58.0] ep= 1400  L=6.049e-02  PDE=5.301e-02  BC=3.207e-04  IC=4.133e-04
  [Adam  Re= 58.0] ep= 1600  L=3.552e-02  PDE=2.392e-02  BC=5.034e-04  IC=6.404e-04
  [Adam  Re= 58.0] ep= 1800  L=5.955e-02  PDE=5.242e-02  BC=3.207e-04  IC=3.766e-04
  [Adam  Re= 58.0] ep= 2000  L=3.623e-02  PDE=2.655e-02  BC=4.291e-04  IC=5.247e-04
  [Adam  Re= 58.0] ep= 2200  L=8.769e-02  PDE=8.030e-02  BC=3.292e-04  IC=3.970e-04
  [Adam  Re= 58.0] ep= 2400  L=3.402e-02  PDE=2.300e-02  BC=4.935e-04  IC=5.930e-04
  [Adam  Re= 58.0] ep= 2600  L=5.015e-02  PDE=4.248e-02  BC=3.484e-04  IC=4.047e-04
  [Adam  Re= 58.0] ep= 2800  L=3.991e-02  PDE=3.097e-02  BC=4.077e-04  IC=4.714e-04
  [Phase 2] Custom BFGS (BFGS, max 1000 iters)
  [BFGS Re= 58.0] call=  100  L=2.536e-02
  [BFGS Re= 58.0] call=  200  L=5.763e-02
  [BFGS] converged after 215 calls.
Saved: checkpoints/pinn_Re58.pt

======================================================================
Training Re=59
======================================================================
  [Phase 1] Adam  (3000 steps)
  [Adam  Re= 59.0] ep=    0  L=1.529e-02  PDE=1.971e-03  BC=7.930e-04  IC=4.864e-04
  [Adam  Re= 59.0] ep=  200  L=1.478e-01  PDE=1.457e-01  BC=9.382e-05  IC=1.012e-04
  [Adam  Re= 59.0] ep=  400  L=3.868e-02  PDE=2.964e-02  BC=3.599e-04  IC=5.236e-04
  [Adam  Re= 59.0] ep=  600  L=5.003e-02  PDE=4.467e-02  BC=2.142e-04  IC=3.054e-04
  [Adam  Re= 59.0] ep=  800  L=3.877e-02  PDE=3.268e-02  BC=2.770e-04  IC=3.129e-04
  [Adam  Re= 59.0] ep= 1000  L=5.041e-02  PDE=4.535e-02  BC=2.178e-04  IC=2.766e-04
  [Adam  Re= 59.0] ep= 1200  L=8.485e-02  PDE=8.052e-02  BC=1.865e-04  IC=2.258e-04
  [Adam  Re= 59.0] ep= 1400  L=5.108e-02  PDE=4.593e-02  BC=2.127e-04  IC=2.897e-04
  [Adam  Re= 59.0] ep= 1600  L=4.399e-02  PDE=3.950e-02  BC=1.920e-04  IC=2.408e-04
  [Adam  Re= 59.0] ep= 1800  L=4.280e-02  PDE=3.857e-02  BC=1.673e-04  IC=2.428e-04
  [Adam  Re= 59.0] ep= 2000  L=4.538e-02  PDE=4.183e-02  BC=1.502e-04  IC=1.896e-04
  [Adam  Re= 59.0] ep= 2200  L=5.654e-02  PDE=5.277e-02  BC=1.549e-04  IC=2.091e-04
  [Adam  Re= 59.0] ep= 2400  L=5.198e-02  PDE=4.814e-02  BC=1.619e-04  IC=2.088e-04
  [Adam  Re= 59.0] ep= 2600  L=6.951e-02  PDE=6.502e-02  BC=2.103e-04  IC=2.274e-04
  [Adam  Re= 59.0] ep= 2800  L=4.737e-02  PDE=4.300e-02  BC=1.746e-04  IC=2.498e-04
  [Phase 2] Custom BFGS (BFGS, max 1000 iters)
  [BFGS Re= 59.0] call=  100  L=1.665e-02
  [BFGS Re= 59.0] call=  200  L=3.043e-02
  [BFGS] converged after 216 calls.
Saved: checkpoints/pinn_Re59.pt

======================================================================
Training Re=60
======================================================================
  [Re=60 override] stronger data-supervised setting enabled
  [Phase 1] Adam  (5000 steps)  + data supervision (51 snapshots)
  [Adam  Re= 60.0] ep=    0  L=6.869e-01  PDE=2.053e-03  BC=2.202e-03  IC=2.215e-04  DATA=1.321e-01
  [Adam  Re= 60.0] ep=  200  L=3.944e-01  PDE=1.648e-01  BC=3.564e-03  IC=5.329e-04  DATA=3.768e-02
  [Adam  Re= 60.0] ep=  400  L=2.935e-01  PDE=4.785e-02  BC=3.792e-03  IC=5.171e-04  DATA=4.046e-02
  [Adam  Re= 60.0] ep=  600  L=3.122e-01  PDE=9.001e-02  BC=3.095e-03  IC=5.030e-04  DATA=3.719e-02
  [Adam  Re= 60.0] ep=  800  L=3.546e-01  PDE=1.499e-01  BC=3.080e-03  IC=4.155e-04  DATA=3.389e-02
  [Adam  Re= 60.0] ep= 1000  L=4.298e-01  PDE=2.390e-01  BC=2.751e-03  IC=4.939e-04  DATA=3.162e-02
  [Adam  Re= 60.0] ep= 1200  L=5.799e-01  PDE=4.021e-01  BC=2.666e-03  IC=4.525e-04  DATA=2.926e-02
  [Adam  Re= 60.0] ep= 1400  L=6.523e-01  PDE=4.759e-01  BC=2.313e-03  IC=4.147e-04  DATA=2.977e-02
  [Adam  Re= 60.0] ep= 1600  L=7.261e-01  PDE=5.600e-01  BC=2.394e-03  IC=3.986e-04  DATA=2.758e-02
  [Adam  Re= 60.0] ep= 1800  L=7.216e-01  PDE=5.533e-01  BC=2.137e-03  IC=3.929e-04  DATA=2.856e-02
  [Adam  Re= 60.0] ep= 2000  L=8.242e-01  PDE=6.536e-01  BC=2.890e-03  IC=3.748e-04  DATA=2.755e-02
  [Adam  Re= 60.0] ep= 2200  L=7.919e-01  PDE=6.277e-01  BC=2.210e-03  IC=3.931e-04  DATA=2.760e-02
  [Adam  Re= 60.0] ep= 2400  L=8.018e-01  PDE=6.484e-01  BC=2.017e-03  IC=3.798e-04  DATA=2.583e-02
  [Adam  Re= 60.0] ep= 2600  L=7.748e-01  PDE=6.167e-01  BC=2.087e-03  IC=3.574e-04  DATA=2.669e-02
  [Adam  Re= 60.0] ep= 2800  L=7.549e-01  PDE=6.037e-01  BC=1.965e-03  IC=3.757e-04  DATA=2.550e-02
  [Adam  Re= 60.0] ep= 3000  L=7.721e-01  PDE=6.125e-01  BC=2.077e-03  IC=3.700e-04  DATA=2.700e-02
  [Adam  Re= 60.0] ep= 3200  L=7.468e-01  PDE=5.979e-01  BC=1.962e-03  IC=3.781e-04  DATA=2.504e-02
  [Adam  Re= 60.0] ep= 3400  L=7.722e-01  PDE=6.160e-01  BC=2.012e-03  IC=3.606e-04  DATA=2.647e-02
  [Adam  Re= 60.0] ep= 3600  L=7.613e-01  PDE=6.104e-01  BC=2.040e-03  IC=3.829e-04  DATA=2.527e-02
  [Adam  Re= 60.0] ep= 3800  L=7.408e-01  PDE=5.869e-01  BC=1.958e-03  IC=3.564e-04  DATA=2.612e-02
  [Adam  Re= 60.0] ep= 4000  L=7.305e-01  PDE=5.721e-01  BC=2.573e-03  IC=3.555e-04  DATA=2.577e-02
  [Adam  Re= 60.0] ep= 4200  L=6.564e-01  PDE=5.048e-01  BC=1.920e-03  IC=3.484e-04  DATA=2.574e-02
  [Adam  Re= 60.0] ep= 4400  L=6.644e-01  PDE=5.184e-01  BC=1.909e-03  IC=3.890e-04  DATA=2.456e-02
  [Adam  Re= 60.0] ep= 4600  L=6.709e-01  PDE=5.158e-01  BC=1.765e-03  IC=3.702e-04  DATA=2.671e-02
  [Adam  Re= 60.0] ep= 4800  L=7.258e-01  PDE=5.705e-01  BC=2.563e-03  IC=3.802e-04  DATA=2.510e-02
  [Phase 2] Custom BFGS (BFGS, max 1000 iters)
  [BFGS] converged after 33 calls.
Saved: checkpoints/pinn_Re60.pt

[viz] Generating vortex shedding visualisation …
  Plotting t=80.00s ...
Traceback (most recent call last):
  File "/oscar/home/jchen790/cylinder flow lab/cfp.py", line 1199, in <module>
    continuation_scan(
  File "/oscar/home/jchen790/cylinder flow lab/cfp.py", line 1139, in continuation_scan
    visualize_vortex_shedding(
  File "/oscar/home/jchen790/cylinder flow lab/cfp.py", line 905, in visualize_vortex_shedding
    Xi_p, Yi_p, Up, Vp, Op = _vorticity_from_pinn(
  File "/oscar/home/jchen790/cylinder flow lab/cfp.py", line 819, in _vorticity_from_pinn
    dudy = torch.autograd.grad(u.sum(), xyt, create_graph=False)[0][:, 1]
  File "/users/jchen790/.local/lib/python3.9/site-packages/torch/autograd/__init__.py", line 503, in grad
    result = _engine_run_backward(
  File "/users/jchen790/.local/lib/python3.9/site-packages/torch/autograd/graph.py", line 829, in _engine_run_backward
    return Variable._execution_engine.run_backward(  # Calls into the C++ engine to run the backward pass
RuntimeError: Trying to backward through the graph a second time (or directly access saved tensors after they have already been freed). Saved intermediate values of the graph are freed when you call .backward() or autograd.grad(). Specify retain_graph=True if you need to backward through the graph a second time or if you need to access saved tensors after calling backward.
